[2025-11-15T19:46:13.324+0000] {processor.py:161} INFO - Started process (PID=165) to work on /opt/airflow/dags/ejemplo1.py
[2025-11-15T19:46:13.325+0000] {processor.py:830} INFO - Processing file /opt/airflow/dags/ejemplo1.py for tasks to queue
[2025-11-15T19:46:13.326+0000] {logging_mixin.py:188} INFO - [2025-11-15T19:46:13.326+0000] {dagbag.py:545} INFO - Filling up the DagBag from /opt/airflow/dags/ejemplo1.py
[2025-11-15T19:46:13.329+0000] {logging_mixin.py:188} INFO - [2025-11-15T19:46:13.328+0000] {dagbag.py:355} ERROR - Failed to import: /opt/airflow/dags/ejemplo1.py
Traceback (most recent call last):
  File "/home/airflow/.local/lib/python3.12/site-packages/airflow/models/dagbag.py", line 351, in parse
    loader.exec_module(new_module)
  File "<frozen importlib._bootstrap_external>", line 991, in exec_module
  File "<frozen importlib._bootstrap_external>", line 1129, in get_code
  File "<frozen importlib._bootstrap_external>", line 1059, in source_to_code
  File "<frozen importlib._bootstrap>", line 488, in _call_with_frames_removed
  File "/opt/airflow/dags/ejemplo1.py", line 12
    with DAG(
            ^
SyntaxError: '(' was never closed
[2025-11-15T19:46:13.330+0000] {processor.py:842} WARNING - No viable dags retrieved from /opt/airflow/dags/ejemplo1.py
[2025-11-15T19:46:13.345+0000] {processor.py:183} INFO - Processing /opt/airflow/dags/ejemplo1.py took 0.025 seconds
[2025-11-15T19:46:43.436+0000] {processor.py:161} INFO - Started process (PID=170) to work on /opt/airflow/dags/ejemplo1.py
[2025-11-15T19:46:43.436+0000] {processor.py:830} INFO - Processing file /opt/airflow/dags/ejemplo1.py for tasks to queue
[2025-11-15T19:46:43.437+0000] {logging_mixin.py:188} INFO - [2025-11-15T19:46:43.437+0000] {dagbag.py:545} INFO - Filling up the DagBag from /opt/airflow/dags/ejemplo1.py
[2025-11-15T19:46:43.439+0000] {logging_mixin.py:188} INFO - [2025-11-15T19:46:43.438+0000] {dagbag.py:355} ERROR - Failed to import: /opt/airflow/dags/ejemplo1.py
Traceback (most recent call last):
  File "/home/airflow/.local/lib/python3.12/site-packages/airflow/models/dagbag.py", line 351, in parse
    loader.exec_module(new_module)
  File "<frozen importlib._bootstrap_external>", line 991, in exec_module
  File "<frozen importlib._bootstrap_external>", line 1129, in get_code
  File "<frozen importlib._bootstrap_external>", line 1059, in source_to_code
  File "<frozen importlib._bootstrap>", line 488, in _call_with_frames_removed
  File "/opt/airflow/dags/ejemplo1.py", line 12
    with DAG(
            ^
SyntaxError: '(' was never closed
[2025-11-15T19:46:43.439+0000] {processor.py:842} WARNING - No viable dags retrieved from /opt/airflow/dags/ejemplo1.py
[2025-11-15T19:46:43.451+0000] {processor.py:183} INFO - Processing /opt/airflow/dags/ejemplo1.py took 0.018 seconds
[2025-11-15T19:47:07.506+0000] {processor.py:161} INFO - Started process (PID=175) to work on /opt/airflow/dags/ejemplo1.py
[2025-11-15T19:47:07.506+0000] {processor.py:830} INFO - Processing file /opt/airflow/dags/ejemplo1.py for tasks to queue
[2025-11-15T19:47:07.507+0000] {logging_mixin.py:188} INFO - [2025-11-15T19:47:07.507+0000] {dagbag.py:545} INFO - Filling up the DagBag from /opt/airflow/dags/ejemplo1.py
[2025-11-15T19:47:07.509+0000] {logging_mixin.py:188} INFO - [2025-11-15T19:47:07.508+0000] {dagbag.py:355} ERROR - Failed to import: /opt/airflow/dags/ejemplo1.py
Traceback (most recent call last):
  File "/home/airflow/.local/lib/python3.12/site-packages/airflow/models/dagbag.py", line 351, in parse
    loader.exec_module(new_module)
  File "<frozen importlib._bootstrap_external>", line 991, in exec_module
  File "<frozen importlib._bootstrap_external>", line 1129, in get_code
  File "<frozen importlib._bootstrap_external>", line 1059, in source_to_code
  File "<frozen importlib._bootstrap>", line 488, in _call_with_frames_removed
  File "/opt/airflow/dags/ejemplo1.py", line 13
    dag_id='ejemplo_DAG'                                    
           ^^^^^
SyntaxError: invalid syntax. Perhaps you forgot a comma?
[2025-11-15T19:47:07.509+0000] {processor.py:842} WARNING - No viable dags retrieved from /opt/airflow/dags/ejemplo1.py
[2025-11-15T19:47:07.523+0000] {processor.py:183} INFO - Processing /opt/airflow/dags/ejemplo1.py took 0.020 seconds
[2025-11-15T19:47:37.612+0000] {processor.py:161} INFO - Started process (PID=180) to work on /opt/airflow/dags/ejemplo1.py
[2025-11-15T19:47:37.613+0000] {processor.py:830} INFO - Processing file /opt/airflow/dags/ejemplo1.py for tasks to queue
[2025-11-15T19:47:37.614+0000] {logging_mixin.py:188} INFO - [2025-11-15T19:47:37.614+0000] {dagbag.py:545} INFO - Filling up the DagBag from /opt/airflow/dags/ejemplo1.py
[2025-11-15T19:47:37.616+0000] {logging_mixin.py:188} INFO - [2025-11-15T19:47:37.615+0000] {dagbag.py:355} ERROR - Failed to import: /opt/airflow/dags/ejemplo1.py
Traceback (most recent call last):
  File "/home/airflow/.local/lib/python3.12/site-packages/airflow/models/dagbag.py", line 351, in parse
    loader.exec_module(new_module)
  File "<frozen importlib._bootstrap_external>", line 991, in exec_module
  File "<frozen importlib._bootstrap_external>", line 1129, in get_code
  File "<frozen importlib._bootstrap_external>", line 1059, in source_to_code
  File "<frozen importlib._bootstrap>", line 488, in _call_with_frames_removed
  File "/opt/airflow/dags/ejemplo1.py", line 13
    dag_id='ejemplo_DAG'                                    
           ^^^^^
SyntaxError: invalid syntax. Perhaps you forgot a comma?
[2025-11-15T19:47:37.616+0000] {processor.py:842} WARNING - No viable dags retrieved from /opt/airflow/dags/ejemplo1.py
[2025-11-15T19:47:37.628+0000] {processor.py:183} INFO - Processing /opt/airflow/dags/ejemplo1.py took 0.018 seconds
[2025-11-15T19:48:07.697+0000] {processor.py:161} INFO - Started process (PID=185) to work on /opt/airflow/dags/ejemplo1.py
[2025-11-15T19:48:07.698+0000] {processor.py:830} INFO - Processing file /opt/airflow/dags/ejemplo1.py for tasks to queue
[2025-11-15T19:48:07.698+0000] {logging_mixin.py:188} INFO - [2025-11-15T19:48:07.698+0000] {dagbag.py:545} INFO - Filling up the DagBag from /opt/airflow/dags/ejemplo1.py
[2025-11-15T19:48:07.700+0000] {logging_mixin.py:188} INFO - [2025-11-15T19:48:07.699+0000] {dagbag.py:355} ERROR - Failed to import: /opt/airflow/dags/ejemplo1.py
Traceback (most recent call last):
  File "/home/airflow/.local/lib/python3.12/site-packages/airflow/models/dagbag.py", line 351, in parse
    loader.exec_module(new_module)
  File "<frozen importlib._bootstrap_external>", line 991, in exec_module
  File "<frozen importlib._bootstrap_external>", line 1129, in get_code
  File "<frozen importlib._bootstrap_external>", line 1059, in source_to_code
  File "<frozen importlib._bootstrap>", line 488, in _call_with_frames_removed
  File "/opt/airflow/dags/ejemplo1.py", line 13
    dag_id='ejemplo_DAG'                                    
           ^^^^^
SyntaxError: invalid syntax. Perhaps you forgot a comma?
[2025-11-15T19:48:07.700+0000] {processor.py:842} WARNING - No viable dags retrieved from /opt/airflow/dags/ejemplo1.py
[2025-11-15T19:48:07.714+0000] {processor.py:183} INFO - Processing /opt/airflow/dags/ejemplo1.py took 0.020 seconds
[2025-11-15T19:48:37.808+0000] {processor.py:161} INFO - Started process (PID=190) to work on /opt/airflow/dags/ejemplo1.py
[2025-11-15T19:48:37.810+0000] {processor.py:830} INFO - Processing file /opt/airflow/dags/ejemplo1.py for tasks to queue
[2025-11-15T19:48:37.812+0000] {logging_mixin.py:188} INFO - [2025-11-15T19:48:37.811+0000] {dagbag.py:545} INFO - Filling up the DagBag from /opt/airflow/dags/ejemplo1.py
[2025-11-15T19:48:37.815+0000] {logging_mixin.py:188} INFO - [2025-11-15T19:48:37.814+0000] {dagbag.py:355} ERROR - Failed to import: /opt/airflow/dags/ejemplo1.py
Traceback (most recent call last):
  File "/home/airflow/.local/lib/python3.12/site-packages/airflow/models/dagbag.py", line 351, in parse
    loader.exec_module(new_module)
  File "<frozen importlib._bootstrap_external>", line 991, in exec_module
  File "<frozen importlib._bootstrap_external>", line 1129, in get_code
  File "<frozen importlib._bootstrap_external>", line 1059, in source_to_code
  File "<frozen importlib._bootstrap>", line 488, in _call_with_frames_removed
  File "/opt/airflow/dags/ejemplo1.py", line 13
    dag_id='ejemplo_DAG'                                    
           ^^^^^
SyntaxError: invalid syntax. Perhaps you forgot a comma?
[2025-11-15T19:48:37.816+0000] {processor.py:842} WARNING - No viable dags retrieved from /opt/airflow/dags/ejemplo1.py
[2025-11-15T19:48:37.835+0000] {processor.py:183} INFO - Processing /opt/airflow/dags/ejemplo1.py took 0.032 seconds
[2025-11-15T19:49:07.922+0000] {processor.py:161} INFO - Started process (PID=195) to work on /opt/airflow/dags/ejemplo1.py
[2025-11-15T19:49:07.923+0000] {processor.py:830} INFO - Processing file /opt/airflow/dags/ejemplo1.py for tasks to queue
[2025-11-15T19:49:07.925+0000] {logging_mixin.py:188} INFO - [2025-11-15T19:49:07.925+0000] {dagbag.py:545} INFO - Filling up the DagBag from /opt/airflow/dags/ejemplo1.py
[2025-11-15T19:49:07.929+0000] {logging_mixin.py:188} INFO - [2025-11-15T19:49:07.928+0000] {dagbag.py:355} ERROR - Failed to import: /opt/airflow/dags/ejemplo1.py
Traceback (most recent call last):
  File "/home/airflow/.local/lib/python3.12/site-packages/airflow/models/dagbag.py", line 351, in parse
    loader.exec_module(new_module)
  File "<frozen importlib._bootstrap_external>", line 991, in exec_module
  File "<frozen importlib._bootstrap_external>", line 1129, in get_code
  File "<frozen importlib._bootstrap_external>", line 1059, in source_to_code
  File "<frozen importlib._bootstrap>", line 488, in _call_with_frames_removed
  File "/opt/airflow/dags/ejemplo1.py", line 13
    dag_id='ejemplo_DAG'                                    
           ^^^^^
SyntaxError: invalid syntax. Perhaps you forgot a comma?
[2025-11-15T19:49:07.930+0000] {processor.py:842} WARNING - No viable dags retrieved from /opt/airflow/dags/ejemplo1.py
[2025-11-15T19:49:07.956+0000] {processor.py:183} INFO - Processing /opt/airflow/dags/ejemplo1.py took 0.045 seconds
[2025-11-15T19:49:38.041+0000] {processor.py:161} INFO - Started process (PID=200) to work on /opt/airflow/dags/ejemplo1.py
[2025-11-15T19:49:38.041+0000] {processor.py:830} INFO - Processing file /opt/airflow/dags/ejemplo1.py for tasks to queue
[2025-11-15T19:49:38.043+0000] {logging_mixin.py:188} INFO - [2025-11-15T19:49:38.042+0000] {dagbag.py:545} INFO - Filling up the DagBag from /opt/airflow/dags/ejemplo1.py
[2025-11-15T19:49:38.045+0000] {logging_mixin.py:188} INFO - [2025-11-15T19:49:38.044+0000] {dagbag.py:355} ERROR - Failed to import: /opt/airflow/dags/ejemplo1.py
Traceback (most recent call last):
  File "/home/airflow/.local/lib/python3.12/site-packages/airflow/models/dagbag.py", line 351, in parse
    loader.exec_module(new_module)
  File "<frozen importlib._bootstrap_external>", line 991, in exec_module
  File "<frozen importlib._bootstrap_external>", line 1129, in get_code
  File "<frozen importlib._bootstrap_external>", line 1059, in source_to_code
  File "<frozen importlib._bootstrap>", line 488, in _call_with_frames_removed
  File "/opt/airflow/dags/ejemplo1.py", line 13
    dag_id='ejemplo_DAG'                                    
           ^^^^^
SyntaxError: invalid syntax. Perhaps you forgot a comma?
[2025-11-15T19:49:38.045+0000] {processor.py:842} WARNING - No viable dags retrieved from /opt/airflow/dags/ejemplo1.py
[2025-11-15T19:49:38.061+0000] {processor.py:183} INFO - Processing /opt/airflow/dags/ejemplo1.py took 0.026 seconds
[2025-11-15T19:50:08.160+0000] {processor.py:161} INFO - Started process (PID=205) to work on /opt/airflow/dags/ejemplo1.py
[2025-11-15T19:50:08.160+0000] {processor.py:830} INFO - Processing file /opt/airflow/dags/ejemplo1.py for tasks to queue
[2025-11-15T19:50:08.162+0000] {logging_mixin.py:188} INFO - [2025-11-15T19:50:08.161+0000] {dagbag.py:545} INFO - Filling up the DagBag from /opt/airflow/dags/ejemplo1.py
[2025-11-15T19:50:08.164+0000] {logging_mixin.py:188} INFO - [2025-11-15T19:50:08.163+0000] {dagbag.py:355} ERROR - Failed to import: /opt/airflow/dags/ejemplo1.py
Traceback (most recent call last):
  File "/home/airflow/.local/lib/python3.12/site-packages/airflow/models/dagbag.py", line 351, in parse
    loader.exec_module(new_module)
  File "<frozen importlib._bootstrap_external>", line 991, in exec_module
  File "<frozen importlib._bootstrap_external>", line 1129, in get_code
  File "<frozen importlib._bootstrap_external>", line 1059, in source_to_code
  File "<frozen importlib._bootstrap>", line 488, in _call_with_frames_removed
  File "/opt/airflow/dags/ejemplo1.py", line 13
    dag_id='ejemplo_DAG'                                    
           ^^^^^
SyntaxError: invalid syntax. Perhaps you forgot a comma?
[2025-11-15T19:50:08.164+0000] {processor.py:842} WARNING - No viable dags retrieved from /opt/airflow/dags/ejemplo1.py
[2025-11-15T19:50:08.179+0000] {processor.py:183} INFO - Processing /opt/airflow/dags/ejemplo1.py took 0.024 seconds
[2025-11-15T19:50:38.269+0000] {processor.py:161} INFO - Started process (PID=210) to work on /opt/airflow/dags/ejemplo1.py
[2025-11-15T19:50:38.269+0000] {processor.py:830} INFO - Processing file /opt/airflow/dags/ejemplo1.py for tasks to queue
[2025-11-15T19:50:38.270+0000] {logging_mixin.py:188} INFO - [2025-11-15T19:50:38.270+0000] {dagbag.py:545} INFO - Filling up the DagBag from /opt/airflow/dags/ejemplo1.py
[2025-11-15T19:50:38.273+0000] {logging_mixin.py:188} INFO - [2025-11-15T19:50:38.273+0000] {dagbag.py:355} ERROR - Failed to import: /opt/airflow/dags/ejemplo1.py
Traceback (most recent call last):
  File "/home/airflow/.local/lib/python3.12/site-packages/airflow/models/dagbag.py", line 351, in parse
    loader.exec_module(new_module)
  File "<frozen importlib._bootstrap_external>", line 991, in exec_module
  File "<frozen importlib._bootstrap_external>", line 1129, in get_code
  File "<frozen importlib._bootstrap_external>", line 1059, in source_to_code
  File "<frozen importlib._bootstrap>", line 488, in _call_with_frames_removed
  File "/opt/airflow/dags/ejemplo1.py", line 13
    dag_id='ejemplo_DAG'                                    
           ^^^^^
SyntaxError: invalid syntax. Perhaps you forgot a comma?
[2025-11-15T19:50:38.274+0000] {processor.py:842} WARNING - No viable dags retrieved from /opt/airflow/dags/ejemplo1.py
[2025-11-15T19:50:38.290+0000] {processor.py:183} INFO - Processing /opt/airflow/dags/ejemplo1.py took 0.028 seconds
[2025-11-15T19:51:08.360+0000] {processor.py:161} INFO - Started process (PID=215) to work on /opt/airflow/dags/ejemplo1.py
[2025-11-15T19:51:08.361+0000] {processor.py:830} INFO - Processing file /opt/airflow/dags/ejemplo1.py for tasks to queue
[2025-11-15T19:51:08.361+0000] {logging_mixin.py:188} INFO - [2025-11-15T19:51:08.361+0000] {dagbag.py:545} INFO - Filling up the DagBag from /opt/airflow/dags/ejemplo1.py
[2025-11-15T19:51:08.363+0000] {logging_mixin.py:188} INFO - [2025-11-15T19:51:08.362+0000] {dagbag.py:355} ERROR - Failed to import: /opt/airflow/dags/ejemplo1.py
Traceback (most recent call last):
  File "/home/airflow/.local/lib/python3.12/site-packages/airflow/models/dagbag.py", line 351, in parse
    loader.exec_module(new_module)
  File "<frozen importlib._bootstrap_external>", line 991, in exec_module
  File "<frozen importlib._bootstrap_external>", line 1129, in get_code
  File "<frozen importlib._bootstrap_external>", line 1059, in source_to_code
  File "<frozen importlib._bootstrap>", line 488, in _call_with_frames_removed
  File "/opt/airflow/dags/ejemplo1.py", line 13
    dag_id='ejemplo_DAG'                                    
           ^^^^^
SyntaxError: invalid syntax. Perhaps you forgot a comma?
[2025-11-15T19:51:08.363+0000] {processor.py:842} WARNING - No viable dags retrieved from /opt/airflow/dags/ejemplo1.py
[2025-11-15T19:51:08.375+0000] {processor.py:183} INFO - Processing /opt/airflow/dags/ejemplo1.py took 0.018 seconds
[2025-11-15T19:51:56.200+0000] {processor.py:161} INFO - Started process (PID=164) to work on /opt/airflow/dags/ejemplo1.py
[2025-11-15T19:51:56.201+0000] {processor.py:830} INFO - Processing file /opt/airflow/dags/ejemplo1.py for tasks to queue
[2025-11-15T19:51:56.202+0000] {logging_mixin.py:188} INFO - [2025-11-15T19:51:56.202+0000] {dagbag.py:545} INFO - Filling up the DagBag from /opt/airflow/dags/ejemplo1.py
[2025-11-15T19:51:56.205+0000] {logging_mixin.py:188} INFO - [2025-11-15T19:51:56.204+0000] {dagbag.py:355} ERROR - Failed to import: /opt/airflow/dags/ejemplo1.py
Traceback (most recent call last):
  File "/home/airflow/.local/lib/python3.12/site-packages/airflow/models/dagbag.py", line 351, in parse
    loader.exec_module(new_module)
  File "<frozen importlib._bootstrap_external>", line 991, in exec_module
  File "<frozen importlib._bootstrap_external>", line 1129, in get_code
  File "<frozen importlib._bootstrap_external>", line 1059, in source_to_code
  File "<frozen importlib._bootstrap>", line 488, in _call_with_frames_removed
  File "/opt/airflow/dags/ejemplo1.py", line 13
    dag_id='ejemplo_DAG'                                    
           ^^^^^
SyntaxError: invalid syntax. Perhaps you forgot a comma?
[2025-11-15T19:51:56.206+0000] {processor.py:842} WARNING - No viable dags retrieved from /opt/airflow/dags/ejemplo1.py
[2025-11-15T19:51:56.221+0000] {processor.py:183} INFO - Processing /opt/airflow/dags/ejemplo1.py took 0.026 seconds
[2025-11-15T19:52:26.314+0000] {processor.py:161} INFO - Started process (PID=170) to work on /opt/airflow/dags/ejemplo1.py
[2025-11-15T19:52:26.315+0000] {processor.py:830} INFO - Processing file /opt/airflow/dags/ejemplo1.py for tasks to queue
[2025-11-15T19:52:26.316+0000] {logging_mixin.py:188} INFO - [2025-11-15T19:52:26.316+0000] {dagbag.py:545} INFO - Filling up the DagBag from /opt/airflow/dags/ejemplo1.py
[2025-11-15T19:52:26.318+0000] {logging_mixin.py:188} INFO - [2025-11-15T19:52:26.317+0000] {dagbag.py:355} ERROR - Failed to import: /opt/airflow/dags/ejemplo1.py
Traceback (most recent call last):
  File "/home/airflow/.local/lib/python3.12/site-packages/airflow/models/dagbag.py", line 351, in parse
    loader.exec_module(new_module)
  File "<frozen importlib._bootstrap_external>", line 991, in exec_module
  File "<frozen importlib._bootstrap_external>", line 1129, in get_code
  File "<frozen importlib._bootstrap_external>", line 1059, in source_to_code
  File "<frozen importlib._bootstrap>", line 488, in _call_with_frames_removed
  File "/opt/airflow/dags/ejemplo1.py", line 13
    dag_id='ejemplo_DAG'                                    
           ^^^^^
SyntaxError: invalid syntax. Perhaps you forgot a comma?
[2025-11-15T19:52:26.319+0000] {processor.py:842} WARNING - No viable dags retrieved from /opt/airflow/dags/ejemplo1.py
[2025-11-15T19:52:26.333+0000] {processor.py:183} INFO - Processing /opt/airflow/dags/ejemplo1.py took 0.021 seconds
[2025-11-15T19:52:37.351+0000] {processor.py:161} INFO - Started process (PID=175) to work on /opt/airflow/dags/ejemplo1.py
[2025-11-15T19:52:37.351+0000] {processor.py:830} INFO - Processing file /opt/airflow/dags/ejemplo1.py for tasks to queue
[2025-11-15T19:52:37.352+0000] {logging_mixin.py:188} INFO - [2025-11-15T19:52:37.352+0000] {dagbag.py:545} INFO - Filling up the DagBag from /opt/airflow/dags/ejemplo1.py
[2025-11-15T19:52:37.354+0000] {logging_mixin.py:188} INFO - [2025-11-15T19:52:37.353+0000] {dagbag.py:355} ERROR - Failed to import: /opt/airflow/dags/ejemplo1.py
Traceback (most recent call last):
  File "/home/airflow/.local/lib/python3.12/site-packages/airflow/models/dagbag.py", line 351, in parse
    loader.exec_module(new_module)
  File "<frozen importlib._bootstrap_external>", line 991, in exec_module
  File "<frozen importlib._bootstrap_external>", line 1129, in get_code
  File "<frozen importlib._bootstrap_external>", line 1059, in source_to_code
  File "<frozen importlib._bootstrap>", line 488, in _call_with_frames_removed
  File "/opt/airflow/dags/ejemplo1.py", line 15
    description='DAG de prueba para verificar funcionamiento de airflow'
                ^^^^^
SyntaxError: invalid syntax. Perhaps you forgot a comma?
[2025-11-15T19:52:37.354+0000] {processor.py:842} WARNING - No viable dags retrieved from /opt/airflow/dags/ejemplo1.py
[2025-11-15T19:52:37.367+0000] {processor.py:183} INFO - Processing /opt/airflow/dags/ejemplo1.py took 0.019 seconds
[2025-11-15T19:52:39.376+0000] {processor.py:161} INFO - Started process (PID=180) to work on /opt/airflow/dags/ejemplo1.py
[2025-11-15T19:52:39.377+0000] {processor.py:830} INFO - Processing file /opt/airflow/dags/ejemplo1.py for tasks to queue
[2025-11-15T19:52:39.378+0000] {logging_mixin.py:188} INFO - [2025-11-15T19:52:39.378+0000] {dagbag.py:545} INFO - Filling up the DagBag from /opt/airflow/dags/ejemplo1.py
[2025-11-15T19:52:39.379+0000] {logging_mixin.py:188} INFO - [2025-11-15T19:52:39.379+0000] {dagbag.py:355} ERROR - Failed to import: /opt/airflow/dags/ejemplo1.py
Traceback (most recent call last):
  File "/home/airflow/.local/lib/python3.12/site-packages/airflow/models/dagbag.py", line 351, in parse
    loader.exec_module(new_module)
  File "<frozen importlib._bootstrap_external>", line 991, in exec_module
  File "<frozen importlib._bootstrap_external>", line 1129, in get_code
  File "<frozen importlib._bootstrap_external>", line 1059, in source_to_code
  File "<frozen importlib._bootstrap>", line 488, in _call_with_frames_removed
  File "/opt/airflow/dags/ejemplo1.py", line 17
    start_date=datetime(2025, 11, 15)
               
SyntaxError: invalid syntax. Perhaps you forgot a comma?
[2025-11-15T19:52:39.380+0000] {processor.py:842} WARNING - No viable dags retrieved from /opt/airflow/dags/ejemplo1.py
[2025-11-15T19:52:39.391+0000] {processor.py:183} INFO - Processing /opt/airflow/dags/ejemplo1.py took 0.018 seconds
[2025-11-15T19:52:41.397+0000] {processor.py:161} INFO - Started process (PID=185) to work on /opt/airflow/dags/ejemplo1.py
[2025-11-15T19:52:41.398+0000] {processor.py:830} INFO - Processing file /opt/airflow/dags/ejemplo1.py for tasks to queue
[2025-11-15T19:52:41.399+0000] {logging_mixin.py:188} INFO - [2025-11-15T19:52:41.398+0000] {dagbag.py:545} INFO - Filling up the DagBag from /opt/airflow/dags/ejemplo1.py
[2025-11-15T19:52:41.414+0000] {processor.py:840} INFO - DAG(s) 'ejemplo_DAG' retrieved from /opt/airflow/dags/ejemplo1.py
[2025-11-15T19:52:41.579+0000] {logging_mixin.py:188} INFO - [2025-11-15T19:52:41.579+0000] {override.py:1829} INFO - Created Permission View: can edit on DAG:ejemplo_DAG
[2025-11-15T19:52:41.585+0000] {logging_mixin.py:188} INFO - [2025-11-15T19:52:41.584+0000] {override.py:1829} INFO - Created Permission View: can delete on DAG:ejemplo_DAG
[2025-11-15T19:52:41.588+0000] {logging_mixin.py:188} INFO - [2025-11-15T19:52:41.588+0000] {override.py:1829} INFO - Created Permission View: can read on DAG:ejemplo_DAG
[2025-11-15T19:52:41.588+0000] {logging_mixin.py:188} INFO - [2025-11-15T19:52:41.588+0000] {dag.py:3096} INFO - Sync 1 DAGs
[2025-11-15T19:52:41.595+0000] {logging_mixin.py:188} INFO - [2025-11-15T19:52:41.595+0000] {dag.py:3118} INFO - Creating ORM DAG for ejemplo_DAG
[2025-11-15T19:52:41.595+0000] {logging_mixin.py:188} INFO - [2025-11-15T19:52:41.595+0000] {dag.py:3954} INFO - Setting next_dagrun for ejemplo_DAG to None, run_after=None
[2025-11-15T19:52:41.604+0000] {processor.py:183} INFO - Processing /opt/airflow/dags/ejemplo1.py took 0.210 seconds
[2025-11-15T19:53:11.695+0000] {processor.py:161} INFO - Started process (PID=193) to work on /opt/airflow/dags/ejemplo1.py
[2025-11-15T19:53:11.696+0000] {processor.py:830} INFO - Processing file /opt/airflow/dags/ejemplo1.py for tasks to queue
[2025-11-15T19:53:11.697+0000] {logging_mixin.py:188} INFO - [2025-11-15T19:53:11.697+0000] {dagbag.py:545} INFO - Filling up the DagBag from /opt/airflow/dags/ejemplo1.py
[2025-11-15T19:53:11.702+0000] {processor.py:840} INFO - DAG(s) 'ejemplo_DAG' retrieved from /opt/airflow/dags/ejemplo1.py
[2025-11-15T19:53:11.719+0000] {logging_mixin.py:188} INFO - [2025-11-15T19:53:11.719+0000] {dag.py:3096} INFO - Sync 1 DAGs
[2025-11-15T19:53:11.728+0000] {logging_mixin.py:188} INFO - [2025-11-15T19:53:11.728+0000] {dag.py:3954} INFO - Setting next_dagrun for ejemplo_DAG to None, run_after=None
[2025-11-15T19:53:11.738+0000] {processor.py:183} INFO - Processing /opt/airflow/dags/ejemplo1.py took 0.047 seconds
[2025-11-15T19:53:41.773+0000] {processor.py:161} INFO - Started process (PID=198) to work on /opt/airflow/dags/ejemplo1.py
[2025-11-15T19:53:41.774+0000] {processor.py:830} INFO - Processing file /opt/airflow/dags/ejemplo1.py for tasks to queue
[2025-11-15T19:53:41.775+0000] {logging_mixin.py:188} INFO - [2025-11-15T19:53:41.774+0000] {dagbag.py:545} INFO - Filling up the DagBag from /opt/airflow/dags/ejemplo1.py
[2025-11-15T19:53:41.780+0000] {processor.py:840} INFO - DAG(s) 'ejemplo_DAG' retrieved from /opt/airflow/dags/ejemplo1.py
[2025-11-15T19:53:41.798+0000] {logging_mixin.py:188} INFO - [2025-11-15T19:53:41.797+0000] {dag.py:3096} INFO - Sync 1 DAGs
[2025-11-15T19:53:41.806+0000] {logging_mixin.py:188} INFO - [2025-11-15T19:53:41.806+0000] {dag.py:3954} INFO - Setting next_dagrun for ejemplo_DAG to None, run_after=None
[2025-11-15T19:53:41.818+0000] {processor.py:183} INFO - Processing /opt/airflow/dags/ejemplo1.py took 0.047 seconds
[2025-11-15T19:54:11.912+0000] {processor.py:161} INFO - Started process (PID=203) to work on /opt/airflow/dags/ejemplo1.py
[2025-11-15T19:54:11.912+0000] {processor.py:830} INFO - Processing file /opt/airflow/dags/ejemplo1.py for tasks to queue
[2025-11-15T19:54:11.914+0000] {logging_mixin.py:188} INFO - [2025-11-15T19:54:11.913+0000] {dagbag.py:545} INFO - Filling up the DagBag from /opt/airflow/dags/ejemplo1.py
[2025-11-15T19:54:11.919+0000] {processor.py:840} INFO - DAG(s) 'ejemplo_DAG' retrieved from /opt/airflow/dags/ejemplo1.py
[2025-11-15T19:54:11.937+0000] {logging_mixin.py:188} INFO - [2025-11-15T19:54:11.936+0000] {dag.py:3096} INFO - Sync 1 DAGs
[2025-11-15T19:54:11.944+0000] {logging_mixin.py:188} INFO - [2025-11-15T19:54:11.944+0000] {dag.py:3954} INFO - Setting next_dagrun for ejemplo_DAG to None, run_after=None
[2025-11-15T19:54:11.957+0000] {processor.py:183} INFO - Processing /opt/airflow/dags/ejemplo1.py took 0.048 seconds
[2025-11-15T19:54:41.999+0000] {processor.py:161} INFO - Started process (PID=208) to work on /opt/airflow/dags/ejemplo1.py
[2025-11-15T19:54:42.000+0000] {processor.py:830} INFO - Processing file /opt/airflow/dags/ejemplo1.py for tasks to queue
[2025-11-15T19:54:42.001+0000] {logging_mixin.py:188} INFO - [2025-11-15T19:54:42.001+0000] {dagbag.py:545} INFO - Filling up the DagBag from /opt/airflow/dags/ejemplo1.py
[2025-11-15T19:54:42.007+0000] {processor.py:840} INFO - DAG(s) 'ejemplo_DAG' retrieved from /opt/airflow/dags/ejemplo1.py
[2025-11-15T19:54:42.026+0000] {logging_mixin.py:188} INFO - [2025-11-15T19:54:42.026+0000] {dag.py:3096} INFO - Sync 1 DAGs
[2025-11-15T19:54:42.036+0000] {logging_mixin.py:188} INFO - [2025-11-15T19:54:42.036+0000] {dag.py:3954} INFO - Setting next_dagrun for ejemplo_DAG to None, run_after=None
[2025-11-15T19:54:42.048+0000] {processor.py:183} INFO - Processing /opt/airflow/dags/ejemplo1.py took 0.053 seconds
[2025-11-15T19:55:12.122+0000] {processor.py:161} INFO - Started process (PID=213) to work on /opt/airflow/dags/ejemplo1.py
[2025-11-15T19:55:12.122+0000] {processor.py:830} INFO - Processing file /opt/airflow/dags/ejemplo1.py for tasks to queue
[2025-11-15T19:55:12.123+0000] {logging_mixin.py:188} INFO - [2025-11-15T19:55:12.123+0000] {dagbag.py:545} INFO - Filling up the DagBag from /opt/airflow/dags/ejemplo1.py
[2025-11-15T19:55:12.128+0000] {processor.py:840} INFO - DAG(s) 'ejemplo_DAG' retrieved from /opt/airflow/dags/ejemplo1.py
[2025-11-15T19:55:12.147+0000] {logging_mixin.py:188} INFO - [2025-11-15T19:55:12.147+0000] {dag.py:3096} INFO - Sync 1 DAGs
[2025-11-15T19:55:12.156+0000] {logging_mixin.py:188} INFO - [2025-11-15T19:55:12.156+0000] {dag.py:3954} INFO - Setting next_dagrun for ejemplo_DAG to None, run_after=None
[2025-11-15T19:55:12.166+0000] {processor.py:183} INFO - Processing /opt/airflow/dags/ejemplo1.py took 0.048 seconds
[2025-11-15T19:55:20.202+0000] {processor.py:161} INFO - Started process (PID=218) to work on /opt/airflow/dags/ejemplo1.py
[2025-11-15T19:55:20.203+0000] {processor.py:830} INFO - Processing file /opt/airflow/dags/ejemplo1.py for tasks to queue
[2025-11-15T19:55:20.204+0000] {logging_mixin.py:188} INFO - [2025-11-15T19:55:20.203+0000] {dagbag.py:545} INFO - Filling up the DagBag from /opt/airflow/dags/ejemplo1.py
[2025-11-15T19:55:20.211+0000] {processor.py:840} INFO - DAG(s) 'ejemplo_DAG' retrieved from /opt/airflow/dags/ejemplo1.py
[2025-11-15T19:55:20.286+0000] {logging_mixin.py:188} INFO - [2025-11-15T19:55:20.286+0000] {dag.py:3096} INFO - Sync 1 DAGs
[2025-11-15T19:55:20.299+0000] {logging_mixin.py:188} INFO - [2025-11-15T19:55:20.299+0000] {dag.py:3954} INFO - Setting next_dagrun for ejemplo_DAG to None, run_after=None
[2025-11-15T19:55:20.319+0000] {processor.py:183} INFO - Processing /opt/airflow/dags/ejemplo1.py took 0.121 seconds
[2025-11-15T19:55:22.345+0000] {processor.py:161} INFO - Started process (PID=223) to work on /opt/airflow/dags/ejemplo1.py
[2025-11-15T19:55:22.346+0000] {processor.py:830} INFO - Processing file /opt/airflow/dags/ejemplo1.py for tasks to queue
[2025-11-15T19:55:22.347+0000] {logging_mixin.py:188} INFO - [2025-11-15T19:55:22.346+0000] {dagbag.py:545} INFO - Filling up the DagBag from /opt/airflow/dags/ejemplo1.py
[2025-11-15T19:55:22.352+0000] {processor.py:840} INFO - DAG(s) 'ejemplo_DAG' retrieved from /opt/airflow/dags/ejemplo1.py
[2025-11-15T19:55:22.361+0000] {logging_mixin.py:188} INFO - [2025-11-15T19:55:22.361+0000] {dag.py:3096} INFO - Sync 1 DAGs
[2025-11-15T19:55:22.370+0000] {logging_mixin.py:188} INFO - [2025-11-15T19:55:22.369+0000] {dag.py:3954} INFO - Setting next_dagrun for ejemplo_DAG to None, run_after=None
[2025-11-15T19:55:22.381+0000] {processor.py:183} INFO - Processing /opt/airflow/dags/ejemplo1.py took 0.039 seconds
[2025-11-15T19:55:25.359+0000] {processor.py:161} INFO - Started process (PID=228) to work on /opt/airflow/dags/ejemplo1.py
[2025-11-15T19:55:25.359+0000] {processor.py:830} INFO - Processing file /opt/airflow/dags/ejemplo1.py for tasks to queue
[2025-11-15T19:55:25.360+0000] {logging_mixin.py:188} INFO - [2025-11-15T19:55:25.360+0000] {dagbag.py:545} INFO - Filling up the DagBag from /opt/airflow/dags/ejemplo1.py
[2025-11-15T19:55:25.367+0000] {processor.py:840} INFO - DAG(s) 'ejemplo_DAG' retrieved from /opt/airflow/dags/ejemplo1.py
[2025-11-15T19:55:25.376+0000] {logging_mixin.py:188} INFO - [2025-11-15T19:55:25.376+0000] {dag.py:3096} INFO - Sync 1 DAGs
[2025-11-15T19:55:25.387+0000] {logging_mixin.py:188} INFO - [2025-11-15T19:55:25.387+0000] {dag.py:3954} INFO - Setting next_dagrun for ejemplo_DAG to None, run_after=None
[2025-11-15T19:55:25.401+0000] {processor.py:183} INFO - Processing /opt/airflow/dags/ejemplo1.py took 0.046 seconds
[2025-11-15T19:56:10.820+0000] {processor.py:161} INFO - Started process (PID=164) to work on /opt/airflow/dags/ejemplo1.py
[2025-11-15T19:56:10.821+0000] {processor.py:830} INFO - Processing file /opt/airflow/dags/ejemplo1.py for tasks to queue
[2025-11-15T19:56:10.822+0000] {logging_mixin.py:188} INFO - [2025-11-15T19:56:10.822+0000] {dagbag.py:545} INFO - Filling up the DagBag from /opt/airflow/dags/ejemplo1.py
[2025-11-15T19:56:10.844+0000] {processor.py:840} INFO - DAG(s) 'ejemplo_DAG' retrieved from /opt/airflow/dags/ejemplo1.py
[2025-11-15T19:56:11.079+0000] {logging_mixin.py:188} INFO - [2025-11-15T19:56:11.079+0000] {dag.py:3096} INFO - Sync 1 DAGs
[2025-11-15T19:56:11.088+0000] {logging_mixin.py:188} INFO - [2025-11-15T19:56:11.088+0000] {dag.py:3954} INFO - Setting next_dagrun for ejemplo_DAG to None, run_after=None
[2025-11-15T19:56:11.102+0000] {processor.py:183} INFO - Processing /opt/airflow/dags/ejemplo1.py took 0.288 seconds
[2025-11-15T19:56:41.197+0000] {processor.py:161} INFO - Started process (PID=170) to work on /opt/airflow/dags/ejemplo1.py
[2025-11-15T19:56:41.198+0000] {processor.py:830} INFO - Processing file /opt/airflow/dags/ejemplo1.py for tasks to queue
[2025-11-15T19:56:41.199+0000] {logging_mixin.py:188} INFO - [2025-11-15T19:56:41.199+0000] {dagbag.py:545} INFO - Filling up the DagBag from /opt/airflow/dags/ejemplo1.py
[2025-11-15T19:56:41.204+0000] {processor.py:840} INFO - DAG(s) 'ejemplo_DAG' retrieved from /opt/airflow/dags/ejemplo1.py
[2025-11-15T19:56:41.214+0000] {logging_mixin.py:188} INFO - [2025-11-15T19:56:41.214+0000] {dag.py:3096} INFO - Sync 1 DAGs
[2025-11-15T19:56:41.221+0000] {logging_mixin.py:188} INFO - [2025-11-15T19:56:41.221+0000] {dag.py:3954} INFO - Setting next_dagrun for ejemplo_DAG to None, run_after=None
[2025-11-15T19:56:41.232+0000] {processor.py:183} INFO - Processing /opt/airflow/dags/ejemplo1.py took 0.038 seconds
[2025-11-15T19:57:11.295+0000] {processor.py:161} INFO - Started process (PID=175) to work on /opt/airflow/dags/ejemplo1.py
[2025-11-15T19:57:11.295+0000] {processor.py:830} INFO - Processing file /opt/airflow/dags/ejemplo1.py for tasks to queue
[2025-11-15T19:57:11.296+0000] {logging_mixin.py:188} INFO - [2025-11-15T19:57:11.296+0000] {dagbag.py:545} INFO - Filling up the DagBag from /opt/airflow/dags/ejemplo1.py
[2025-11-15T19:57:11.301+0000] {processor.py:840} INFO - DAG(s) 'ejemplo_DAG' retrieved from /opt/airflow/dags/ejemplo1.py
[2025-11-15T19:57:11.365+0000] {logging_mixin.py:188} INFO - [2025-11-15T19:57:11.365+0000] {dag.py:3096} INFO - Sync 1 DAGs
[2025-11-15T19:57:11.371+0000] {logging_mixin.py:188} INFO - [2025-11-15T19:57:11.371+0000] {dag.py:3954} INFO - Setting next_dagrun for ejemplo_DAG to None, run_after=None
[2025-11-15T19:57:11.382+0000] {processor.py:183} INFO - Processing /opt/airflow/dags/ejemplo1.py took 0.091 seconds
[2025-11-15T19:57:41.410+0000] {processor.py:161} INFO - Started process (PID=180) to work on /opt/airflow/dags/ejemplo1.py
[2025-11-15T19:57:41.410+0000] {processor.py:830} INFO - Processing file /opt/airflow/dags/ejemplo1.py for tasks to queue
[2025-11-15T19:57:41.411+0000] {logging_mixin.py:188} INFO - [2025-11-15T19:57:41.411+0000] {dagbag.py:545} INFO - Filling up the DagBag from /opt/airflow/dags/ejemplo1.py
[2025-11-15T19:57:41.416+0000] {processor.py:840} INFO - DAG(s) 'ejemplo_DAG' retrieved from /opt/airflow/dags/ejemplo1.py
[2025-11-15T19:57:41.432+0000] {logging_mixin.py:188} INFO - [2025-11-15T19:57:41.432+0000] {dag.py:3096} INFO - Sync 1 DAGs
[2025-11-15T19:57:41.440+0000] {logging_mixin.py:188} INFO - [2025-11-15T19:57:41.440+0000] {dag.py:3954} INFO - Setting next_dagrun for ejemplo_DAG to None, run_after=None
[2025-11-15T19:57:41.450+0000] {processor.py:183} INFO - Processing /opt/airflow/dags/ejemplo1.py took 0.044 seconds
[2025-11-15T19:58:11.511+0000] {processor.py:161} INFO - Started process (PID=188) to work on /opt/airflow/dags/ejemplo1.py
[2025-11-15T19:58:11.511+0000] {processor.py:830} INFO - Processing file /opt/airflow/dags/ejemplo1.py for tasks to queue
[2025-11-15T19:58:11.512+0000] {logging_mixin.py:188} INFO - [2025-11-15T19:58:11.512+0000] {dagbag.py:545} INFO - Filling up the DagBag from /opt/airflow/dags/ejemplo1.py
[2025-11-15T19:58:11.517+0000] {processor.py:840} INFO - DAG(s) 'ejemplo_DAG' retrieved from /opt/airflow/dags/ejemplo1.py
[2025-11-15T19:58:11.534+0000] {logging_mixin.py:188} INFO - [2025-11-15T19:58:11.534+0000] {dag.py:3096} INFO - Sync 1 DAGs
[2025-11-15T19:58:11.542+0000] {logging_mixin.py:188} INFO - [2025-11-15T19:58:11.542+0000] {dag.py:3954} INFO - Setting next_dagrun for ejemplo_DAG to None, run_after=None
[2025-11-15T19:58:11.554+0000] {processor.py:183} INFO - Processing /opt/airflow/dags/ejemplo1.py took 0.046 seconds
[2025-11-15T19:58:41.629+0000] {processor.py:161} INFO - Started process (PID=193) to work on /opt/airflow/dags/ejemplo1.py
[2025-11-15T19:58:41.629+0000] {processor.py:830} INFO - Processing file /opt/airflow/dags/ejemplo1.py for tasks to queue
[2025-11-15T19:58:41.630+0000] {logging_mixin.py:188} INFO - [2025-11-15T19:58:41.630+0000] {dagbag.py:545} INFO - Filling up the DagBag from /opt/airflow/dags/ejemplo1.py
[2025-11-15T19:58:41.635+0000] {processor.py:840} INFO - DAG(s) 'ejemplo_DAG' retrieved from /opt/airflow/dags/ejemplo1.py
[2025-11-15T19:58:41.652+0000] {logging_mixin.py:188} INFO - [2025-11-15T19:58:41.651+0000] {dag.py:3096} INFO - Sync 1 DAGs
[2025-11-15T19:58:41.659+0000] {logging_mixin.py:188} INFO - [2025-11-15T19:58:41.659+0000] {dag.py:3954} INFO - Setting next_dagrun for ejemplo_DAG to None, run_after=None
[2025-11-15T19:58:41.670+0000] {processor.py:183} INFO - Processing /opt/airflow/dags/ejemplo1.py took 0.044 seconds
[2025-11-15T19:59:11.736+0000] {processor.py:161} INFO - Started process (PID=198) to work on /opt/airflow/dags/ejemplo1.py
[2025-11-15T19:59:11.736+0000] {processor.py:830} INFO - Processing file /opt/airflow/dags/ejemplo1.py for tasks to queue
[2025-11-15T19:59:11.737+0000] {logging_mixin.py:188} INFO - [2025-11-15T19:59:11.737+0000] {dagbag.py:545} INFO - Filling up the DagBag from /opt/airflow/dags/ejemplo1.py
[2025-11-15T19:59:11.742+0000] {processor.py:840} INFO - DAG(s) 'ejemplo_DAG' retrieved from /opt/airflow/dags/ejemplo1.py
[2025-11-15T19:59:11.759+0000] {logging_mixin.py:188} INFO - [2025-11-15T19:59:11.759+0000] {dag.py:3096} INFO - Sync 1 DAGs
[2025-11-15T19:59:11.767+0000] {logging_mixin.py:188} INFO - [2025-11-15T19:59:11.767+0000] {dag.py:3954} INFO - Setting next_dagrun for ejemplo_DAG to None, run_after=None
[2025-11-15T19:59:11.778+0000] {processor.py:183} INFO - Processing /opt/airflow/dags/ejemplo1.py took 0.045 seconds
[2025-11-15T19:59:41.850+0000] {processor.py:161} INFO - Started process (PID=206) to work on /opt/airflow/dags/ejemplo1.py
[2025-11-15T19:59:41.850+0000] {processor.py:830} INFO - Processing file /opt/airflow/dags/ejemplo1.py for tasks to queue
[2025-11-15T19:59:41.851+0000] {logging_mixin.py:188} INFO - [2025-11-15T19:59:41.851+0000] {dagbag.py:545} INFO - Filling up the DagBag from /opt/airflow/dags/ejemplo1.py
[2025-11-15T19:59:41.858+0000] {processor.py:840} INFO - DAG(s) 'ejemplo_DAG' retrieved from /opt/airflow/dags/ejemplo1.py
[2025-11-15T19:59:41.880+0000] {logging_mixin.py:188} INFO - [2025-11-15T19:59:41.880+0000] {dag.py:3096} INFO - Sync 1 DAGs
[2025-11-15T19:59:41.889+0000] {logging_mixin.py:188} INFO - [2025-11-15T19:59:41.889+0000] {dag.py:3954} INFO - Setting next_dagrun for ejemplo_DAG to None, run_after=None
[2025-11-15T19:59:41.905+0000] {processor.py:183} INFO - Processing /opt/airflow/dags/ejemplo1.py took 0.060 seconds
[2025-11-15T20:00:11.977+0000] {processor.py:161} INFO - Started process (PID=211) to work on /opt/airflow/dags/ejemplo1.py
[2025-11-15T20:00:11.978+0000] {processor.py:830} INFO - Processing file /opt/airflow/dags/ejemplo1.py for tasks to queue
[2025-11-15T20:00:11.979+0000] {logging_mixin.py:188} INFO - [2025-11-15T20:00:11.979+0000] {dagbag.py:545} INFO - Filling up the DagBag from /opt/airflow/dags/ejemplo1.py
[2025-11-15T20:00:11.985+0000] {processor.py:840} INFO - DAG(s) 'ejemplo_DAG' retrieved from /opt/airflow/dags/ejemplo1.py
[2025-11-15T20:00:12.007+0000] {logging_mixin.py:188} INFO - [2025-11-15T20:00:12.006+0000] {dag.py:3096} INFO - Sync 1 DAGs
[2025-11-15T20:00:12.017+0000] {logging_mixin.py:188} INFO - [2025-11-15T20:00:12.017+0000] {dag.py:3954} INFO - Setting next_dagrun for ejemplo_DAG to None, run_after=None
[2025-11-15T20:00:12.031+0000] {processor.py:183} INFO - Processing /opt/airflow/dags/ejemplo1.py took 0.057 seconds
[2025-11-15T20:00:42.114+0000] {processor.py:161} INFO - Started process (PID=216) to work on /opt/airflow/dags/ejemplo1.py
[2025-11-15T20:00:42.115+0000] {processor.py:830} INFO - Processing file /opt/airflow/dags/ejemplo1.py for tasks to queue
[2025-11-15T20:00:42.116+0000] {logging_mixin.py:188} INFO - [2025-11-15T20:00:42.116+0000] {dagbag.py:545} INFO - Filling up the DagBag from /opt/airflow/dags/ejemplo1.py
[2025-11-15T20:00:42.122+0000] {processor.py:840} INFO - DAG(s) 'ejemplo_DAG' retrieved from /opt/airflow/dags/ejemplo1.py
[2025-11-15T20:00:42.142+0000] {logging_mixin.py:188} INFO - [2025-11-15T20:00:42.142+0000] {dag.py:3096} INFO - Sync 1 DAGs
[2025-11-15T20:00:42.151+0000] {logging_mixin.py:188} INFO - [2025-11-15T20:00:42.151+0000] {dag.py:3954} INFO - Setting next_dagrun for ejemplo_DAG to None, run_after=None
[2025-11-15T20:00:42.163+0000] {processor.py:183} INFO - Processing /opt/airflow/dags/ejemplo1.py took 0.053 seconds
[2025-11-15T20:01:12.258+0000] {processor.py:161} INFO - Started process (PID=221) to work on /opt/airflow/dags/ejemplo1.py
[2025-11-15T20:01:12.258+0000] {processor.py:830} INFO - Processing file /opt/airflow/dags/ejemplo1.py for tasks to queue
[2025-11-15T20:01:12.259+0000] {logging_mixin.py:188} INFO - [2025-11-15T20:01:12.259+0000] {dagbag.py:545} INFO - Filling up the DagBag from /opt/airflow/dags/ejemplo1.py
[2025-11-15T20:01:12.266+0000] {processor.py:840} INFO - DAG(s) 'ejemplo_DAG' retrieved from /opt/airflow/dags/ejemplo1.py
[2025-11-15T20:01:12.286+0000] {logging_mixin.py:188} INFO - [2025-11-15T20:01:12.286+0000] {dag.py:3096} INFO - Sync 1 DAGs
[2025-11-15T20:01:12.295+0000] {logging_mixin.py:188} INFO - [2025-11-15T20:01:12.295+0000] {dag.py:3954} INFO - Setting next_dagrun for ejemplo_DAG to None, run_after=None
[2025-11-15T20:01:12.309+0000] {processor.py:183} INFO - Processing /opt/airflow/dags/ejemplo1.py took 0.056 seconds
[2025-11-15T20:01:42.392+0000] {processor.py:161} INFO - Started process (PID=226) to work on /opt/airflow/dags/ejemplo1.py
[2025-11-15T20:01:42.392+0000] {processor.py:830} INFO - Processing file /opt/airflow/dags/ejemplo1.py for tasks to queue
[2025-11-15T20:01:42.394+0000] {logging_mixin.py:188} INFO - [2025-11-15T20:01:42.393+0000] {dagbag.py:545} INFO - Filling up the DagBag from /opt/airflow/dags/ejemplo1.py
[2025-11-15T20:01:42.406+0000] {processor.py:840} INFO - DAG(s) 'ejemplo_DAG' retrieved from /opt/airflow/dags/ejemplo1.py
[2025-11-15T20:01:42.445+0000] {logging_mixin.py:188} INFO - [2025-11-15T20:01:42.445+0000] {dag.py:3096} INFO - Sync 1 DAGs
[2025-11-15T20:01:42.462+0000] {logging_mixin.py:188} INFO - [2025-11-15T20:01:42.462+0000] {dag.py:3954} INFO - Setting next_dagrun for ejemplo_DAG to None, run_after=None
[2025-11-15T20:01:42.486+0000] {processor.py:183} INFO - Processing /opt/airflow/dags/ejemplo1.py took 0.102 seconds
[2025-11-15T20:02:12.537+0000] {processor.py:161} INFO - Started process (PID=231) to work on /opt/airflow/dags/ejemplo1.py
[2025-11-15T20:02:12.538+0000] {processor.py:830} INFO - Processing file /opt/airflow/dags/ejemplo1.py for tasks to queue
[2025-11-15T20:02:12.539+0000] {logging_mixin.py:188} INFO - [2025-11-15T20:02:12.539+0000] {dagbag.py:545} INFO - Filling up the DagBag from /opt/airflow/dags/ejemplo1.py
[2025-11-15T20:02:12.545+0000] {processor.py:840} INFO - DAG(s) 'ejemplo_DAG' retrieved from /opt/airflow/dags/ejemplo1.py
[2025-11-15T20:02:12.567+0000] {logging_mixin.py:188} INFO - [2025-11-15T20:02:12.567+0000] {dag.py:3096} INFO - Sync 1 DAGs
[2025-11-15T20:02:12.578+0000] {logging_mixin.py:188} INFO - [2025-11-15T20:02:12.578+0000] {dag.py:3954} INFO - Setting next_dagrun for ejemplo_DAG to None, run_after=None
[2025-11-15T20:02:12.592+0000] {processor.py:183} INFO - Processing /opt/airflow/dags/ejemplo1.py took 0.059 seconds
[2025-11-15T20:02:42.719+0000] {processor.py:161} INFO - Started process (PID=236) to work on /opt/airflow/dags/ejemplo1.py
[2025-11-15T20:02:42.720+0000] {processor.py:830} INFO - Processing file /opt/airflow/dags/ejemplo1.py for tasks to queue
[2025-11-15T20:02:42.721+0000] {logging_mixin.py:188} INFO - [2025-11-15T20:02:42.721+0000] {dagbag.py:545} INFO - Filling up the DagBag from /opt/airflow/dags/ejemplo1.py
[2025-11-15T20:02:42.732+0000] {processor.py:840} INFO - DAG(s) 'ejemplo_DAG' retrieved from /opt/airflow/dags/ejemplo1.py
[2025-11-15T20:02:42.771+0000] {logging_mixin.py:188} INFO - [2025-11-15T20:02:42.770+0000] {dag.py:3096} INFO - Sync 1 DAGs
[2025-11-15T20:02:42.780+0000] {logging_mixin.py:188} INFO - [2025-11-15T20:02:42.780+0000] {dag.py:3954} INFO - Setting next_dagrun for ejemplo_DAG to None, run_after=None
[2025-11-15T20:02:42.794+0000] {processor.py:183} INFO - Processing /opt/airflow/dags/ejemplo1.py took 0.081 seconds
[2025-11-15T20:03:12.832+0000] {processor.py:161} INFO - Started process (PID=241) to work on /opt/airflow/dags/ejemplo1.py
[2025-11-15T20:03:12.833+0000] {processor.py:830} INFO - Processing file /opt/airflow/dags/ejemplo1.py for tasks to queue
[2025-11-15T20:03:12.834+0000] {logging_mixin.py:188} INFO - [2025-11-15T20:03:12.834+0000] {dagbag.py:545} INFO - Filling up the DagBag from /opt/airflow/dags/ejemplo1.py
[2025-11-15T20:03:12.840+0000] {processor.py:840} INFO - DAG(s) 'ejemplo_DAG' retrieved from /opt/airflow/dags/ejemplo1.py
[2025-11-15T20:03:12.860+0000] {logging_mixin.py:188} INFO - [2025-11-15T20:03:12.860+0000] {dag.py:3096} INFO - Sync 1 DAGs
[2025-11-15T20:03:12.869+0000] {logging_mixin.py:188} INFO - [2025-11-15T20:03:12.869+0000] {dag.py:3954} INFO - Setting next_dagrun for ejemplo_DAG to None, run_after=None
[2025-11-15T20:03:12.884+0000] {processor.py:183} INFO - Processing /opt/airflow/dags/ejemplo1.py took 0.055 seconds
[2025-11-15T20:03:42.957+0000] {processor.py:161} INFO - Started process (PID=246) to work on /opt/airflow/dags/ejemplo1.py
[2025-11-15T20:03:42.957+0000] {processor.py:830} INFO - Processing file /opt/airflow/dags/ejemplo1.py for tasks to queue
[2025-11-15T20:03:42.958+0000] {logging_mixin.py:188} INFO - [2025-11-15T20:03:42.958+0000] {dagbag.py:545} INFO - Filling up the DagBag from /opt/airflow/dags/ejemplo1.py
[2025-11-15T20:03:42.966+0000] {processor.py:840} INFO - DAG(s) 'ejemplo_DAG' retrieved from /opt/airflow/dags/ejemplo1.py
[2025-11-15T20:03:42.992+0000] {logging_mixin.py:188} INFO - [2025-11-15T20:03:42.991+0000] {dag.py:3096} INFO - Sync 1 DAGs
[2025-11-15T20:03:43.000+0000] {logging_mixin.py:188} INFO - [2025-11-15T20:03:43.000+0000] {dag.py:3954} INFO - Setting next_dagrun for ejemplo_DAG to None, run_after=None
[2025-11-15T20:03:43.014+0000] {processor.py:183} INFO - Processing /opt/airflow/dags/ejemplo1.py took 0.062 seconds
[2025-11-15T20:04:13.100+0000] {processor.py:161} INFO - Started process (PID=251) to work on /opt/airflow/dags/ejemplo1.py
[2025-11-15T20:04:13.100+0000] {processor.py:830} INFO - Processing file /opt/airflow/dags/ejemplo1.py for tasks to queue
[2025-11-15T20:04:13.101+0000] {logging_mixin.py:188} INFO - [2025-11-15T20:04:13.101+0000] {dagbag.py:545} INFO - Filling up the DagBag from /opt/airflow/dags/ejemplo1.py
[2025-11-15T20:04:13.107+0000] {processor.py:840} INFO - DAG(s) 'ejemplo_DAG' retrieved from /opt/airflow/dags/ejemplo1.py
[2025-11-15T20:04:13.129+0000] {logging_mixin.py:188} INFO - [2025-11-15T20:04:13.128+0000] {dag.py:3096} INFO - Sync 1 DAGs
[2025-11-15T20:04:13.139+0000] {logging_mixin.py:188} INFO - [2025-11-15T20:04:13.138+0000] {dag.py:3954} INFO - Setting next_dagrun for ejemplo_DAG to None, run_after=None
[2025-11-15T20:04:13.152+0000] {processor.py:183} INFO - Processing /opt/airflow/dags/ejemplo1.py took 0.057 seconds
[2025-11-15T20:04:43.219+0000] {processor.py:161} INFO - Started process (PID=256) to work on /opt/airflow/dags/ejemplo1.py
[2025-11-15T20:04:43.220+0000] {processor.py:830} INFO - Processing file /opt/airflow/dags/ejemplo1.py for tasks to queue
[2025-11-15T20:04:43.221+0000] {logging_mixin.py:188} INFO - [2025-11-15T20:04:43.221+0000] {dagbag.py:545} INFO - Filling up the DagBag from /opt/airflow/dags/ejemplo1.py
[2025-11-15T20:04:43.231+0000] {processor.py:840} INFO - DAG(s) 'ejemplo_DAG' retrieved from /opt/airflow/dags/ejemplo1.py
[2025-11-15T20:04:43.256+0000] {logging_mixin.py:188} INFO - [2025-11-15T20:04:43.255+0000] {dag.py:3096} INFO - Sync 1 DAGs
[2025-11-15T20:04:43.267+0000] {logging_mixin.py:188} INFO - [2025-11-15T20:04:43.267+0000] {dag.py:3954} INFO - Setting next_dagrun for ejemplo_DAG to None, run_after=None
[2025-11-15T20:04:43.281+0000] {processor.py:183} INFO - Processing /opt/airflow/dags/ejemplo1.py took 0.067 seconds
[2025-11-15T20:05:13.374+0000] {processor.py:161} INFO - Started process (PID=261) to work on /opt/airflow/dags/ejemplo1.py
[2025-11-15T20:05:13.374+0000] {processor.py:830} INFO - Processing file /opt/airflow/dags/ejemplo1.py for tasks to queue
[2025-11-15T20:05:13.376+0000] {logging_mixin.py:188} INFO - [2025-11-15T20:05:13.375+0000] {dagbag.py:545} INFO - Filling up the DagBag from /opt/airflow/dags/ejemplo1.py
[2025-11-15T20:05:13.383+0000] {processor.py:840} INFO - DAG(s) 'ejemplo_DAG' retrieved from /opt/airflow/dags/ejemplo1.py
[2025-11-15T20:05:13.402+0000] {logging_mixin.py:188} INFO - [2025-11-15T20:05:13.402+0000] {dag.py:3096} INFO - Sync 1 DAGs
[2025-11-15T20:05:13.412+0000] {logging_mixin.py:188} INFO - [2025-11-15T20:05:13.411+0000] {dag.py:3954} INFO - Setting next_dagrun for ejemplo_DAG to None, run_after=None
[2025-11-15T20:05:13.426+0000] {processor.py:183} INFO - Processing /opt/airflow/dags/ejemplo1.py took 0.056 seconds
[2025-11-15T20:05:43.502+0000] {processor.py:161} INFO - Started process (PID=266) to work on /opt/airflow/dags/ejemplo1.py
[2025-11-15T20:05:43.503+0000] {processor.py:830} INFO - Processing file /opt/airflow/dags/ejemplo1.py for tasks to queue
[2025-11-15T20:05:43.504+0000] {logging_mixin.py:188} INFO - [2025-11-15T20:05:43.503+0000] {dagbag.py:545} INFO - Filling up the DagBag from /opt/airflow/dags/ejemplo1.py
[2025-11-15T20:05:43.511+0000] {processor.py:840} INFO - DAG(s) 'ejemplo_DAG' retrieved from /opt/airflow/dags/ejemplo1.py
[2025-11-15T20:05:43.535+0000] {logging_mixin.py:188} INFO - [2025-11-15T20:05:43.535+0000] {dag.py:3096} INFO - Sync 1 DAGs
[2025-11-15T20:05:43.544+0000] {logging_mixin.py:188} INFO - [2025-11-15T20:05:43.544+0000] {dag.py:3954} INFO - Setting next_dagrun for ejemplo_DAG to None, run_after=None
[2025-11-15T20:05:43.558+0000] {processor.py:183} INFO - Processing /opt/airflow/dags/ejemplo1.py took 0.060 seconds
[2025-11-15T20:06:13.634+0000] {processor.py:161} INFO - Started process (PID=271) to work on /opt/airflow/dags/ejemplo1.py
[2025-11-15T20:06:13.635+0000] {processor.py:830} INFO - Processing file /opt/airflow/dags/ejemplo1.py for tasks to queue
[2025-11-15T20:06:13.636+0000] {logging_mixin.py:188} INFO - [2025-11-15T20:06:13.636+0000] {dagbag.py:545} INFO - Filling up the DagBag from /opt/airflow/dags/ejemplo1.py
[2025-11-15T20:06:13.643+0000] {processor.py:840} INFO - DAG(s) 'ejemplo_DAG' retrieved from /opt/airflow/dags/ejemplo1.py
[2025-11-15T20:06:13.668+0000] {logging_mixin.py:188} INFO - [2025-11-15T20:06:13.667+0000] {dag.py:3096} INFO - Sync 1 DAGs
[2025-11-15T20:06:13.678+0000] {logging_mixin.py:188} INFO - [2025-11-15T20:06:13.678+0000] {dag.py:3954} INFO - Setting next_dagrun for ejemplo_DAG to None, run_after=None
[2025-11-15T20:06:13.694+0000] {processor.py:183} INFO - Processing /opt/airflow/dags/ejemplo1.py took 0.066 seconds
[2025-11-15T20:06:43.755+0000] {processor.py:161} INFO - Started process (PID=276) to work on /opt/airflow/dags/ejemplo1.py
[2025-11-15T20:06:43.756+0000] {processor.py:830} INFO - Processing file /opt/airflow/dags/ejemplo1.py for tasks to queue
[2025-11-15T20:06:43.758+0000] {logging_mixin.py:188} INFO - [2025-11-15T20:06:43.758+0000] {dagbag.py:545} INFO - Filling up the DagBag from /opt/airflow/dags/ejemplo1.py
[2025-11-15T20:06:43.769+0000] {processor.py:840} INFO - DAG(s) 'ejemplo_DAG' retrieved from /opt/airflow/dags/ejemplo1.py
[2025-11-15T20:06:43.798+0000] {logging_mixin.py:188} INFO - [2025-11-15T20:06:43.798+0000] {dag.py:3096} INFO - Sync 1 DAGs
[2025-11-15T20:06:43.811+0000] {logging_mixin.py:188} INFO - [2025-11-15T20:06:43.811+0000] {dag.py:3954} INFO - Setting next_dagrun for ejemplo_DAG to None, run_after=None
[2025-11-15T20:06:43.829+0000] {processor.py:183} INFO - Processing /opt/airflow/dags/ejemplo1.py took 0.080 seconds
[2025-11-15T20:07:13.912+0000] {processor.py:161} INFO - Started process (PID=281) to work on /opt/airflow/dags/ejemplo1.py
[2025-11-15T20:07:13.912+0000] {processor.py:830} INFO - Processing file /opt/airflow/dags/ejemplo1.py for tasks to queue
[2025-11-15T20:07:13.913+0000] {logging_mixin.py:188} INFO - [2025-11-15T20:07:13.913+0000] {dagbag.py:545} INFO - Filling up the DagBag from /opt/airflow/dags/ejemplo1.py
[2025-11-15T20:07:13.919+0000] {processor.py:840} INFO - DAG(s) 'ejemplo_DAG' retrieved from /opt/airflow/dags/ejemplo1.py
[2025-11-15T20:07:13.940+0000] {logging_mixin.py:188} INFO - [2025-11-15T20:07:13.940+0000] {dag.py:3096} INFO - Sync 1 DAGs
[2025-11-15T20:07:13.949+0000] {logging_mixin.py:188} INFO - [2025-11-15T20:07:13.948+0000] {dag.py:3954} INFO - Setting next_dagrun for ejemplo_DAG to None, run_after=None
[2025-11-15T20:07:13.962+0000] {processor.py:183} INFO - Processing /opt/airflow/dags/ejemplo1.py took 0.054 seconds
[2025-11-15T20:07:44.050+0000] {processor.py:161} INFO - Started process (PID=286) to work on /opt/airflow/dags/ejemplo1.py
[2025-11-15T20:07:44.051+0000] {processor.py:830} INFO - Processing file /opt/airflow/dags/ejemplo1.py for tasks to queue
[2025-11-15T20:07:44.052+0000] {logging_mixin.py:188} INFO - [2025-11-15T20:07:44.052+0000] {dagbag.py:545} INFO - Filling up the DagBag from /opt/airflow/dags/ejemplo1.py
[2025-11-15T20:07:44.058+0000] {processor.py:840} INFO - DAG(s) 'ejemplo_DAG' retrieved from /opt/airflow/dags/ejemplo1.py
[2025-11-15T20:07:44.078+0000] {logging_mixin.py:188} INFO - [2025-11-15T20:07:44.077+0000] {dag.py:3096} INFO - Sync 1 DAGs
[2025-11-15T20:07:44.087+0000] {logging_mixin.py:188} INFO - [2025-11-15T20:07:44.087+0000] {dag.py:3954} INFO - Setting next_dagrun for ejemplo_DAG to None, run_after=None
[2025-11-15T20:07:44.101+0000] {processor.py:183} INFO - Processing /opt/airflow/dags/ejemplo1.py took 0.055 seconds
[2025-11-15T20:08:14.184+0000] {processor.py:161} INFO - Started process (PID=291) to work on /opt/airflow/dags/ejemplo1.py
[2025-11-15T20:08:14.184+0000] {processor.py:830} INFO - Processing file /opt/airflow/dags/ejemplo1.py for tasks to queue
[2025-11-15T20:08:14.185+0000] {logging_mixin.py:188} INFO - [2025-11-15T20:08:14.185+0000] {dagbag.py:545} INFO - Filling up the DagBag from /opt/airflow/dags/ejemplo1.py
[2025-11-15T20:08:14.191+0000] {processor.py:840} INFO - DAG(s) 'ejemplo_DAG' retrieved from /opt/airflow/dags/ejemplo1.py
[2025-11-15T20:08:14.212+0000] {logging_mixin.py:188} INFO - [2025-11-15T20:08:14.212+0000] {dag.py:3096} INFO - Sync 1 DAGs
[2025-11-15T20:08:14.221+0000] {logging_mixin.py:188} INFO - [2025-11-15T20:08:14.221+0000] {dag.py:3954} INFO - Setting next_dagrun for ejemplo_DAG to None, run_after=None
[2025-11-15T20:08:14.235+0000] {processor.py:183} INFO - Processing /opt/airflow/dags/ejemplo1.py took 0.055 seconds
[2025-11-15T20:08:44.302+0000] {processor.py:161} INFO - Started process (PID=296) to work on /opt/airflow/dags/ejemplo1.py
[2025-11-15T20:08:44.302+0000] {processor.py:830} INFO - Processing file /opt/airflow/dags/ejemplo1.py for tasks to queue
[2025-11-15T20:08:44.304+0000] {logging_mixin.py:188} INFO - [2025-11-15T20:08:44.303+0000] {dagbag.py:545} INFO - Filling up the DagBag from /opt/airflow/dags/ejemplo1.py
[2025-11-15T20:08:44.312+0000] {processor.py:840} INFO - DAG(s) 'ejemplo_DAG' retrieved from /opt/airflow/dags/ejemplo1.py
[2025-11-15T20:08:44.337+0000] {logging_mixin.py:188} INFO - [2025-11-15T20:08:44.337+0000] {dag.py:3096} INFO - Sync 1 DAGs
[2025-11-15T20:08:44.348+0000] {logging_mixin.py:188} INFO - [2025-11-15T20:08:44.348+0000] {dag.py:3954} INFO - Setting next_dagrun for ejemplo_DAG to None, run_after=None
[2025-11-15T20:08:44.366+0000] {processor.py:183} INFO - Processing /opt/airflow/dags/ejemplo1.py took 0.069 seconds
[2025-11-15T20:09:05.407+0000] {processor.py:161} INFO - Started process (PID=301) to work on /opt/airflow/dags/ejemplo1.py
[2025-11-15T20:09:05.407+0000] {processor.py:830} INFO - Processing file /opt/airflow/dags/ejemplo1.py for tasks to queue
[2025-11-15T20:09:05.408+0000] {logging_mixin.py:188} INFO - [2025-11-15T20:09:05.408+0000] {dagbag.py:545} INFO - Filling up the DagBag from /opt/airflow/dags/ejemplo1.py
[2025-11-15T20:09:05.416+0000] {processor.py:840} INFO - DAG(s) 'ejemplo_DAG' retrieved from /opt/airflow/dags/ejemplo1.py
[2025-11-15T20:09:05.522+0000] {logging_mixin.py:188} INFO - [2025-11-15T20:09:05.521+0000] {dag.py:3096} INFO - Sync 1 DAGs
[2025-11-15T20:09:05.535+0000] {logging_mixin.py:188} INFO - [2025-11-15T20:09:05.534+0000] {dag.py:3954} INFO - Setting next_dagrun for ejemplo_DAG to None, run_after=None
[2025-11-15T20:09:05.556+0000] {processor.py:183} INFO - Processing /opt/airflow/dags/ejemplo1.py took 0.154 seconds
[2025-11-15T20:09:23.516+0000] {processor.py:161} INFO - Started process (PID=306) to work on /opt/airflow/dags/ejemplo1.py
[2025-11-15T20:09:23.517+0000] {processor.py:830} INFO - Processing file /opt/airflow/dags/ejemplo1.py for tasks to queue
[2025-11-15T20:09:23.518+0000] {logging_mixin.py:188} INFO - [2025-11-15T20:09:23.517+0000] {dagbag.py:545} INFO - Filling up the DagBag from /opt/airflow/dags/ejemplo1.py
[2025-11-15T20:09:23.525+0000] {processor.py:840} INFO - DAG(s) 'ejemplo_DAG' retrieved from /opt/airflow/dags/ejemplo1.py
[2025-11-15T20:09:23.535+0000] {logging_mixin.py:188} INFO - [2025-11-15T20:09:23.535+0000] {dag.py:3096} INFO - Sync 1 DAGs
[2025-11-15T20:09:23.545+0000] {logging_mixin.py:188} INFO - [2025-11-15T20:09:23.545+0000] {dag.py:3954} INFO - Setting next_dagrun for ejemplo_DAG to None, run_after=None
[2025-11-15T20:09:23.560+0000] {processor.py:183} INFO - Processing /opt/airflow/dags/ejemplo1.py took 0.048 seconds
[2025-11-15T20:09:25.526+0000] {processor.py:161} INFO - Started process (PID=311) to work on /opt/airflow/dags/ejemplo1.py
[2025-11-15T20:09:25.526+0000] {processor.py:830} INFO - Processing file /opt/airflow/dags/ejemplo1.py for tasks to queue
[2025-11-15T20:09:25.528+0000] {logging_mixin.py:188} INFO - [2025-11-15T20:09:25.528+0000] {dagbag.py:545} INFO - Filling up the DagBag from /opt/airflow/dags/ejemplo1.py
[2025-11-15T20:09:25.535+0000] {processor.py:840} INFO - DAG(s) 'ejemplo_DAG' retrieved from /opt/airflow/dags/ejemplo1.py
[2025-11-15T20:09:25.545+0000] {logging_mixin.py:188} INFO - [2025-11-15T20:09:25.545+0000] {dag.py:3096} INFO - Sync 1 DAGs
[2025-11-15T20:09:25.555+0000] {logging_mixin.py:188} INFO - [2025-11-15T20:09:25.555+0000] {dag.py:3954} INFO - Setting next_dagrun for ejemplo_DAG to None, run_after=None
[2025-11-15T20:09:25.570+0000] {processor.py:183} INFO - Processing /opt/airflow/dags/ejemplo1.py took 0.049 seconds
[2025-11-15T20:09:29.601+0000] {processor.py:161} INFO - Started process (PID=316) to work on /opt/airflow/dags/ejemplo1.py
[2025-11-15T20:09:29.602+0000] {processor.py:830} INFO - Processing file /opt/airflow/dags/ejemplo1.py for tasks to queue
[2025-11-15T20:09:29.603+0000] {logging_mixin.py:188} INFO - [2025-11-15T20:09:29.603+0000] {dagbag.py:545} INFO - Filling up the DagBag from /opt/airflow/dags/ejemplo1.py
[2025-11-15T20:09:29.609+0000] {processor.py:840} INFO - DAG(s) 'ejemplo_DAG' retrieved from /opt/airflow/dags/ejemplo1.py
[2025-11-15T20:09:29.619+0000] {logging_mixin.py:188} INFO - [2025-11-15T20:09:29.618+0000] {dag.py:3096} INFO - Sync 1 DAGs
[2025-11-15T20:09:29.628+0000] {logging_mixin.py:188} INFO - [2025-11-15T20:09:29.628+0000] {dag.py:3954} INFO - Setting next_dagrun for ejemplo_DAG to None, run_after=None
[2025-11-15T20:09:29.643+0000] {processor.py:183} INFO - Processing /opt/airflow/dags/ejemplo1.py took 0.045 seconds
[2025-11-15T20:09:40.644+0000] {processor.py:161} INFO - Started process (PID=321) to work on /opt/airflow/dags/ejemplo1.py
[2025-11-15T20:09:40.645+0000] {processor.py:830} INFO - Processing file /opt/airflow/dags/ejemplo1.py for tasks to queue
[2025-11-15T20:09:40.647+0000] {logging_mixin.py:188} INFO - [2025-11-15T20:09:40.646+0000] {dagbag.py:545} INFO - Filling up the DagBag from /opt/airflow/dags/ejemplo1.py
[2025-11-15T20:09:40.653+0000] {processor.py:840} INFO - DAG(s) 'ejemplo_DAG' retrieved from /opt/airflow/dags/ejemplo1.py
[2025-11-15T20:09:40.741+0000] {logging_mixin.py:188} INFO - [2025-11-15T20:09:40.740+0000] {dag.py:3096} INFO - Sync 1 DAGs
[2025-11-15T20:09:40.749+0000] {logging_mixin.py:188} INFO - [2025-11-15T20:09:40.749+0000] {dag.py:3954} INFO - Setting next_dagrun for ejemplo_DAG to None, run_after=None
[2025-11-15T20:09:40.767+0000] {processor.py:183} INFO - Processing /opt/airflow/dags/ejemplo1.py took 0.127 seconds
[2025-11-15T20:10:10.807+0000] {processor.py:161} INFO - Started process (PID=326) to work on /opt/airflow/dags/ejemplo1.py
[2025-11-15T20:10:10.808+0000] {processor.py:830} INFO - Processing file /opt/airflow/dags/ejemplo1.py for tasks to queue
[2025-11-15T20:10:10.809+0000] {logging_mixin.py:188} INFO - [2025-11-15T20:10:10.809+0000] {dagbag.py:545} INFO - Filling up the DagBag from /opt/airflow/dags/ejemplo1.py
[2025-11-15T20:10:10.816+0000] {processor.py:840} INFO - DAG(s) 'ejemplo_DAG' retrieved from /opt/airflow/dags/ejemplo1.py
[2025-11-15T20:10:10.838+0000] {logging_mixin.py:188} INFO - [2025-11-15T20:10:10.838+0000] {dag.py:3096} INFO - Sync 1 DAGs
[2025-11-15T20:10:10.848+0000] {logging_mixin.py:188} INFO - [2025-11-15T20:10:10.848+0000] {dag.py:3954} INFO - Setting next_dagrun for ejemplo_DAG to None, run_after=None
[2025-11-15T20:10:10.862+0000] {processor.py:183} INFO - Processing /opt/airflow/dags/ejemplo1.py took 0.060 seconds
[2025-11-15T20:10:40.925+0000] {processor.py:161} INFO - Started process (PID=331) to work on /opt/airflow/dags/ejemplo1.py
[2025-11-15T20:10:40.926+0000] {processor.py:830} INFO - Processing file /opt/airflow/dags/ejemplo1.py for tasks to queue
[2025-11-15T20:10:40.929+0000] {logging_mixin.py:188} INFO - [2025-11-15T20:10:40.928+0000] {dagbag.py:545} INFO - Filling up the DagBag from /opt/airflow/dags/ejemplo1.py
[2025-11-15T20:10:40.937+0000] {processor.py:840} INFO - DAG(s) 'ejemplo_DAG' retrieved from /opt/airflow/dags/ejemplo1.py
[2025-11-15T20:10:40.966+0000] {logging_mixin.py:188} INFO - [2025-11-15T20:10:40.966+0000] {dag.py:3096} INFO - Sync 1 DAGs
[2025-11-15T20:10:40.981+0000] {logging_mixin.py:188} INFO - [2025-11-15T20:10:40.980+0000] {dag.py:3954} INFO - Setting next_dagrun for ejemplo_DAG to None, run_after=None
[2025-11-15T20:10:40.998+0000] {processor.py:183} INFO - Processing /opt/airflow/dags/ejemplo1.py took 0.077 seconds
[2025-11-15T20:11:37.379+0000] {processor.py:161} INFO - Started process (PID=164) to work on /opt/airflow/dags/ejemplo1.py
[2025-11-15T20:11:37.380+0000] {processor.py:830} INFO - Processing file /opt/airflow/dags/ejemplo1.py for tasks to queue
[2025-11-15T20:11:37.382+0000] {logging_mixin.py:188} INFO - [2025-11-15T20:11:37.381+0000] {dagbag.py:545} INFO - Filling up the DagBag from /opt/airflow/dags/ejemplo1.py
[2025-11-15T20:11:37.403+0000] {processor.py:840} INFO - DAG(s) 'ejemplo_DAG' retrieved from /opt/airflow/dags/ejemplo1.py
[2025-11-15T20:11:37.454+0000] {logging_mixin.py:188} INFO - [2025-11-15T20:11:37.454+0000] {dag.py:3096} INFO - Sync 1 DAGs
[2025-11-15T20:11:37.468+0000] {logging_mixin.py:188} INFO - [2025-11-15T20:11:37.468+0000] {dag.py:3954} INFO - Setting next_dagrun for ejemplo_DAG to None, run_after=None
[2025-11-15T20:11:37.484+0000] {processor.py:183} INFO - Processing /opt/airflow/dags/ejemplo1.py took 0.112 seconds
[2025-11-15T20:12:07.507+0000] {processor.py:161} INFO - Started process (PID=170) to work on /opt/airflow/dags/ejemplo1.py
[2025-11-15T20:12:07.508+0000] {processor.py:830} INFO - Processing file /opt/airflow/dags/ejemplo1.py for tasks to queue
[2025-11-15T20:12:07.509+0000] {logging_mixin.py:188} INFO - [2025-11-15T20:12:07.509+0000] {dagbag.py:545} INFO - Filling up the DagBag from /opt/airflow/dags/ejemplo1.py
[2025-11-15T20:12:07.515+0000] {processor.py:840} INFO - DAG(s) 'ejemplo_DAG' retrieved from /opt/airflow/dags/ejemplo1.py
[2025-11-15T20:12:07.530+0000] {logging_mixin.py:188} INFO - [2025-11-15T20:12:07.530+0000] {dag.py:3096} INFO - Sync 1 DAGs
[2025-11-15T20:12:07.542+0000] {logging_mixin.py:188} INFO - [2025-11-15T20:12:07.542+0000] {dag.py:3954} INFO - Setting next_dagrun for ejemplo_DAG to None, run_after=None
[2025-11-15T20:12:07.557+0000] {processor.py:183} INFO - Processing /opt/airflow/dags/ejemplo1.py took 0.054 seconds
[2025-11-15T20:12:37.625+0000] {processor.py:161} INFO - Started process (PID=178) to work on /opt/airflow/dags/ejemplo1.py
[2025-11-15T20:12:37.625+0000] {processor.py:830} INFO - Processing file /opt/airflow/dags/ejemplo1.py for tasks to queue
[2025-11-15T20:12:37.626+0000] {logging_mixin.py:188} INFO - [2025-11-15T20:12:37.626+0000] {dagbag.py:545} INFO - Filling up the DagBag from /opt/airflow/dags/ejemplo1.py
[2025-11-15T20:12:37.632+0000] {processor.py:840} INFO - DAG(s) 'ejemplo_DAG' retrieved from /opt/airflow/dags/ejemplo1.py
[2025-11-15T20:12:37.827+0000] {logging_mixin.py:188} INFO - [2025-11-15T20:12:37.827+0000] {dag.py:3096} INFO - Sync 1 DAGs
[2025-11-15T20:12:37.835+0000] {logging_mixin.py:188} INFO - [2025-11-15T20:12:37.835+0000] {dag.py:3954} INFO - Setting next_dagrun for ejemplo_DAG to None, run_after=None
[2025-11-15T20:12:37.848+0000] {processor.py:183} INFO - Processing /opt/airflow/dags/ejemplo1.py took 0.228 seconds
[2025-11-15T20:13:07.958+0000] {processor.py:161} INFO - Started process (PID=183) to work on /opt/airflow/dags/ejemplo1.py
[2025-11-15T20:13:07.959+0000] {processor.py:830} INFO - Processing file /opt/airflow/dags/ejemplo1.py for tasks to queue
[2025-11-15T20:13:07.960+0000] {logging_mixin.py:188} INFO - [2025-11-15T20:13:07.960+0000] {dagbag.py:545} INFO - Filling up the DagBag from /opt/airflow/dags/ejemplo1.py
[2025-11-15T20:13:07.966+0000] {processor.py:840} INFO - DAG(s) 'ejemplo_DAG' retrieved from /opt/airflow/dags/ejemplo1.py
[2025-11-15T20:13:07.987+0000] {logging_mixin.py:188} INFO - [2025-11-15T20:13:07.987+0000] {dag.py:3096} INFO - Sync 1 DAGs
[2025-11-15T20:13:07.996+0000] {logging_mixin.py:188} INFO - [2025-11-15T20:13:07.995+0000] {dag.py:3954} INFO - Setting next_dagrun for ejemplo_DAG to None, run_after=None
[2025-11-15T20:13:08.010+0000] {processor.py:183} INFO - Processing /opt/airflow/dags/ejemplo1.py took 0.056 seconds
[2025-11-15T20:13:38.067+0000] {processor.py:161} INFO - Started process (PID=188) to work on /opt/airflow/dags/ejemplo1.py
[2025-11-15T20:13:38.068+0000] {processor.py:830} INFO - Processing file /opt/airflow/dags/ejemplo1.py for tasks to queue
[2025-11-15T20:13:38.069+0000] {logging_mixin.py:188} INFO - [2025-11-15T20:13:38.069+0000] {dagbag.py:545} INFO - Filling up the DagBag from /opt/airflow/dags/ejemplo1.py
[2025-11-15T20:13:38.078+0000] {processor.py:840} INFO - DAG(s) 'ejemplo_DAG' retrieved from /opt/airflow/dags/ejemplo1.py
[2025-11-15T20:13:38.105+0000] {logging_mixin.py:188} INFO - [2025-11-15T20:13:38.105+0000] {dag.py:3096} INFO - Sync 1 DAGs
[2025-11-15T20:13:38.120+0000] {logging_mixin.py:188} INFO - [2025-11-15T20:13:38.120+0000] {dag.py:3954} INFO - Setting next_dagrun for ejemplo_DAG to None, run_after=None
[2025-11-15T20:13:38.140+0000] {processor.py:183} INFO - Processing /opt/airflow/dags/ejemplo1.py took 0.078 seconds
[2025-11-15T20:14:08.209+0000] {processor.py:161} INFO - Started process (PID=193) to work on /opt/airflow/dags/ejemplo1.py
[2025-11-15T20:14:08.210+0000] {processor.py:830} INFO - Processing file /opt/airflow/dags/ejemplo1.py for tasks to queue
[2025-11-15T20:14:08.211+0000] {logging_mixin.py:188} INFO - [2025-11-15T20:14:08.211+0000] {dagbag.py:545} INFO - Filling up the DagBag from /opt/airflow/dags/ejemplo1.py
[2025-11-15T20:14:08.218+0000] {processor.py:840} INFO - DAG(s) 'ejemplo_DAG' retrieved from /opt/airflow/dags/ejemplo1.py
[2025-11-15T20:14:08.239+0000] {logging_mixin.py:188} INFO - [2025-11-15T20:14:08.238+0000] {dag.py:3096} INFO - Sync 1 DAGs
[2025-11-15T20:14:08.248+0000] {logging_mixin.py:188} INFO - [2025-11-15T20:14:08.248+0000] {dag.py:3954} INFO - Setting next_dagrun for ejemplo_DAG to None, run_after=None
[2025-11-15T20:14:08.262+0000] {processor.py:183} INFO - Processing /opt/airflow/dags/ejemplo1.py took 0.057 seconds
