[2025-11-15T19:46:13.264+0000] {manager.py:470} INFO - Processing files using up to 2 processes at a time 
[2025-11-15T19:46:13.265+0000] {manager.py:471} INFO - Process each file at most once every 30 seconds
[2025-11-15T19:46:13.266+0000] {manager.py:472} INFO - Checking for new files in /opt/airflow/dags every 300 seconds
[2025-11-15T19:46:13.266+0000] {manager.py:737} INFO - Searching for files in /opt/airflow/dags
[2025-11-15T19:46:13.268+0000] {manager.py:740} INFO - There are 1 files in /opt/airflow/dags
[2025-11-15T19:46:13.340+0000] {manager.py:878} INFO - 
================================================================================
DAG File Processing Stats

File Path                        PID  Runtime      # DAGs    # Errors  Last Runtime    Last Run
-----------------------------  -----  ---------  --------  ----------  --------------  ----------
/opt/airflow/dags/ejemplo1.py    165  0.03s             0           0
================================================================================
[2025-11-15T19:46:43.430+0000] {manager.py:878} INFO - 
================================================================================
DAG File Processing Stats

File Path                        PID  Runtime      # DAGs    # Errors  Last Runtime    Last Run
-----------------------------  -----  ---------  --------  ----------  --------------  -------------------
/opt/airflow/dags/ejemplo1.py    170  0.00s             0           1  0.04s           2025-11-15T19:46:13
================================================================================
[2025-11-15T19:47:13.528+0000] {manager.py:878} INFO - 
================================================================================
DAG File Processing Stats

File Path                      PID    Runtime      # DAGs    # Errors  Last Runtime    Last Run
-----------------------------  -----  ---------  --------  ----------  --------------  -------------------
/opt/airflow/dags/ejemplo1.py                           0           1  0.03s           2025-11-15T19:47:07
================================================================================
[2025-11-15T19:47:43.626+0000] {manager.py:878} INFO - 
================================================================================
DAG File Processing Stats

File Path                      PID    Runtime      # DAGs    # Errors  Last Runtime    Last Run
-----------------------------  -----  ---------  --------  ----------  --------------  -------------------
/opt/airflow/dags/ejemplo1.py                           0           1  0.03s           2025-11-15T19:47:37
================================================================================
[2025-11-15T19:48:13.711+0000] {manager.py:878} INFO - 
================================================================================
DAG File Processing Stats

File Path                      PID    Runtime      # DAGs    # Errors  Last Runtime    Last Run
-----------------------------  -----  ---------  --------  ----------  --------------  -------------------
/opt/airflow/dags/ejemplo1.py                           0           1  0.03s           2025-11-15T19:48:07
================================================================================
[2025-11-15T19:48:43.821+0000] {manager.py:878} INFO - 
================================================================================
DAG File Processing Stats

File Path                      PID    Runtime      # DAGs    # Errors  Last Runtime    Last Run
-----------------------------  -----  ---------  --------  ----------  --------------  -------------------
/opt/airflow/dags/ejemplo1.py                           0           1  0.05s           2025-11-15T19:48:37
================================================================================
[2025-11-15T19:49:13.947+0000] {manager.py:878} INFO - 
================================================================================
DAG File Processing Stats

File Path                      PID    Runtime      # DAGs    # Errors  Last Runtime    Last Run
-----------------------------  -----  ---------  --------  ----------  --------------  -------------------
/opt/airflow/dags/ejemplo1.py                           0           1  0.07s           2025-11-15T19:49:07
================================================================================
[2025-11-15T19:49:44.072+0000] {manager.py:878} INFO - 
================================================================================
DAG File Processing Stats

File Path                      PID    Runtime      # DAGs    # Errors  Last Runtime    Last Run
-----------------------------  -----  ---------  --------  ----------  --------------  -------------------
/opt/airflow/dags/ejemplo1.py                           0           1  0.04s           2025-11-15T19:49:38
================================================================================
[2025-11-15T19:50:14.176+0000] {manager.py:878} INFO - 
================================================================================
DAG File Processing Stats

File Path                      PID    Runtime      # DAGs    # Errors  Last Runtime    Last Run
-----------------------------  -----  ---------  --------  ----------  --------------  -------------------
/opt/airflow/dags/ejemplo1.py                           0           1  0.04s           2025-11-15T19:50:08
================================================================================
[2025-11-15T19:50:44.275+0000] {manager.py:878} INFO - 
================================================================================
DAG File Processing Stats

File Path                      PID    Runtime      # DAGs    # Errors  Last Runtime    Last Run
-----------------------------  -----  ---------  --------  ----------  --------------  -------------------
/opt/airflow/dags/ejemplo1.py                           0           1  0.04s           2025-11-15T19:50:38
================================================================================
[2025-11-15T19:51:13.382+0000] {manager.py:737} INFO - Searching for files in /opt/airflow/dags
[2025-11-15T19:51:13.382+0000] {manager.py:740} INFO - There are 1 files in /opt/airflow/dags
[2025-11-15T19:51:14.391+0000] {manager.py:878} INFO - 
================================================================================
DAG File Processing Stats

File Path                      PID    Runtime      # DAGs    # Errors  Last Runtime    Last Run
-----------------------------  -----  ---------  --------  ----------  --------------  -------------------
/opt/airflow/dags/ejemplo1.py                           0           1  0.03s           2025-11-15T19:51:08
================================================================================
[2025-11-15T19:51:34.837+0000] {manager.py:452} INFO - Exiting gracefully upon receiving signal 15
[2025-11-15T19:51:56.167+0000] {manager.py:470} INFO - Processing files using up to 2 processes at a time 
[2025-11-15T19:51:56.167+0000] {manager.py:471} INFO - Process each file at most once every 30 seconds
[2025-11-15T19:51:56.168+0000] {manager.py:472} INFO - Checking for new files in /opt/airflow/dags every 300 seconds
[2025-11-15T19:51:56.168+0000] {manager.py:737} INFO - Searching for files in /opt/airflow/dags
[2025-11-15T19:51:56.168+0000] {manager.py:740} INFO - There are 1 files in /opt/airflow/dags
[2025-11-15T19:51:56.216+0000] {manager.py:878} INFO - 
================================================================================
DAG File Processing Stats

File Path                        PID  Runtime      # DAGs    # Errors  Last Runtime    Last Run
-----------------------------  -----  ---------  --------  ----------  --------------  ----------
/opt/airflow/dags/ejemplo1.py    164  0.03s             0           0
================================================================================
[2025-11-15T19:52:26.309+0000] {manager.py:878} INFO - 
================================================================================
DAG File Processing Stats

File Path                        PID  Runtime      # DAGs    # Errors  Last Runtime    Last Run
-----------------------------  -----  ---------  --------  ----------  --------------  -------------------
/opt/airflow/dags/ejemplo1.py    170  0.00s             0           1  0.04s           2025-11-15T19:51:56
================================================================================
[2025-11-15T19:52:56.450+0000] {manager.py:878} INFO - 
================================================================================
DAG File Processing Stats

File Path                      PID    Runtime      # DAGs    # Errors  Last Runtime    Last Run
-----------------------------  -----  ---------  --------  ----------  --------------  -------------------
/opt/airflow/dags/ejemplo1.py                           1           0  0.22s           2025-11-15T19:52:41
================================================================================
[2025-11-15T19:53:26.728+0000] {manager.py:878} INFO - 
================================================================================
DAG File Processing Stats

File Path                      PID    Runtime      # DAGs    # Errors  Last Runtime    Last Run
-----------------------------  -----  ---------  --------  ----------  --------------  -------------------
/opt/airflow/dags/ejemplo1.py                           1           0  0.06s           2025-11-15T19:53:11
================================================================================
[2025-11-15T19:53:56.855+0000] {manager.py:878} INFO - 
================================================================================
DAG File Processing Stats

File Path                      PID    Runtime      # DAGs    # Errors  Last Runtime    Last Run
-----------------------------  -----  ---------  --------  ----------  --------------  -------------------
/opt/airflow/dags/ejemplo1.py                           1           0  0.06s           2025-11-15T19:53:41
================================================================================
[2025-11-15T19:54:26.948+0000] {manager.py:878} INFO - 
================================================================================
DAG File Processing Stats

File Path                      PID    Runtime      # DAGs    # Errors  Last Runtime    Last Run
-----------------------------  -----  ---------  --------  ----------  --------------  -------------------
/opt/airflow/dags/ejemplo1.py                           1           0  0.06s           2025-11-15T19:54:11
================================================================================
[2025-11-15T19:54:57.071+0000] {manager.py:878} INFO - 
================================================================================
DAG File Processing Stats

File Path                      PID    Runtime      # DAGs    # Errors  Last Runtime    Last Run
-----------------------------  -----  ---------  --------  ----------  --------------  -------------------
/opt/airflow/dags/ejemplo1.py                           1           0  0.07s           2025-11-15T19:54:42
================================================================================
[2025-11-15T19:55:27.403+0000] {manager.py:878} INFO - 
================================================================================
DAG File Processing Stats

File Path                      PID    Runtime      # DAGs    # Errors  Last Runtime    Last Run
-----------------------------  -----  ---------  --------  ----------  --------------  -------------------
/opt/airflow/dags/ejemplo1.py                           1           0  0.06s           2025-11-15T19:55:25
================================================================================
[2025-11-15T19:55:46.677+0000] {manager.py:452} INFO - Exiting gracefully upon receiving signal 15
[2025-11-15T19:56:10.778+0000] {manager.py:470} INFO - Processing files using up to 2 processes at a time 
[2025-11-15T19:56:10.779+0000] {manager.py:471} INFO - Process each file at most once every 30 seconds
[2025-11-15T19:56:10.779+0000] {manager.py:472} INFO - Checking for new files in /opt/airflow/dags every 300 seconds
[2025-11-15T19:56:10.779+0000] {manager.py:737} INFO - Searching for files in /opt/airflow/dags
[2025-11-15T19:56:10.780+0000] {manager.py:740} INFO - There are 1 files in /opt/airflow/dags
[2025-11-15T19:56:10.839+0000] {manager.py:878} INFO - 
================================================================================
DAG File Processing Stats

File Path                        PID  Runtime      # DAGs    # Errors  Last Runtime    Last Run
-----------------------------  -----  ---------  --------  ----------  --------------  ----------
/opt/airflow/dags/ejemplo1.py    164  0.03s             0           0
================================================================================
[2025-11-15T19:56:40.923+0000] {manager.py:878} INFO - 
================================================================================
DAG File Processing Stats

File Path                      PID    Runtime      # DAGs    # Errors  Last Runtime    Last Run
-----------------------------  -----  ---------  --------  ----------  --------------  -------------------
/opt/airflow/dags/ejemplo1.py                           1           0  0.30s           2025-11-15T19:56:11
================================================================================
[2025-11-15T19:57:11.290+0000] {manager.py:878} INFO - 
================================================================================
DAG File Processing Stats

File Path                        PID  Runtime      # DAGs    # Errors  Last Runtime    Last Run
-----------------------------  -----  ---------  --------  ----------  --------------  -------------------
/opt/airflow/dags/ejemplo1.py    175  0.00s             1           0  0.05s           2025-11-15T19:56:41
================================================================================
[2025-11-15T19:57:41.404+0000] {manager.py:878} INFO - 
================================================================================
DAG File Processing Stats

File Path                        PID  Runtime      # DAGs    # Errors  Last Runtime    Last Run
-----------------------------  -----  ---------  --------  ----------  --------------  -------------------
/opt/airflow/dags/ejemplo1.py    180  0.00s             1           0  0.10s           2025-11-15T19:57:11
================================================================================
[2025-11-15T19:58:11.506+0000] {manager.py:878} INFO - 
================================================================================
DAG File Processing Stats

File Path                        PID  Runtime      # DAGs    # Errors  Last Runtime    Last Run
-----------------------------  -----  ---------  --------  ----------  --------------  -------------------
/opt/airflow/dags/ejemplo1.py    188  0.00s             1           0  0.05s           2025-11-15T19:57:41
================================================================================
[2025-11-15T19:58:41.623+0000] {manager.py:878} INFO - 
================================================================================
DAG File Processing Stats

File Path                        PID  Runtime      # DAGs    # Errors  Last Runtime    Last Run
-----------------------------  -----  ---------  --------  ----------  --------------  -------------------
/opt/airflow/dags/ejemplo1.py    193  0.00s             1           0  0.06s           2025-11-15T19:58:11
================================================================================
[2025-11-15T19:59:11.730+0000] {manager.py:878} INFO - 
================================================================================
DAG File Processing Stats

File Path                        PID  Runtime      # DAGs    # Errors  Last Runtime    Last Run
-----------------------------  -----  ---------  --------  ----------  --------------  -------------------
/opt/airflow/dags/ejemplo1.py    198  0.00s             1           0  0.06s           2025-11-15T19:58:41
================================================================================
[2025-11-15T19:59:41.843+0000] {manager.py:878} INFO - 
================================================================================
DAG File Processing Stats

File Path                        PID  Runtime      # DAGs    # Errors  Last Runtime    Last Run
-----------------------------  -----  ---------  --------  ----------  --------------  -------------------
/opt/airflow/dags/ejemplo1.py    206  0.00s             1           0  0.06s           2025-11-15T19:59:11
================================================================================
[2025-11-15T20:00:11.970+0000] {manager.py:878} INFO - 
================================================================================
DAG File Processing Stats

File Path                        PID  Runtime      # DAGs    # Errors  Last Runtime    Last Run
-----------------------------  -----  ---------  --------  ----------  --------------  -------------------
/opt/airflow/dags/ejemplo1.py    211  0.00s             1           0  0.08s           2025-11-15T19:59:41
================================================================================
[2025-11-15T20:00:42.106+0000] {manager.py:878} INFO - 
================================================================================
DAG File Processing Stats

File Path                        PID  Runtime      # DAGs    # Errors  Last Runtime    Last Run
-----------------------------  -----  ---------  --------  ----------  --------------  -------------------
/opt/airflow/dags/ejemplo1.py    216  0.00s             1           0  0.07s           2025-11-15T20:00:12
================================================================================
[2025-11-15T20:01:11.236+0000] {manager.py:737} INFO - Searching for files in /opt/airflow/dags
[2025-11-15T20:01:11.237+0000] {manager.py:740} INFO - There are 1 files in /opt/airflow/dags
[2025-11-15T20:01:12.250+0000] {manager.py:878} INFO - 
================================================================================
DAG File Processing Stats

File Path                        PID  Runtime      # DAGs    # Errors  Last Runtime    Last Run
-----------------------------  -----  ---------  --------  ----------  --------------  -------------------
/opt/airflow/dags/ejemplo1.py    221  0.00s             1           0  0.07s           2025-11-15T20:00:42
================================================================================
[2025-11-15T20:01:42.379+0000] {manager.py:878} INFO - 
================================================================================
DAG File Processing Stats

File Path                        PID  Runtime      # DAGs    # Errors  Last Runtime    Last Run
-----------------------------  -----  ---------  --------  ----------  --------------  -------------------
/opt/airflow/dags/ejemplo1.py    226  0.00s             1           0  0.07s           2025-11-15T20:01:12
================================================================================
[2025-11-15T20:02:12.530+0000] {manager.py:878} INFO - 
================================================================================
DAG File Processing Stats

File Path                        PID  Runtime      # DAGs    # Errors  Last Runtime    Last Run
-----------------------------  -----  ---------  --------  ----------  --------------  -------------------
/opt/airflow/dags/ejemplo1.py    231  0.00s             1           0  0.13s           2025-11-15T20:01:42
================================================================================
[2025-11-15T20:02:42.704+0000] {manager.py:878} INFO - 
================================================================================
DAG File Processing Stats

File Path                        PID  Runtime      # DAGs    # Errors  Last Runtime    Last Run
-----------------------------  -----  ---------  --------  ----------  --------------  -------------------
/opt/airflow/dags/ejemplo1.py    236  0.00s             1           0  0.07s           2025-11-15T20:02:12
================================================================================
[2025-11-15T20:03:12.824+0000] {manager.py:878} INFO - 
================================================================================
DAG File Processing Stats

File Path                        PID  Runtime      # DAGs    # Errors  Last Runtime    Last Run
-----------------------------  -----  ---------  --------  ----------  --------------  -------------------
/opt/airflow/dags/ejemplo1.py    241  0.00s             1           0  0.10s           2025-11-15T20:02:42
================================================================================
[2025-11-15T20:03:42.949+0000] {manager.py:878} INFO - 
================================================================================
DAG File Processing Stats

File Path                        PID  Runtime      # DAGs    # Errors  Last Runtime    Last Run
-----------------------------  -----  ---------  --------  ----------  --------------  -------------------
/opt/airflow/dags/ejemplo1.py    246  0.00s             1           0  0.07s           2025-11-15T20:03:12
================================================================================
[2025-11-15T20:04:13.092+0000] {manager.py:878} INFO - 
================================================================================
DAG File Processing Stats

File Path                        PID  Runtime      # DAGs    # Errors  Last Runtime    Last Run
-----------------------------  -----  ---------  --------  ----------  --------------  -------------------
/opt/airflow/dags/ejemplo1.py    251  0.00s             1           0  0.07s           2025-11-15T20:03:43
================================================================================
[2025-11-15T20:04:43.211+0000] {manager.py:878} INFO - 
================================================================================
DAG File Processing Stats

File Path                        PID  Runtime      # DAGs    # Errors  Last Runtime    Last Run
-----------------------------  -----  ---------  --------  ----------  --------------  -------------------
/opt/airflow/dags/ejemplo1.py    256  0.00s             1           0  0.07s           2025-11-15T20:04:13
================================================================================
[2025-11-15T20:05:13.367+0000] {manager.py:878} INFO - 
================================================================================
DAG File Processing Stats

File Path                        PID  Runtime      # DAGs    # Errors  Last Runtime    Last Run
-----------------------------  -----  ---------  --------  ----------  --------------  -------------------
/opt/airflow/dags/ejemplo1.py    261  0.00s             1           0  0.08s           2025-11-15T20:04:43
================================================================================
[2025-11-15T20:05:43.494+0000] {manager.py:878} INFO - 
================================================================================
DAG File Processing Stats

File Path                        PID  Runtime      # DAGs    # Errors  Last Runtime    Last Run
-----------------------------  -----  ---------  --------  ----------  --------------  -------------------
/opt/airflow/dags/ejemplo1.py    266  0.00s             1           0  0.07s           2025-11-15T20:05:13
================================================================================
[2025-11-15T20:06:11.607+0000] {manager.py:737} INFO - Searching for files in /opt/airflow/dags
[2025-11-15T20:06:11.608+0000] {manager.py:740} INFO - There are 1 files in /opt/airflow/dags
[2025-11-15T20:06:13.625+0000] {manager.py:878} INFO - 
================================================================================
DAG File Processing Stats

File Path                        PID  Runtime      # DAGs    # Errors  Last Runtime    Last Run
-----------------------------  -----  ---------  --------  ----------  --------------  -------------------
/opt/airflow/dags/ejemplo1.py    271  0.00s             1           0  0.07s           2025-11-15T20:05:43
================================================================================
[2025-11-15T20:06:43.745+0000] {manager.py:878} INFO - 
================================================================================
DAG File Processing Stats

File Path                        PID  Runtime      # DAGs    # Errors  Last Runtime    Last Run
-----------------------------  -----  ---------  --------  ----------  --------------  -------------------
/opt/airflow/dags/ejemplo1.py    276  0.00s             1           0  0.08s           2025-11-15T20:06:13
================================================================================
[2025-11-15T20:07:13.904+0000] {manager.py:878} INFO - 
================================================================================
DAG File Processing Stats

File Path                        PID  Runtime      # DAGs    # Errors  Last Runtime    Last Run
-----------------------------  -----  ---------  --------  ----------  --------------  -------------------
/opt/airflow/dags/ejemplo1.py    281  0.00s             1           0  0.10s           2025-11-15T20:06:43
================================================================================
[2025-11-15T20:07:44.042+0000] {manager.py:878} INFO - 
================================================================================
DAG File Processing Stats

File Path                        PID  Runtime      # DAGs    # Errors  Last Runtime    Last Run
-----------------------------  -----  ---------  --------  ----------  --------------  -------------------
/opt/airflow/dags/ejemplo1.py    286  0.00s             1           0  0.07s           2025-11-15T20:07:13
================================================================================
[2025-11-15T20:08:14.176+0000] {manager.py:878} INFO - 
================================================================================
DAG File Processing Stats

File Path                        PID  Runtime      # DAGs    # Errors  Last Runtime    Last Run
-----------------------------  -----  ---------  --------  ----------  --------------  -------------------
/opt/airflow/dags/ejemplo1.py    291  0.00s             1           0  0.07s           2025-11-15T20:07:44
================================================================================
[2025-11-15T20:08:44.294+0000] {manager.py:878} INFO - 
================================================================================
DAG File Processing Stats

File Path                        PID  Runtime      # DAGs    # Errors  Last Runtime    Last Run
-----------------------------  -----  ---------  --------  ----------  --------------  -------------------
/opt/airflow/dags/ejemplo1.py    296  0.00s             1           0  0.07s           2025-11-15T20:08:14
================================================================================
[2025-11-15T20:09:14.468+0000] {manager.py:878} INFO - 
================================================================================
DAG File Processing Stats

File Path                      PID    Runtime      # DAGs    # Errors  Last Runtime    Last Run
-----------------------------  -----  ---------  --------  ----------  --------------  -------------------
/opt/airflow/dags/ejemplo1.py                           1           0  0.17s           2025-11-15T20:09:05
================================================================================
[2025-11-15T20:09:44.699+0000] {manager.py:878} INFO - 
================================================================================
DAG File Processing Stats

File Path                      PID    Runtime      # DAGs    # Errors  Last Runtime    Last Run
-----------------------------  -----  ---------  --------  ----------  --------------  -------------------
/opt/airflow/dags/ejemplo1.py                           1           0  0.14s           2025-11-15T20:09:40
================================================================================
[2025-11-15T20:10:14.814+0000] {manager.py:878} INFO - 
================================================================================
DAG File Processing Stats

File Path                      PID    Runtime      # DAGs    # Errors  Last Runtime    Last Run
-----------------------------  -----  ---------  --------  ----------  --------------  -------------------
/opt/airflow/dags/ejemplo1.py                           1           0  0.07s           2025-11-15T20:10:10
================================================================================
[2025-11-15T20:10:44.974+0000] {manager.py:878} INFO - 
================================================================================
DAG File Processing Stats

File Path                      PID    Runtime      # DAGs    # Errors  Last Runtime    Last Run
-----------------------------  -----  ---------  --------  ----------  --------------  -------------------
/opt/airflow/dags/ejemplo1.py                           1           0  0.09s           2025-11-15T20:10:41
================================================================================
[2025-11-15T20:11:04.951+0000] {manager.py:452} INFO - Exiting gracefully upon receiving signal 15
[2025-11-15T20:11:37.322+0000] {manager.py:470} INFO - Processing files using up to 2 processes at a time 
[2025-11-15T20:11:37.323+0000] {manager.py:471} INFO - Process each file at most once every 30 seconds
[2025-11-15T20:11:37.323+0000] {manager.py:472} INFO - Checking for new files in /opt/airflow/dags every 300 seconds
[2025-11-15T20:11:37.323+0000] {manager.py:737} INFO - Searching for files in /opt/airflow/dags
[2025-11-15T20:11:37.325+0000] {manager.py:740} INFO - There are 1 files in /opt/airflow/dags
[2025-11-15T20:11:37.391+0000] {manager.py:878} INFO - 
================================================================================
DAG File Processing Stats

File Path                        PID  Runtime      # DAGs    # Errors  Last Runtime    Last Run
-----------------------------  -----  ---------  --------  ----------  --------------  ----------
/opt/airflow/dags/ejemplo1.py    164  0.03s             0           0
================================================================================
[2025-11-15T20:12:07.500+0000] {manager.py:878} INFO - 
================================================================================
DAG File Processing Stats

File Path                        PID  Runtime      # DAGs    # Errors  Last Runtime    Last Run
-----------------------------  -----  ---------  --------  ----------  --------------  -------------------
/opt/airflow/dags/ejemplo1.py    170  0.00s             1           0  0.13s           2025-11-15T20:11:37
================================================================================
[2025-11-15T20:12:37.617+0000] {manager.py:878} INFO - 
================================================================================
DAG File Processing Stats

File Path                        PID  Runtime      # DAGs    # Errors  Last Runtime    Last Run
-----------------------------  -----  ---------  --------  ----------  --------------  -------------------
/opt/airflow/dags/ejemplo1.py    178  0.00s             1           0  0.07s           2025-11-15T20:12:07
================================================================================
[2025-11-15T20:13:07.758+0000] {manager.py:878} INFO - 
================================================================================
DAG File Processing Stats

File Path                      PID    Runtime      # DAGs    # Errors  Last Runtime    Last Run
-----------------------------  -----  ---------  --------  ----------  --------------  -------------------
/opt/airflow/dags/ejemplo1.py                           1           0  0.24s           2025-11-15T20:12:37
================================================================================
[2025-11-15T20:13:38.060+0000] {manager.py:878} INFO - 
================================================================================
DAG File Processing Stats

File Path                        PID  Runtime      # DAGs    # Errors  Last Runtime    Last Run
-----------------------------  -----  ---------  --------  ----------  --------------  -------------------
/opt/airflow/dags/ejemplo1.py    188  0.00s             1           0  0.07s           2025-11-15T20:13:08
================================================================================
[2025-11-15T20:14:08.203+0000] {manager.py:878} INFO - 
================================================================================
DAG File Processing Stats

File Path                        PID  Runtime      # DAGs    # Errors  Last Runtime    Last Run
-----------------------------  -----  ---------  --------  ----------  --------------  -------------------
/opt/airflow/dags/ejemplo1.py    193  0.00s             1           0  0.09s           2025-11-15T20:13:38
================================================================================
[2025-11-15T20:14:21.793+0000] {manager.py:452} INFO - Exiting gracefully upon receiving signal 15
[2025-11-16T00:08:32.778+0000] {manager.py:470} INFO - Processing files using up to 2 processes at a time 
[2025-11-16T00:08:32.778+0000] {manager.py:471} INFO - Process each file at most once every 30 seconds
[2025-11-16T00:08:32.779+0000] {manager.py:472} INFO - Checking for new files in /opt/airflow/dags every 300 seconds
[2025-11-16T00:08:32.779+0000] {manager.py:737} INFO - Searching for files in /opt/airflow/dags
[2025-11-16T00:08:32.780+0000] {manager.py:740} INFO - There are 1 files in /opt/airflow/dags
[2025-11-16T00:08:32.835+0000] {manager.py:878} INFO - 
================================================================================
DAG File Processing Stats

File Path                        PID  Runtime      # DAGs    # Errors  Last Runtime    Last Run
-----------------------------  -----  ---------  --------  ----------  --------------  ----------
/opt/airflow/dags/ejemplo1.py    164  0.02s             0           0
================================================================================
[2025-11-16T00:09:02.925+0000] {manager.py:878} INFO - 
================================================================================
DAG File Processing Stats

File Path                        PID  Runtime      # DAGs    # Errors  Last Runtime    Last Run
-----------------------------  -----  ---------  --------  ----------  --------------  -------------------
/opt/airflow/dags/ejemplo1.py    170  0.00s             1           0  0.10s           2025-11-16T00:08:32
================================================================================
[2025-11-16T00:09:33.030+0000] {manager.py:878} INFO - 
================================================================================
DAG File Processing Stats

File Path                        PID  Runtime      # DAGs    # Errors  Last Runtime    Last Run
-----------------------------  -----  ---------  --------  ----------  --------------  -------------------
/opt/airflow/dags/ejemplo1.py    175  0.00s             1           0  0.05s           2025-11-16T00:09:02
================================================================================
[2025-11-16T00:10:03.125+0000] {manager.py:878} INFO - 
================================================================================
DAG File Processing Stats

File Path                      PID    Runtime      # DAGs    # Errors  Last Runtime    Last Run
-----------------------------  -----  ---------  --------  ----------  --------------  -------------------
/opt/airflow/dags/ejemplo1.py                           1           0  0.18s           2025-11-16T00:09:33
================================================================================
[2025-11-16T00:10:33.389+0000] {manager.py:878} INFO - 
================================================================================
DAG File Processing Stats

File Path                        PID  Runtime      # DAGs    # Errors  Last Runtime    Last Run
-----------------------------  -----  ---------  --------  ----------  --------------  -------------------
/opt/airflow/dags/ejemplo1.py    185  0.00s             1           0  0.05s           2025-11-16T00:10:03
================================================================================
[2025-11-16T00:11:03.498+0000] {manager.py:878} INFO - 
================================================================================
DAG File Processing Stats

File Path                        PID  Runtime      # DAGs    # Errors  Last Runtime    Last Run
-----------------------------  -----  ---------  --------  ----------  --------------  -------------------
/opt/airflow/dags/ejemplo1.py    190  0.00s             1           0  0.05s           2025-11-16T00:10:33
================================================================================
[2025-11-16T00:11:33.602+0000] {manager.py:878} INFO - 
================================================================================
DAG File Processing Stats

File Path                        PID  Runtime      # DAGs    # Errors  Last Runtime    Last Run
-----------------------------  -----  ---------  --------  ----------  --------------  -------------------
/opt/airflow/dags/ejemplo1.py    195  0.00s             1           0  0.05s           2025-11-16T00:11:03
================================================================================
[2025-11-16T00:12:03.722+0000] {manager.py:878} INFO - 
================================================================================
DAG File Processing Stats

File Path                        PID  Runtime      # DAGs    # Errors  Last Runtime    Last Run
-----------------------------  -----  ---------  --------  ----------  --------------  -------------------
/opt/airflow/dags/ejemplo1.py    200  0.00s             1           0  0.05s           2025-11-16T00:11:33
================================================================================
[2025-11-16T00:12:33.815+0000] {manager.py:878} INFO - 
================================================================================
DAG File Processing Stats

File Path                        PID  Runtime      # DAGs    # Errors  Last Runtime    Last Run
-----------------------------  -----  ---------  --------  ----------  --------------  -------------------
/opt/airflow/dags/ejemplo1.py    205  0.00s             1           0  0.05s           2025-11-16T00:12:03
================================================================================
[2025-11-16T00:13:03.931+0000] {manager.py:878} INFO - 
================================================================================
DAG File Processing Stats

File Path                        PID  Runtime      # DAGs    # Errors  Last Runtime    Last Run
-----------------------------  -----  ---------  --------  ----------  --------------  -------------------
/opt/airflow/dags/ejemplo1.py    213  0.00s             1           0  0.06s           2025-11-16T00:12:33
================================================================================
[2025-11-16T00:13:33.024+0000] {manager.py:737} INFO - Searching for files in /opt/airflow/dags
[2025-11-16T00:13:33.025+0000] {manager.py:740} INFO - There are 1 files in /opt/airflow/dags
[2025-11-16T00:13:34.037+0000] {manager.py:878} INFO - 
================================================================================
DAG File Processing Stats

File Path                        PID  Runtime      # DAGs    # Errors  Last Runtime    Last Run
-----------------------------  -----  ---------  --------  ----------  --------------  -------------------
/opt/airflow/dags/ejemplo1.py    218  0.00s             1           0  0.06s           2025-11-16T00:13:03
================================================================================
[2025-11-16T00:14:04.146+0000] {manager.py:878} INFO - 
================================================================================
DAG File Processing Stats

File Path                        PID  Runtime      # DAGs    # Errors  Last Runtime    Last Run
-----------------------------  -----  ---------  --------  ----------  --------------  -------------------
/opt/airflow/dags/ejemplo1.py    223  0.00s             1           0  0.06s           2025-11-16T00:13:34
================================================================================
[2025-11-16T00:14:34.257+0000] {manager.py:878} INFO - 
================================================================================
DAG File Processing Stats

File Path                        PID  Runtime      # DAGs    # Errors  Last Runtime    Last Run
-----------------------------  -----  ---------  --------  ----------  --------------  -------------------
/opt/airflow/dags/ejemplo1.py    228  0.00s             1           0  0.06s           2025-11-16T00:14:04
================================================================================
[2025-11-16T00:15:04.361+0000] {manager.py:878} INFO - 
================================================================================
DAG File Processing Stats

File Path                        PID  Runtime      # DAGs    # Errors  Last Runtime    Last Run
-----------------------------  -----  ---------  --------  ----------  --------------  -------------------
/opt/airflow/dags/ejemplo1.py    233  0.00s             1           0  0.05s           2025-11-16T00:14:34
================================================================================
[2025-11-16T00:15:34.468+0000] {manager.py:878} INFO - 
================================================================================
DAG File Processing Stats

File Path                        PID  Runtime      # DAGs    # Errors  Last Runtime    Last Run
-----------------------------  -----  ---------  --------  ----------  --------------  -------------------
/opt/airflow/dags/ejemplo1.py    238  0.00s             1           0  0.05s           2025-11-16T00:15:04
================================================================================
[2025-11-16T00:16:04.568+0000] {manager.py:878} INFO - 
================================================================================
DAG File Processing Stats

File Path                        PID  Runtime      # DAGs    # Errors  Last Runtime    Last Run
-----------------------------  -----  ---------  --------  ----------  --------------  -------------------
/opt/airflow/dags/ejemplo1.py    243  0.00s             1           0  0.06s           2025-11-16T00:15:34
================================================================================
[2025-11-16T00:16:34.686+0000] {manager.py:878} INFO - 
================================================================================
DAG File Processing Stats

File Path                        PID  Runtime      # DAGs    # Errors  Last Runtime    Last Run
-----------------------------  -----  ---------  --------  ----------  --------------  -------------------
/opt/airflow/dags/ejemplo1.py    248  0.00s             1           0  0.05s           2025-11-16T00:16:04
================================================================================
[2025-11-16T00:17:04.796+0000] {manager.py:878} INFO - 
================================================================================
DAG File Processing Stats

File Path                        PID  Runtime      # DAGs    # Errors  Last Runtime    Last Run
-----------------------------  -----  ---------  --------  ----------  --------------  -------------------
/opt/airflow/dags/ejemplo1.py    253  0.00s             1           0  0.05s           2025-11-16T00:16:34
================================================================================
[2025-11-16T00:17:34.910+0000] {manager.py:878} INFO - 
================================================================================
DAG File Processing Stats

File Path                        PID  Runtime      # DAGs    # Errors  Last Runtime    Last Run
-----------------------------  -----  ---------  --------  ----------  --------------  -------------------
/opt/airflow/dags/ejemplo1.py    258  0.00s             1           0  0.05s           2025-11-16T00:17:04
================================================================================
[2025-11-16T00:18:05.020+0000] {manager.py:878} INFO - 
================================================================================
DAG File Processing Stats

File Path                        PID  Runtime      # DAGs    # Errors  Last Runtime    Last Run
-----------------------------  -----  ---------  --------  ----------  --------------  -------------------
/opt/airflow/dags/ejemplo1.py    263  0.00s             1           0  0.05s           2025-11-16T00:17:34
================================================================================
[2025-11-16T00:18:33.111+0000] {manager.py:737} INFO - Searching for files in /opt/airflow/dags
[2025-11-16T00:18:33.111+0000] {manager.py:740} INFO - There are 1 files in /opt/airflow/dags
[2025-11-16T00:18:35.125+0000] {manager.py:878} INFO - 
================================================================================
DAG File Processing Stats

File Path                        PID  Runtime      # DAGs    # Errors  Last Runtime    Last Run
-----------------------------  -----  ---------  --------  ----------  --------------  -------------------
/opt/airflow/dags/ejemplo1.py    268  0.00s             1           0  0.05s           2025-11-16T00:18:05
================================================================================
[2025-11-16T00:19:05.224+0000] {manager.py:878} INFO - 
================================================================================
DAG File Processing Stats

File Path                        PID  Runtime      # DAGs    # Errors  Last Runtime    Last Run
-----------------------------  -----  ---------  --------  ----------  --------------  -------------------
/opt/airflow/dags/ejemplo1.py    273  0.00s             1           0  0.06s           2025-11-16T00:18:35
================================================================================
[2025-11-16T00:19:35.348+0000] {manager.py:878} INFO - 
================================================================================
DAG File Processing Stats

File Path                        PID  Runtime      # DAGs    # Errors  Last Runtime    Last Run
-----------------------------  -----  ---------  --------  ----------  --------------  -------------------
/opt/airflow/dags/ejemplo1.py    278  0.00s             1           0  0.05s           2025-11-16T00:19:05
================================================================================
[2025-11-16T00:20:05.444+0000] {manager.py:878} INFO - 
================================================================================
DAG File Processing Stats

File Path                        PID  Runtime      # DAGs    # Errors  Last Runtime    Last Run
-----------------------------  -----  ---------  --------  ----------  --------------  -------------------
/opt/airflow/dags/ejemplo1.py    283  0.00s             1           0  0.05s           2025-11-16T00:19:35
================================================================================
[2025-11-16T00:20:35.558+0000] {manager.py:878} INFO - 
================================================================================
DAG File Processing Stats

File Path                        PID  Runtime      # DAGs    # Errors  Last Runtime    Last Run
-----------------------------  -----  ---------  --------  ----------  --------------  -------------------
/opt/airflow/dags/ejemplo1.py    288  0.00s             1           0  0.05s           2025-11-16T00:20:05
================================================================================
[2025-11-16T00:21:05.650+0000] {manager.py:878} INFO - 
================================================================================
DAG File Processing Stats

File Path                        PID  Runtime      # DAGs    # Errors  Last Runtime    Last Run
-----------------------------  -----  ---------  --------  ----------  --------------  -------------------
/opt/airflow/dags/ejemplo1.py    293  0.00s             1           0  0.05s           2025-11-16T00:20:35
================================================================================
[2025-11-16T00:21:35.769+0000] {manager.py:878} INFO - 
================================================================================
DAG File Processing Stats

File Path                        PID  Runtime      # DAGs    # Errors  Last Runtime    Last Run
-----------------------------  -----  ---------  --------  ----------  --------------  -------------------
/opt/airflow/dags/ejemplo1.py    298  0.00s             1           0  0.06s           2025-11-16T00:21:05
================================================================================
[2025-11-16T00:22:05.861+0000] {manager.py:878} INFO - 
================================================================================
DAG File Processing Stats

File Path                        PID  Runtime      # DAGs    # Errors  Last Runtime    Last Run
-----------------------------  -----  ---------  --------  ----------  --------------  -------------------
/opt/airflow/dags/ejemplo1.py    303  0.00s             1           0  0.06s           2025-11-16T00:21:35
================================================================================
[2025-11-16T00:22:35.987+0000] {manager.py:878} INFO - 
================================================================================
DAG File Processing Stats

File Path                        PID  Runtime      # DAGs    # Errors  Last Runtime    Last Run
-----------------------------  -----  ---------  --------  ----------  --------------  -------------------
/opt/airflow/dags/ejemplo1.py    308  0.00s             1           0  0.06s           2025-11-16T00:22:05
================================================================================
[2025-11-16T00:23:06.095+0000] {manager.py:878} INFO - 
================================================================================
DAG File Processing Stats

File Path                        PID  Runtime      # DAGs    # Errors  Last Runtime    Last Run
-----------------------------  -----  ---------  --------  ----------  --------------  -------------------
/opt/airflow/dags/ejemplo1.py    313  0.00s             1           0  0.05s           2025-11-16T00:22:36
================================================================================
[2025-11-16T00:23:33.193+0000] {manager.py:737} INFO - Searching for files in /opt/airflow/dags
[2025-11-16T00:23:33.193+0000] {manager.py:740} INFO - There are 1 files in /opt/airflow/dags
[2025-11-16T00:23:36.210+0000] {manager.py:878} INFO - 
================================================================================
DAG File Processing Stats

File Path                        PID  Runtime      # DAGs    # Errors  Last Runtime    Last Run
-----------------------------  -----  ---------  --------  ----------  --------------  -------------------
/opt/airflow/dags/ejemplo1.py    318  0.00s             1           0  0.06s           2025-11-16T00:23:06
================================================================================
[2025-11-16T00:24:06.305+0000] {manager.py:878} INFO - 
================================================================================
DAG File Processing Stats

File Path                        PID  Runtime      # DAGs    # Errors  Last Runtime    Last Run
-----------------------------  -----  ---------  --------  ----------  --------------  -------------------
/opt/airflow/dags/ejemplo1.py    323  0.00s             1           0  0.05s           2025-11-16T00:23:36
================================================================================
[2025-11-16T00:24:36.418+0000] {manager.py:878} INFO - 
================================================================================
DAG File Processing Stats

File Path                        PID  Runtime      # DAGs    # Errors  Last Runtime    Last Run
-----------------------------  -----  ---------  --------  ----------  --------------  -------------------
/opt/airflow/dags/ejemplo1.py    328  0.00s             1           0  0.06s           2025-11-16T00:24:06
================================================================================
[2025-11-16T00:25:06.529+0000] {manager.py:878} INFO - 
================================================================================
DAG File Processing Stats

File Path                        PID  Runtime      # DAGs    # Errors  Last Runtime    Last Run
-----------------------------  -----  ---------  --------  ----------  --------------  -------------------
/opt/airflow/dags/ejemplo1.py    333  0.00s             1           0  0.05s           2025-11-16T00:24:36
================================================================================
[2025-11-16T00:25:36.638+0000] {manager.py:878} INFO - 
================================================================================
DAG File Processing Stats

File Path                        PID  Runtime      # DAGs    # Errors  Last Runtime    Last Run
-----------------------------  -----  ---------  --------  ----------  --------------  -------------------
/opt/airflow/dags/ejemplo1.py    338  0.00s             1           0  0.05s           2025-11-16T00:25:06
================================================================================
[2025-11-16T00:26:06.759+0000] {manager.py:878} INFO - 
================================================================================
DAG File Processing Stats

File Path                        PID  Runtime      # DAGs    # Errors  Last Runtime    Last Run
-----------------------------  -----  ---------  --------  ----------  --------------  -------------------
/opt/airflow/dags/ejemplo1.py    343  0.00s             1           0  0.05s           2025-11-16T00:25:36
================================================================================
[2025-11-16T00:26:36.864+0000] {manager.py:878} INFO - 
================================================================================
DAG File Processing Stats

File Path                        PID  Runtime      # DAGs    # Errors  Last Runtime    Last Run
-----------------------------  -----  ---------  --------  ----------  --------------  -------------------
/opt/airflow/dags/ejemplo1.py    348  0.00s             1           0  0.05s           2025-11-16T00:26:06
================================================================================
[2025-11-16T00:27:06.991+0000] {manager.py:878} INFO - 
================================================================================
DAG File Processing Stats

File Path                        PID  Runtime      # DAGs    # Errors  Last Runtime    Last Run
-----------------------------  -----  ---------  --------  ----------  --------------  -------------------
/opt/airflow/dags/ejemplo1.py    353  0.00s             1           0  0.05s           2025-11-16T00:26:36
================================================================================
[2025-11-16T00:27:37.094+0000] {manager.py:878} INFO - 
================================================================================
DAG File Processing Stats

File Path                        PID  Runtime      # DAGs    # Errors  Last Runtime    Last Run
-----------------------------  -----  ---------  --------  ----------  --------------  -------------------
/opt/airflow/dags/ejemplo1.py    358  0.00s             1           0  0.06s           2025-11-16T00:27:07
================================================================================
[2025-11-16T00:28:07.224+0000] {manager.py:878} INFO - 
================================================================================
DAG File Processing Stats

File Path                        PID  Runtime      # DAGs    # Errors  Last Runtime    Last Run
-----------------------------  -----  ---------  --------  ----------  --------------  -------------------
/opt/airflow/dags/ejemplo1.py    363  0.00s             1           0  0.06s           2025-11-16T00:27:37
================================================================================
[2025-11-16T00:28:33.317+0000] {manager.py:737} INFO - Searching for files in /opt/airflow/dags
[2025-11-16T00:28:33.317+0000] {manager.py:740} INFO - There are 1 files in /opt/airflow/dags
[2025-11-16T00:28:37.339+0000] {manager.py:878} INFO - 
================================================================================
DAG File Processing Stats

File Path                        PID  Runtime      # DAGs    # Errors  Last Runtime    Last Run
-----------------------------  -----  ---------  --------  ----------  --------------  -------------------
/opt/airflow/dags/ejemplo1.py    368  0.00s             1           0  0.05s           2025-11-16T00:28:07
================================================================================
[2025-11-16T00:29:07.453+0000] {manager.py:878} INFO - 
================================================================================
DAG File Processing Stats

File Path                        PID  Runtime      # DAGs    # Errors  Last Runtime    Last Run
-----------------------------  -----  ---------  --------  ----------  --------------  -------------------
/opt/airflow/dags/ejemplo1.py    373  0.00s             1           0  0.05s           2025-11-16T00:28:37
================================================================================
[2025-11-16T00:29:37.568+0000] {manager.py:878} INFO - 
================================================================================
DAG File Processing Stats

File Path                        PID  Runtime      # DAGs    # Errors  Last Runtime    Last Run
-----------------------------  -----  ---------  --------  ----------  --------------  -------------------
/opt/airflow/dags/ejemplo1.py    378  0.00s             1           0  0.06s           2025-11-16T00:29:07
================================================================================
[2025-11-16T00:30:07.684+0000] {manager.py:878} INFO - 
================================================================================
DAG File Processing Stats

File Path                        PID  Runtime      # DAGs    # Errors  Last Runtime    Last Run
-----------------------------  -----  ---------  --------  ----------  --------------  -------------------
/opt/airflow/dags/ejemplo1.py    383  0.00s             1           0  0.05s           2025-11-16T00:29:37
================================================================================
[2025-11-16T00:30:37.787+0000] {manager.py:878} INFO - 
================================================================================
DAG File Processing Stats

File Path                        PID  Runtime      # DAGs    # Errors  Last Runtime    Last Run
-----------------------------  -----  ---------  --------  ----------  --------------  -------------------
/opt/airflow/dags/ejemplo1.py    388  0.00s             1           0  0.05s           2025-11-16T00:30:07
================================================================================
[2025-11-16T00:31:07.895+0000] {manager.py:878} INFO - 
================================================================================
DAG File Processing Stats

File Path                        PID  Runtime      # DAGs    # Errors  Last Runtime    Last Run
-----------------------------  -----  ---------  --------  ----------  --------------  -------------------
/opt/airflow/dags/ejemplo1.py    393  0.00s             1           0  0.05s           2025-11-16T00:30:37
================================================================================
[2025-11-16T00:31:37.996+0000] {manager.py:878} INFO - 
================================================================================
DAG File Processing Stats

File Path                        PID  Runtime      # DAGs    # Errors  Last Runtime    Last Run
-----------------------------  -----  ---------  --------  ----------  --------------  -------------------
/opt/airflow/dags/ejemplo1.py    398  0.00s             1           0  0.05s           2025-11-16T00:31:07
================================================================================
[2025-11-16T00:32:08.105+0000] {manager.py:878} INFO - 
================================================================================
DAG File Processing Stats

File Path                        PID  Runtime      # DAGs    # Errors  Last Runtime    Last Run
-----------------------------  -----  ---------  --------  ----------  --------------  -------------------
/opt/airflow/dags/ejemplo1.py    403  0.00s             1           0  0.05s           2025-11-16T00:31:38
================================================================================
[2025-11-16T00:32:38.203+0000] {manager.py:878} INFO - 
================================================================================
DAG File Processing Stats

File Path                        PID  Runtime      # DAGs    # Errors  Last Runtime    Last Run
-----------------------------  -----  ---------  --------  ----------  --------------  -------------------
/opt/airflow/dags/ejemplo1.py    408  0.00s             1           0  0.05s           2025-11-16T00:32:08
================================================================================
[2025-11-16T00:33:08.314+0000] {manager.py:878} INFO - 
================================================================================
DAG File Processing Stats

File Path                        PID  Runtime      # DAGs    # Errors  Last Runtime    Last Run
-----------------------------  -----  ---------  --------  ----------  --------------  -------------------
/opt/airflow/dags/ejemplo1.py    413  0.00s             1           0  0.06s           2025-11-16T00:32:38
================================================================================
[2025-11-16T00:33:33.407+0000] {manager.py:737} INFO - Searching for files in /opt/airflow/dags
[2025-11-16T00:33:33.407+0000] {manager.py:740} INFO - There are 1 files in /opt/airflow/dags
[2025-11-16T00:33:38.432+0000] {manager.py:878} INFO - 
================================================================================
DAG File Processing Stats

File Path                        PID  Runtime      # DAGs    # Errors  Last Runtime    Last Run
-----------------------------  -----  ---------  --------  ----------  --------------  -------------------
/opt/airflow/dags/ejemplo1.py    418  0.00s             1           0  0.05s           2025-11-16T00:33:08
================================================================================
[2025-11-16T00:34:08.533+0000] {manager.py:878} INFO - 
================================================================================
DAG File Processing Stats

File Path                        PID  Runtime      # DAGs    # Errors  Last Runtime    Last Run
-----------------------------  -----  ---------  --------  ----------  --------------  -------------------
/opt/airflow/dags/ejemplo1.py    423  0.00s             1           0  0.05s           2025-11-16T00:33:38
================================================================================
[2025-11-16T00:34:38.649+0000] {manager.py:878} INFO - 
================================================================================
DAG File Processing Stats

File Path                        PID  Runtime      # DAGs    # Errors  Last Runtime    Last Run
-----------------------------  -----  ---------  --------  ----------  --------------  -------------------
/opt/airflow/dags/ejemplo1.py    428  0.00s             1           0  0.06s           2025-11-16T00:34:08
================================================================================
[2025-11-16T00:35:08.758+0000] {manager.py:878} INFO - 
================================================================================
DAG File Processing Stats

File Path                        PID  Runtime      # DAGs    # Errors  Last Runtime    Last Run
-----------------------------  -----  ---------  --------  ----------  --------------  -------------------
/opt/airflow/dags/ejemplo1.py    433  0.00s             1           0  0.05s           2025-11-16T00:34:38
================================================================================
[2025-11-16T00:35:38.878+0000] {manager.py:878} INFO - 
================================================================================
DAG File Processing Stats

File Path                        PID  Runtime      # DAGs    # Errors  Last Runtime    Last Run
-----------------------------  -----  ---------  --------  ----------  --------------  -------------------
/opt/airflow/dags/ejemplo1.py    438  0.00s             1           0  0.06s           2025-11-16T00:35:08
================================================================================
[2025-11-16T00:36:08.986+0000] {manager.py:878} INFO - 
================================================================================
DAG File Processing Stats

File Path                        PID  Runtime      # DAGs    # Errors  Last Runtime    Last Run
-----------------------------  -----  ---------  --------  ----------  --------------  -------------------
/opt/airflow/dags/ejemplo1.py    443  0.00s             1           0  0.05s           2025-11-16T00:35:38
================================================================================
[2025-11-16T00:36:39.105+0000] {manager.py:878} INFO - 
================================================================================
DAG File Processing Stats

File Path                        PID  Runtime      # DAGs    # Errors  Last Runtime    Last Run
-----------------------------  -----  ---------  --------  ----------  --------------  -------------------
/opt/airflow/dags/ejemplo1.py    448  0.00s             1           0  0.05s           2025-11-16T00:36:09
================================================================================
[2025-11-16T00:37:09.214+0000] {manager.py:878} INFO - 
================================================================================
DAG File Processing Stats

File Path                        PID  Runtime      # DAGs    # Errors  Last Runtime    Last Run
-----------------------------  -----  ---------  --------  ----------  --------------  -------------------
/opt/airflow/dags/ejemplo1.py    453  0.00s             1           0  0.05s           2025-11-16T00:36:39
================================================================================
[2025-11-16T00:37:39.335+0000] {manager.py:878} INFO - 
================================================================================
DAG File Processing Stats

File Path                        PID  Runtime      # DAGs    # Errors  Last Runtime    Last Run
-----------------------------  -----  ---------  --------  ----------  --------------  -------------------
/opt/airflow/dags/ejemplo1.py    458  0.00s             1           0  0.05s           2025-11-16T00:37:09
================================================================================
[2025-11-16T00:38:09.442+0000] {manager.py:878} INFO - 
================================================================================
DAG File Processing Stats

File Path                        PID  Runtime      # DAGs    # Errors  Last Runtime    Last Run
-----------------------------  -----  ---------  --------  ----------  --------------  -------------------
/opt/airflow/dags/ejemplo1.py    463  0.00s             1           0  0.05s           2025-11-16T00:37:39
================================================================================
[2025-11-16T00:38:33.538+0000] {manager.py:737} INFO - Searching for files in /opt/airflow/dags
[2025-11-16T00:38:33.539+0000] {manager.py:740} INFO - There are 1 files in /opt/airflow/dags
[2025-11-16T00:38:39.569+0000] {manager.py:878} INFO - 
================================================================================
DAG File Processing Stats

File Path                        PID  Runtime      # DAGs    # Errors  Last Runtime    Last Run
-----------------------------  -----  ---------  --------  ----------  --------------  -------------------
/opt/airflow/dags/ejemplo1.py    468  0.00s             1           0  0.06s           2025-11-16T00:38:09
================================================================================
[2025-11-16T00:39:09.681+0000] {manager.py:878} INFO - 
================================================================================
DAG File Processing Stats

File Path                        PID  Runtime      # DAGs    # Errors  Last Runtime    Last Run
-----------------------------  -----  ---------  --------  ----------  --------------  -------------------
/opt/airflow/dags/ejemplo1.py    473  0.00s             1           0  0.05s           2025-11-16T00:38:39
================================================================================
[2025-11-16T00:39:39.799+0000] {manager.py:878} INFO - 
================================================================================
DAG File Processing Stats

File Path                        PID  Runtime      # DAGs    # Errors  Last Runtime    Last Run
-----------------------------  -----  ---------  --------  ----------  --------------  -------------------
/opt/airflow/dags/ejemplo1.py    478  0.00s             1           0  0.05s           2025-11-16T00:39:09
================================================================================
[2025-11-16T00:40:09.908+0000] {manager.py:878} INFO - 
================================================================================
DAG File Processing Stats

File Path                        PID  Runtime      # DAGs    # Errors  Last Runtime    Last Run
-----------------------------  -----  ---------  --------  ----------  --------------  -------------------
/opt/airflow/dags/ejemplo1.py    483  0.00s             1           0  0.05s           2025-11-16T00:39:39
================================================================================
[2025-11-16T00:40:40.026+0000] {manager.py:878} INFO - 
================================================================================
DAG File Processing Stats

File Path                        PID  Runtime      # DAGs    # Errors  Last Runtime    Last Run
-----------------------------  -----  ---------  --------  ----------  --------------  -------------------
/opt/airflow/dags/ejemplo1.py    488  0.00s             1           0  0.06s           2025-11-16T00:40:09
================================================================================
[2025-11-16T00:41:10.136+0000] {manager.py:878} INFO - 
================================================================================
DAG File Processing Stats

File Path                        PID  Runtime      # DAGs    # Errors  Last Runtime    Last Run
-----------------------------  -----  ---------  --------  ----------  --------------  -------------------
/opt/airflow/dags/ejemplo1.py    493  0.00s             1           0  0.06s           2025-11-16T00:40:40
================================================================================
[2025-11-16T00:41:40.258+0000] {manager.py:878} INFO - 
================================================================================
DAG File Processing Stats

File Path                        PID  Runtime      # DAGs    # Errors  Last Runtime    Last Run
-----------------------------  -----  ---------  --------  ----------  --------------  -------------------
/opt/airflow/dags/ejemplo1.py    498  0.00s             1           0  0.05s           2025-11-16T00:41:10
================================================================================
[2025-11-16T00:42:10.368+0000] {manager.py:878} INFO - 
================================================================================
DAG File Processing Stats

File Path                        PID  Runtime      # DAGs    # Errors  Last Runtime    Last Run
-----------------------------  -----  ---------  --------  ----------  --------------  -------------------
/opt/airflow/dags/ejemplo1.py    503  0.00s             1           0  0.05s           2025-11-16T00:41:40
================================================================================
[2025-11-16T00:42:40.479+0000] {manager.py:878} INFO - 
================================================================================
DAG File Processing Stats

File Path                        PID  Runtime      # DAGs    # Errors  Last Runtime    Last Run
-----------------------------  -----  ---------  --------  ----------  --------------  -------------------
/opt/airflow/dags/ejemplo1.py    508  0.00s             1           0  0.05s           2025-11-16T00:42:10
================================================================================
[2025-11-16T00:43:10.591+0000] {manager.py:878} INFO - 
================================================================================
DAG File Processing Stats

File Path                        PID  Runtime      # DAGs    # Errors  Last Runtime    Last Run
-----------------------------  -----  ---------  --------  ----------  --------------  -------------------
/opt/airflow/dags/ejemplo1.py    513  0.00s             1           0  0.05s           2025-11-16T00:42:40
================================================================================
[2025-11-16T00:43:33.674+0000] {manager.py:737} INFO - Searching for files in /opt/airflow/dags
[2025-11-16T00:43:33.675+0000] {manager.py:740} INFO - There are 1 files in /opt/airflow/dags
[2025-11-16T00:43:40.707+0000] {manager.py:878} INFO - 
================================================================================
DAG File Processing Stats

File Path                        PID  Runtime      # DAGs    # Errors  Last Runtime    Last Run
-----------------------------  -----  ---------  --------  ----------  --------------  -------------------
/opt/airflow/dags/ejemplo1.py    518  0.00s             1           0  0.05s           2025-11-16T00:43:10
================================================================================
[2025-11-16T00:44:10.816+0000] {manager.py:878} INFO - 
================================================================================
DAG File Processing Stats

File Path                        PID  Runtime      # DAGs    # Errors  Last Runtime    Last Run
-----------------------------  -----  ---------  --------  ----------  --------------  -------------------
/opt/airflow/dags/ejemplo1.py    523  0.00s             1           0  0.05s           2025-11-16T00:43:40
================================================================================
[2025-11-16T00:44:40.936+0000] {manager.py:878} INFO - 
================================================================================
DAG File Processing Stats

File Path                        PID  Runtime      # DAGs    # Errors  Last Runtime    Last Run
-----------------------------  -----  ---------  --------  ----------  --------------  -------------------
/opt/airflow/dags/ejemplo1.py    528  0.00s             1           0  0.05s           2025-11-16T00:44:10
================================================================================
[2025-11-16T00:45:11.035+0000] {manager.py:878} INFO - 
================================================================================
DAG File Processing Stats

File Path                        PID  Runtime      # DAGs    # Errors  Last Runtime    Last Run
-----------------------------  -----  ---------  --------  ----------  --------------  -------------------
/opt/airflow/dags/ejemplo1.py    533  0.00s             1           0  0.05s           2025-11-16T00:44:40
================================================================================
[2025-11-16T00:45:41.166+0000] {manager.py:878} INFO - 
================================================================================
DAG File Processing Stats

File Path                        PID  Runtime      # DAGs    # Errors  Last Runtime    Last Run
-----------------------------  -----  ---------  --------  ----------  --------------  -------------------
/opt/airflow/dags/ejemplo1.py    538  0.00s             1           0  0.06s           2025-11-16T00:45:11
================================================================================
[2025-11-16T00:46:11.268+0000] {manager.py:878} INFO - 
================================================================================
DAG File Processing Stats

File Path                        PID  Runtime      # DAGs    # Errors  Last Runtime    Last Run
-----------------------------  -----  ---------  --------  ----------  --------------  -------------------
/opt/airflow/dags/ejemplo1.py    543  0.00s             1           0  0.05s           2025-11-16T00:45:41
================================================================================
[2025-11-16T00:46:41.395+0000] {manager.py:878} INFO - 
================================================================================
DAG File Processing Stats

File Path                        PID  Runtime      # DAGs    # Errors  Last Runtime    Last Run
-----------------------------  -----  ---------  --------  ----------  --------------  -------------------
/opt/airflow/dags/ejemplo1.py    548  0.00s             1           0  0.05s           2025-11-16T00:46:11
================================================================================
[2025-11-16T00:47:11.491+0000] {manager.py:878} INFO - 
================================================================================
DAG File Processing Stats

File Path                        PID  Runtime      # DAGs    # Errors  Last Runtime    Last Run
-----------------------------  -----  ---------  --------  ----------  --------------  -------------------
/opt/airflow/dags/ejemplo1.py    553  0.00s             1           0  0.06s           2025-11-16T00:46:41
================================================================================
[2025-11-16T00:47:41.630+0000] {manager.py:878} INFO - 
================================================================================
DAG File Processing Stats

File Path                        PID  Runtime      # DAGs    # Errors  Last Runtime    Last Run
-----------------------------  -----  ---------  --------  ----------  --------------  -------------------
/opt/airflow/dags/ejemplo1.py    558  0.00s             1           0  0.06s           2025-11-16T00:47:11
================================================================================
[2025-11-16T00:48:11.728+0000] {manager.py:878} INFO - 
================================================================================
DAG File Processing Stats

File Path                        PID  Runtime      # DAGs    # Errors  Last Runtime    Last Run
-----------------------------  -----  ---------  --------  ----------  --------------  -------------------
/opt/airflow/dags/ejemplo1.py    563  0.00s             1           0  0.06s           2025-11-16T00:47:41
================================================================================
[2025-11-16T00:48:33.820+0000] {manager.py:737} INFO - Searching for files in /opt/airflow/dags
[2025-11-16T00:48:33.821+0000] {manager.py:740} INFO - There are 1 files in /opt/airflow/dags
[2025-11-16T00:48:41.857+0000] {manager.py:878} INFO - 
================================================================================
DAG File Processing Stats

File Path                        PID  Runtime      # DAGs    # Errors  Last Runtime    Last Run
-----------------------------  -----  ---------  --------  ----------  --------------  -------------------
/opt/airflow/dags/ejemplo1.py    568  0.00s             1           0  0.06s           2025-11-16T00:48:11
================================================================================
[2025-11-16T00:49:11.957+0000] {manager.py:878} INFO - 
================================================================================
DAG File Processing Stats

File Path                        PID  Runtime      # DAGs    # Errors  Last Runtime    Last Run
-----------------------------  -----  ---------  --------  ----------  --------------  -------------------
/opt/airflow/dags/ejemplo1.py    573  0.00s             1           0  0.05s           2025-11-16T00:48:41
================================================================================
[2025-11-16T00:49:42.074+0000] {manager.py:878} INFO - 
================================================================================
DAG File Processing Stats

File Path                        PID  Runtime      # DAGs    # Errors  Last Runtime    Last Run
-----------------------------  -----  ---------  --------  ----------  --------------  -------------------
/opt/airflow/dags/ejemplo1.py    578  0.00s             1           0  0.05s           2025-11-16T00:49:12
================================================================================
[2025-11-16T00:50:12.177+0000] {manager.py:878} INFO - 
================================================================================
DAG File Processing Stats

File Path                        PID  Runtime      # DAGs    # Errors  Last Runtime    Last Run
-----------------------------  -----  ---------  --------  ----------  --------------  -------------------
/opt/airflow/dags/ejemplo1.py    583  0.00s             1           0  0.06s           2025-11-16T00:49:42
================================================================================
[2025-11-16T00:50:42.307+0000] {manager.py:878} INFO - 
================================================================================
DAG File Processing Stats

File Path                        PID  Runtime      # DAGs    # Errors  Last Runtime    Last Run
-----------------------------  -----  ---------  --------  ----------  --------------  -------------------
/opt/airflow/dags/ejemplo1.py    588  0.00s             1           0  0.05s           2025-11-16T00:50:12
================================================================================
[2025-11-16T00:51:12.404+0000] {manager.py:878} INFO - 
================================================================================
DAG File Processing Stats

File Path                        PID  Runtime      # DAGs    # Errors  Last Runtime    Last Run
-----------------------------  -----  ---------  --------  ----------  --------------  -------------------
/opt/airflow/dags/ejemplo1.py    593  0.00s             1           0  0.05s           2025-11-16T00:50:42
================================================================================
[2025-11-16T00:51:42.527+0000] {manager.py:878} INFO - 
================================================================================
DAG File Processing Stats

File Path                        PID  Runtime      # DAGs    # Errors  Last Runtime    Last Run
-----------------------------  -----  ---------  --------  ----------  --------------  -------------------
/opt/airflow/dags/ejemplo1.py    598  0.00s             1           0  0.06s           2025-11-16T00:51:12
================================================================================
[2025-11-16T00:52:12.626+0000] {manager.py:878} INFO - 
================================================================================
DAG File Processing Stats

File Path                        PID  Runtime      # DAGs    # Errors  Last Runtime    Last Run
-----------------------------  -----  ---------  --------  ----------  --------------  -------------------
/opt/airflow/dags/ejemplo1.py    603  0.00s             1           0  0.05s           2025-11-16T00:51:42
================================================================================
[2025-11-16T00:52:42.736+0000] {manager.py:878} INFO - 
================================================================================
DAG File Processing Stats

File Path                        PID  Runtime      # DAGs    # Errors  Last Runtime    Last Run
-----------------------------  -----  ---------  --------  ----------  --------------  -------------------
/opt/airflow/dags/ejemplo1.py    608  0.00s             1           0  0.06s           2025-11-16T00:52:12
================================================================================
[2025-11-16T00:53:12.846+0000] {manager.py:878} INFO - 
================================================================================
DAG File Processing Stats

File Path                        PID  Runtime      # DAGs    # Errors  Last Runtime    Last Run
-----------------------------  -----  ---------  --------  ----------  --------------  -------------------
/opt/airflow/dags/ejemplo1.py    613  0.00s             1           0  0.06s           2025-11-16T00:52:42
================================================================================
[2025-11-16T00:53:33.917+0000] {manager.py:737} INFO - Searching for files in /opt/airflow/dags
[2025-11-16T00:53:33.917+0000] {manager.py:740} INFO - There are 1 files in /opt/airflow/dags
[2025-11-16T00:53:42.953+0000] {manager.py:878} INFO - 
================================================================================
DAG File Processing Stats

File Path                        PID  Runtime      # DAGs    # Errors  Last Runtime    Last Run
-----------------------------  -----  ---------  --------  ----------  --------------  -------------------
/opt/airflow/dags/ejemplo1.py    618  0.00s             1           0  0.05s           2025-11-16T00:53:12
================================================================================
[2025-11-16T00:53:59.505+0000] {manager.py:452} INFO - Exiting gracefully upon receiving signal 15
