[2025-11-15T19:58:10.650+0000] {local_task_job_runner.py:120} INFO - ::group::Pre task execution logs
[2025-11-15T19:58:10.673+0000] {taskinstance.py:2076} INFO - Dependencies all met for dep_context=non-requeueable deps ti=<TaskInstance: ejemplo_DAG.backup_postgres manual__2025-11-15T19:53:08.776311+00:00 [queued]>
[2025-11-15T19:58:10.678+0000] {taskinstance.py:2076} INFO - Dependencies all met for dep_context=requeueable deps ti=<TaskInstance: ejemplo_DAG.backup_postgres manual__2025-11-15T19:53:08.776311+00:00 [queued]>
[2025-11-15T19:58:10.679+0000] {taskinstance.py:2306} INFO - Starting attempt 2 of 2
[2025-11-15T19:58:10.686+0000] {taskinstance.py:2330} INFO - Executing <Task(BashOperator): backup_postgres> on 2025-11-15 19:53:08.776311+00:00
[2025-11-15T19:58:10.691+0000] {logging_mixin.py:188} WARNING - /home/***/.local/lib/python3.12/site-packages/***/task/task_runner/standard_task_runner.py:61 DeprecationWarning: This process (pid=185) is multi-threaded, use of fork() may lead to deadlocks in the child.
[2025-11-15T19:58:10.692+0000] {standard_task_runner.py:63} INFO - Started process 186 to run task
[2025-11-15T19:58:10.691+0000] {standard_task_runner.py:90} INFO - Running: ['***', 'tasks', 'run', 'ejemplo_DAG', 'backup_postgres', 'manual__2025-11-15T19:53:08.776311+00:00', '--job-id', '7', '--raw', '--subdir', 'DAGS_FOLDER/ejemplo1.py', '--cfg-path', '/tmp/tmp4mvj5lcl']
[2025-11-15T19:58:10.692+0000] {standard_task_runner.py:91} INFO - Job 7: Subtask backup_postgres
[2025-11-15T19:58:10.720+0000] {task_command.py:426} INFO - Running <TaskInstance: ejemplo_DAG.backup_postgres manual__2025-11-15T19:53:08.776311+00:00 [running]> on host b5202d7f00ee
[2025-11-15T19:58:10.777+0000] {taskinstance.py:2648} INFO - Exporting env vars: AIRFLOW_CTX_DAG_OWNER='***' AIRFLOW_CTX_DAG_ID='ejemplo_DAG' AIRFLOW_CTX_TASK_ID='backup_postgres' AIRFLOW_CTX_EXECUTION_DATE='2025-11-15T19:53:08.776311+00:00' AIRFLOW_CTX_TRY_NUMBER='2' AIRFLOW_CTX_DAG_RUN_ID='manual__2025-11-15T19:53:08.776311+00:00'
[2025-11-15T19:58:10.777+0000] {taskinstance.py:430} INFO - ::endgroup::
[2025-11-15T19:58:10.804+0000] {subprocess.py:63} INFO - Tmp dir root location: /tmp
[2025-11-15T19:58:10.804+0000] {subprocess.py:75} INFO - Running command: ['/usr/bin/bash', '-c', "\n    echo 'Prueba DAG'\n    "]
[2025-11-15T19:58:10.811+0000] {subprocess.py:86} INFO - Output:
[2025-11-15T19:58:10.812+0000] {subprocess.py:93} INFO - Prueba DAG
[2025-11-15T19:58:10.812+0000] {subprocess.py:97} INFO - Command exited with return code 0
[2025-11-15T19:58:10.812+0000] {taskinstance.py:441} INFO - ::group::Post task execution logs
[2025-11-15T19:58:10.829+0000] {taskinstance.py:1206} INFO - Marking task as SUCCESS. dag_id=ejemplo_DAG, task_id=backup_postgres, run_id=manual__2025-11-15T19:53:08.776311+00:00, execution_date=20251115T195308, start_date=20251115T195810, end_date=20251115T195810
[2025-11-15T19:58:10.865+0000] {local_task_job_runner.py:240} INFO - Task exited with return code 0
[2025-11-15T19:58:10.875+0000] {taskinstance.py:3498} INFO - 0 downstream tasks scheduled from follow-on schedule check
[2025-11-15T19:58:10.877+0000] {local_task_job_runner.py:222} INFO - ::endgroup::
