[2025-11-15T19:53:09.721+0000] {local_task_job_runner.py:120} INFO - ::group::Pre task execution logs
[2025-11-15T19:53:09.746+0000] {taskinstance.py:2076} INFO - Dependencies all met for dep_context=non-requeueable deps ti=<TaskInstance: ejemplo_DAG.backup_postgres manual__2025-11-15T19:53:08.776311+00:00 [queued]>
[2025-11-15T19:53:09.752+0000] {taskinstance.py:2076} INFO - Dependencies all met for dep_context=requeueable deps ti=<TaskInstance: ejemplo_DAG.backup_postgres manual__2025-11-15T19:53:08.776311+00:00 [queued]>
[2025-11-15T19:53:09.752+0000] {taskinstance.py:2306} INFO - Starting attempt 1 of 2
[2025-11-15T19:53:09.760+0000] {taskinstance.py:2330} INFO - Executing <Task(BashOperator): backup_postgres> on 2025-11-15 19:53:08.776311+00:00
[2025-11-15T19:53:09.765+0000] {logging_mixin.py:188} WARNING - /home/***/.local/lib/python3.12/site-packages/***/task/task_runner/standard_task_runner.py:61 DeprecationWarning: This process (pid=190) is multi-threaded, use of fork() may lead to deadlocks in the child.
[2025-11-15T19:53:09.766+0000] {standard_task_runner.py:63} INFO - Started process 191 to run task
[2025-11-15T19:53:09.765+0000] {standard_task_runner.py:90} INFO - Running: ['***', 'tasks', 'run', 'ejemplo_DAG', 'backup_postgres', 'manual__2025-11-15T19:53:08.776311+00:00', '--job-id', '5', '--raw', '--subdir', 'DAGS_FOLDER/ejemplo1.py', '--cfg-path', '/tmp/tmpw88mhtke']
[2025-11-15T19:53:09.766+0000] {standard_task_runner.py:91} INFO - Job 5: Subtask backup_postgres
[2025-11-15T19:53:09.798+0000] {task_command.py:426} INFO - Running <TaskInstance: ejemplo_DAG.backup_postgres manual__2025-11-15T19:53:08.776311+00:00 [running]> on host 89fa5932086a
[2025-11-15T19:53:09.862+0000] {taskinstance.py:2648} INFO - Exporting env vars: AIRFLOW_CTX_DAG_OWNER='***' AIRFLOW_CTX_DAG_ID='ejemplo_DAG' AIRFLOW_CTX_TASK_ID='backup_postgres' AIRFLOW_CTX_EXECUTION_DATE='2025-11-15T19:53:08.776311+00:00' AIRFLOW_CTX_TRY_NUMBER='1' AIRFLOW_CTX_DAG_RUN_ID='manual__2025-11-15T19:53:08.776311+00:00'
[2025-11-15T19:53:09.862+0000] {taskinstance.py:430} INFO - ::endgroup::
[2025-11-15T19:53:09.888+0000] {subprocess.py:63} INFO - Tmp dir root location: /tmp
[2025-11-15T19:53:09.889+0000] {subprocess.py:75} INFO - Running command: ['/usr/bin/bash', '-c', '\n    echo "Prueba DAG\n    ']
[2025-11-15T19:53:09.899+0000] {subprocess.py:86} INFO - Output:
[2025-11-15T19:53:09.902+0000] {subprocess.py:93} INFO - /usr/bin/bash: -c: line 2: unexpected EOF while looking for matching `"'
[2025-11-15T19:53:09.903+0000] {subprocess.py:97} INFO - Command exited with return code 2
[2025-11-15T19:53:09.903+0000] {taskinstance.py:441} INFO - ::group::Post task execution logs
[2025-11-15T19:53:09.911+0000] {taskinstance.py:2905} ERROR - Task failed with exception
Traceback (most recent call last):
  File "/home/airflow/.local/lib/python3.12/site-packages/airflow/models/taskinstance.py", line 465, in _execute_task
    result = _execute_callable(context=context, **execute_callable_kwargs)
             ^^^^^^^^^^^^^^^^^^^^^^^^^^^^^^^^^^^^^^^^^^^^^^^^^^^^^^^^^^^^^
  File "/home/airflow/.local/lib/python3.12/site-packages/airflow/models/taskinstance.py", line 432, in _execute_callable
    return execute_callable(context=context, **execute_callable_kwargs)
           ^^^^^^^^^^^^^^^^^^^^^^^^^^^^^^^^^^^^^^^^^^^^^^^^^^^^^^^^^^^^
  File "/home/airflow/.local/lib/python3.12/site-packages/airflow/models/baseoperator.py", line 400, in wrapper
    return func(self, *args, **kwargs)
           ^^^^^^^^^^^^^^^^^^^^^^^^^^^
  File "/home/airflow/.local/lib/python3.12/site-packages/airflow/operators/bash.py", line 243, in execute
    raise AirflowException(
airflow.exceptions.AirflowException: Bash command failed. The command returned a non-zero exit code 2.
[2025-11-15T19:53:09.915+0000] {taskinstance.py:1206} INFO - Marking task as UP_FOR_RETRY. dag_id=ejemplo_DAG, task_id=backup_postgres, run_id=manual__2025-11-15T19:53:08.776311+00:00, execution_date=20251115T195308, start_date=20251115T195309, end_date=20251115T195309
[2025-11-15T19:53:09.925+0000] {standard_task_runner.py:110} ERROR - Failed to execute job 5 for task backup_postgres (Bash command failed. The command returned a non-zero exit code 2.; 191)
[2025-11-15T19:53:09.938+0000] {local_task_job_runner.py:240} INFO - Task exited with return code 1
[2025-11-15T19:53:09.950+0000] {taskinstance.py:3498} INFO - 0 downstream tasks scheduled from follow-on schedule check
[2025-11-15T19:53:09.952+0000] {local_task_job_runner.py:222} INFO - ::endgroup::
