[2025-11-16T00:08:32.819+0000] {processor.py:161} INFO - Started process (PID=164) to work on /opt/airflow/dags/ejemplo1.py
[2025-11-16T00:08:32.820+0000] {processor.py:830} INFO - Processing file /opt/airflow/dags/ejemplo1.py for tasks to queue
[2025-11-16T00:08:32.821+0000] {logging_mixin.py:188} INFO - [2025-11-16T00:08:32.821+0000] {dagbag.py:545} INFO - Filling up the DagBag from /opt/airflow/dags/ejemplo1.py
[2025-11-16T00:08:32.838+0000] {processor.py:840} INFO - DAG(s) 'ejemplo_DAG' retrieved from /opt/airflow/dags/ejemplo1.py
[2025-11-16T00:08:32.880+0000] {logging_mixin.py:188} INFO - [2025-11-16T00:08:32.880+0000] {dag.py:3096} INFO - Sync 1 DAGs
[2025-11-16T00:08:32.890+0000] {logging_mixin.py:188} INFO - [2025-11-16T00:08:32.890+0000] {dag.py:3954} INFO - Setting next_dagrun for ejemplo_DAG to None, run_after=None
[2025-11-16T00:08:32.903+0000] {processor.py:183} INFO - Processing /opt/airflow/dags/ejemplo1.py took 0.088 seconds
[2025-11-16T00:09:02.930+0000] {processor.py:161} INFO - Started process (PID=170) to work on /opt/airflow/dags/ejemplo1.py
[2025-11-16T00:09:02.930+0000] {processor.py:830} INFO - Processing file /opt/airflow/dags/ejemplo1.py for tasks to queue
[2025-11-16T00:09:02.931+0000] {logging_mixin.py:188} INFO - [2025-11-16T00:09:02.931+0000] {dagbag.py:545} INFO - Filling up the DagBag from /opt/airflow/dags/ejemplo1.py
[2025-11-16T00:09:02.936+0000] {processor.py:840} INFO - DAG(s) 'ejemplo_DAG' retrieved from /opt/airflow/dags/ejemplo1.py
[2025-11-16T00:09:02.947+0000] {logging_mixin.py:188} INFO - [2025-11-16T00:09:02.947+0000] {dag.py:3096} INFO - Sync 1 DAGs
[2025-11-16T00:09:02.955+0000] {logging_mixin.py:188} INFO - [2025-11-16T00:09:02.955+0000] {dag.py:3954} INFO - Setting next_dagrun for ejemplo_DAG to None, run_after=None
[2025-11-16T00:09:02.965+0000] {processor.py:183} INFO - Processing /opt/airflow/dags/ejemplo1.py took 0.038 seconds
[2025-11-16T00:09:33.035+0000] {processor.py:161} INFO - Started process (PID=175) to work on /opt/airflow/dags/ejemplo1.py
[2025-11-16T00:09:33.036+0000] {processor.py:830} INFO - Processing file /opt/airflow/dags/ejemplo1.py for tasks to queue
[2025-11-16T00:09:33.036+0000] {logging_mixin.py:188} INFO - [2025-11-16T00:09:33.036+0000] {dagbag.py:545} INFO - Filling up the DagBag from /opt/airflow/dags/ejemplo1.py
[2025-11-16T00:09:33.041+0000] {processor.py:840} INFO - DAG(s) 'ejemplo_DAG' retrieved from /opt/airflow/dags/ejemplo1.py
[2025-11-16T00:09:33.186+0000] {logging_mixin.py:188} INFO - [2025-11-16T00:09:33.185+0000] {dag.py:3096} INFO - Sync 1 DAGs
[2025-11-16T00:09:33.192+0000] {logging_mixin.py:188} INFO - [2025-11-16T00:09:33.192+0000] {dag.py:3954} INFO - Setting next_dagrun for ejemplo_DAG to None, run_after=None
[2025-11-16T00:09:33.203+0000] {processor.py:183} INFO - Processing /opt/airflow/dags/ejemplo1.py took 0.171 seconds
[2025-11-16T00:10:03.292+0000] {processor.py:161} INFO - Started process (PID=180) to work on /opt/airflow/dags/ejemplo1.py
[2025-11-16T00:10:03.293+0000] {processor.py:830} INFO - Processing file /opt/airflow/dags/ejemplo1.py for tasks to queue
[2025-11-16T00:10:03.294+0000] {logging_mixin.py:188} INFO - [2025-11-16T00:10:03.294+0000] {dagbag.py:545} INFO - Filling up the DagBag from /opt/airflow/dags/ejemplo1.py
[2025-11-16T00:10:03.298+0000] {processor.py:840} INFO - DAG(s) 'ejemplo_DAG' retrieved from /opt/airflow/dags/ejemplo1.py
[2025-11-16T00:10:03.315+0000] {logging_mixin.py:188} INFO - [2025-11-16T00:10:03.315+0000] {dag.py:3096} INFO - Sync 1 DAGs
[2025-11-16T00:10:03.322+0000] {logging_mixin.py:188} INFO - [2025-11-16T00:10:03.322+0000] {dag.py:3954} INFO - Setting next_dagrun for ejemplo_DAG to None, run_after=None
[2025-11-16T00:10:03.332+0000] {processor.py:183} INFO - Processing /opt/airflow/dags/ejemplo1.py took 0.043 seconds
[2025-11-16T00:10:33.394+0000] {processor.py:161} INFO - Started process (PID=185) to work on /opt/airflow/dags/ejemplo1.py
[2025-11-16T00:10:33.394+0000] {processor.py:830} INFO - Processing file /opt/airflow/dags/ejemplo1.py for tasks to queue
[2025-11-16T00:10:33.395+0000] {logging_mixin.py:188} INFO - [2025-11-16T00:10:33.395+0000] {dagbag.py:545} INFO - Filling up the DagBag from /opt/airflow/dags/ejemplo1.py
[2025-11-16T00:10:33.400+0000] {processor.py:840} INFO - DAG(s) 'ejemplo_DAG' retrieved from /opt/airflow/dags/ejemplo1.py
[2025-11-16T00:10:33.416+0000] {logging_mixin.py:188} INFO - [2025-11-16T00:10:33.416+0000] {dag.py:3096} INFO - Sync 1 DAGs
[2025-11-16T00:10:33.423+0000] {logging_mixin.py:188} INFO - [2025-11-16T00:10:33.423+0000] {dag.py:3954} INFO - Setting next_dagrun for ejemplo_DAG to None, run_after=None
[2025-11-16T00:10:33.434+0000] {processor.py:183} INFO - Processing /opt/airflow/dags/ejemplo1.py took 0.043 seconds
[2025-11-16T00:11:03.503+0000] {processor.py:161} INFO - Started process (PID=190) to work on /opt/airflow/dags/ejemplo1.py
[2025-11-16T00:11:03.504+0000] {processor.py:830} INFO - Processing file /opt/airflow/dags/ejemplo1.py for tasks to queue
[2025-11-16T00:11:03.505+0000] {logging_mixin.py:188} INFO - [2025-11-16T00:11:03.505+0000] {dagbag.py:545} INFO - Filling up the DagBag from /opt/airflow/dags/ejemplo1.py
[2025-11-16T00:11:03.510+0000] {processor.py:840} INFO - DAG(s) 'ejemplo_DAG' retrieved from /opt/airflow/dags/ejemplo1.py
[2025-11-16T00:11:03.525+0000] {logging_mixin.py:188} INFO - [2025-11-16T00:11:03.525+0000] {dag.py:3096} INFO - Sync 1 DAGs
[2025-11-16T00:11:03.533+0000] {logging_mixin.py:188} INFO - [2025-11-16T00:11:03.533+0000] {dag.py:3954} INFO - Setting next_dagrun for ejemplo_DAG to None, run_after=None
[2025-11-16T00:11:03.543+0000] {processor.py:183} INFO - Processing /opt/airflow/dags/ejemplo1.py took 0.043 seconds
[2025-11-16T00:11:33.607+0000] {processor.py:161} INFO - Started process (PID=195) to work on /opt/airflow/dags/ejemplo1.py
[2025-11-16T00:11:33.608+0000] {processor.py:830} INFO - Processing file /opt/airflow/dags/ejemplo1.py for tasks to queue
[2025-11-16T00:11:33.609+0000] {logging_mixin.py:188} INFO - [2025-11-16T00:11:33.608+0000] {dagbag.py:545} INFO - Filling up the DagBag from /opt/airflow/dags/ejemplo1.py
[2025-11-16T00:11:33.613+0000] {processor.py:840} INFO - DAG(s) 'ejemplo_DAG' retrieved from /opt/airflow/dags/ejemplo1.py
[2025-11-16T00:11:33.630+0000] {logging_mixin.py:188} INFO - [2025-11-16T00:11:33.629+0000] {dag.py:3096} INFO - Sync 1 DAGs
[2025-11-16T00:11:33.637+0000] {logging_mixin.py:188} INFO - [2025-11-16T00:11:33.637+0000] {dag.py:3954} INFO - Setting next_dagrun for ejemplo_DAG to None, run_after=None
[2025-11-16T00:11:33.647+0000] {processor.py:183} INFO - Processing /opt/airflow/dags/ejemplo1.py took 0.043 seconds
[2025-11-16T00:12:03.728+0000] {processor.py:161} INFO - Started process (PID=200) to work on /opt/airflow/dags/ejemplo1.py
[2025-11-16T00:12:03.728+0000] {processor.py:830} INFO - Processing file /opt/airflow/dags/ejemplo1.py for tasks to queue
[2025-11-16T00:12:03.729+0000] {logging_mixin.py:188} INFO - [2025-11-16T00:12:03.729+0000] {dagbag.py:545} INFO - Filling up the DagBag from /opt/airflow/dags/ejemplo1.py
[2025-11-16T00:12:03.734+0000] {processor.py:840} INFO - DAG(s) 'ejemplo_DAG' retrieved from /opt/airflow/dags/ejemplo1.py
[2025-11-16T00:12:03.750+0000] {logging_mixin.py:188} INFO - [2025-11-16T00:12:03.749+0000] {dag.py:3096} INFO - Sync 1 DAGs
[2025-11-16T00:12:03.757+0000] {logging_mixin.py:188} INFO - [2025-11-16T00:12:03.757+0000] {dag.py:3954} INFO - Setting next_dagrun for ejemplo_DAG to None, run_after=None
[2025-11-16T00:12:03.767+0000] {processor.py:183} INFO - Processing /opt/airflow/dags/ejemplo1.py took 0.042 seconds
[2025-11-16T00:12:33.820+0000] {processor.py:161} INFO - Started process (PID=205) to work on /opt/airflow/dags/ejemplo1.py
[2025-11-16T00:12:33.820+0000] {processor.py:830} INFO - Processing file /opt/airflow/dags/ejemplo1.py for tasks to queue
[2025-11-16T00:12:33.821+0000] {logging_mixin.py:188} INFO - [2025-11-16T00:12:33.821+0000] {dagbag.py:545} INFO - Filling up the DagBag from /opt/airflow/dags/ejemplo1.py
[2025-11-16T00:12:33.826+0000] {processor.py:840} INFO - DAG(s) 'ejemplo_DAG' retrieved from /opt/airflow/dags/ejemplo1.py
[2025-11-16T00:12:33.842+0000] {logging_mixin.py:188} INFO - [2025-11-16T00:12:33.842+0000] {dag.py:3096} INFO - Sync 1 DAGs
[2025-11-16T00:12:33.849+0000] {logging_mixin.py:188} INFO - [2025-11-16T00:12:33.849+0000] {dag.py:3954} INFO - Setting next_dagrun for ejemplo_DAG to None, run_after=None
[2025-11-16T00:12:33.861+0000] {processor.py:183} INFO - Processing /opt/airflow/dags/ejemplo1.py took 0.045 seconds
[2025-11-16T00:13:03.938+0000] {processor.py:161} INFO - Started process (PID=213) to work on /opt/airflow/dags/ejemplo1.py
[2025-11-16T00:13:03.938+0000] {processor.py:830} INFO - Processing file /opt/airflow/dags/ejemplo1.py for tasks to queue
[2025-11-16T00:13:03.939+0000] {logging_mixin.py:188} INFO - [2025-11-16T00:13:03.939+0000] {dagbag.py:545} INFO - Filling up the DagBag from /opt/airflow/dags/ejemplo1.py
[2025-11-16T00:13:03.944+0000] {processor.py:840} INFO - DAG(s) 'ejemplo_DAG' retrieved from /opt/airflow/dags/ejemplo1.py
[2025-11-16T00:13:03.962+0000] {logging_mixin.py:188} INFO - [2025-11-16T00:13:03.962+0000] {dag.py:3096} INFO - Sync 1 DAGs
[2025-11-16T00:13:03.972+0000] {logging_mixin.py:188} INFO - [2025-11-16T00:13:03.972+0000] {dag.py:3954} INFO - Setting next_dagrun for ejemplo_DAG to None, run_after=None
[2025-11-16T00:13:03.985+0000] {processor.py:183} INFO - Processing /opt/airflow/dags/ejemplo1.py took 0.051 seconds
[2025-11-16T00:13:34.042+0000] {processor.py:161} INFO - Started process (PID=218) to work on /opt/airflow/dags/ejemplo1.py
[2025-11-16T00:13:34.043+0000] {processor.py:830} INFO - Processing file /opt/airflow/dags/ejemplo1.py for tasks to queue
[2025-11-16T00:13:34.044+0000] {logging_mixin.py:188} INFO - [2025-11-16T00:13:34.043+0000] {dagbag.py:545} INFO - Filling up the DagBag from /opt/airflow/dags/ejemplo1.py
[2025-11-16T00:13:34.049+0000] {processor.py:840} INFO - DAG(s) 'ejemplo_DAG' retrieved from /opt/airflow/dags/ejemplo1.py
[2025-11-16T00:13:34.068+0000] {logging_mixin.py:188} INFO - [2025-11-16T00:13:34.067+0000] {dag.py:3096} INFO - Sync 1 DAGs
[2025-11-16T00:13:34.077+0000] {logging_mixin.py:188} INFO - [2025-11-16T00:13:34.076+0000] {dag.py:3954} INFO - Setting next_dagrun for ejemplo_DAG to None, run_after=None
[2025-11-16T00:13:34.089+0000] {processor.py:183} INFO - Processing /opt/airflow/dags/ejemplo1.py took 0.050 seconds
[2025-11-16T00:14:04.151+0000] {processor.py:161} INFO - Started process (PID=223) to work on /opt/airflow/dags/ejemplo1.py
[2025-11-16T00:14:04.152+0000] {processor.py:830} INFO - Processing file /opt/airflow/dags/ejemplo1.py for tasks to queue
[2025-11-16T00:14:04.153+0000] {logging_mixin.py:188} INFO - [2025-11-16T00:14:04.153+0000] {dagbag.py:545} INFO - Filling up the DagBag from /opt/airflow/dags/ejemplo1.py
[2025-11-16T00:14:04.158+0000] {processor.py:840} INFO - DAG(s) 'ejemplo_DAG' retrieved from /opt/airflow/dags/ejemplo1.py
[2025-11-16T00:14:04.176+0000] {logging_mixin.py:188} INFO - [2025-11-16T00:14:04.175+0000] {dag.py:3096} INFO - Sync 1 DAGs
[2025-11-16T00:14:04.183+0000] {logging_mixin.py:188} INFO - [2025-11-16T00:14:04.183+0000] {dag.py:3954} INFO - Setting next_dagrun for ejemplo_DAG to None, run_after=None
[2025-11-16T00:14:04.196+0000] {processor.py:183} INFO - Processing /opt/airflow/dags/ejemplo1.py took 0.048 seconds
[2025-11-16T00:14:34.262+0000] {processor.py:161} INFO - Started process (PID=228) to work on /opt/airflow/dags/ejemplo1.py
[2025-11-16T00:14:34.262+0000] {processor.py:830} INFO - Processing file /opt/airflow/dags/ejemplo1.py for tasks to queue
[2025-11-16T00:14:34.263+0000] {logging_mixin.py:188} INFO - [2025-11-16T00:14:34.263+0000] {dagbag.py:545} INFO - Filling up the DagBag from /opt/airflow/dags/ejemplo1.py
[2025-11-16T00:14:34.268+0000] {processor.py:840} INFO - DAG(s) 'ejemplo_DAG' retrieved from /opt/airflow/dags/ejemplo1.py
[2025-11-16T00:14:34.284+0000] {logging_mixin.py:188} INFO - [2025-11-16T00:14:34.284+0000] {dag.py:3096} INFO - Sync 1 DAGs
[2025-11-16T00:14:34.292+0000] {logging_mixin.py:188} INFO - [2025-11-16T00:14:34.292+0000] {dag.py:3954} INFO - Setting next_dagrun for ejemplo_DAG to None, run_after=None
[2025-11-16T00:14:34.302+0000] {processor.py:183} INFO - Processing /opt/airflow/dags/ejemplo1.py took 0.043 seconds
[2025-11-16T00:15:04.366+0000] {processor.py:161} INFO - Started process (PID=233) to work on /opt/airflow/dags/ejemplo1.py
[2025-11-16T00:15:04.367+0000] {processor.py:830} INFO - Processing file /opt/airflow/dags/ejemplo1.py for tasks to queue
[2025-11-16T00:15:04.368+0000] {logging_mixin.py:188} INFO - [2025-11-16T00:15:04.368+0000] {dagbag.py:545} INFO - Filling up the DagBag from /opt/airflow/dags/ejemplo1.py
[2025-11-16T00:15:04.373+0000] {processor.py:840} INFO - DAG(s) 'ejemplo_DAG' retrieved from /opt/airflow/dags/ejemplo1.py
[2025-11-16T00:15:04.389+0000] {logging_mixin.py:188} INFO - [2025-11-16T00:15:04.389+0000] {dag.py:3096} INFO - Sync 1 DAGs
[2025-11-16T00:15:04.396+0000] {logging_mixin.py:188} INFO - [2025-11-16T00:15:04.396+0000] {dag.py:3954} INFO - Setting next_dagrun for ejemplo_DAG to None, run_after=None
[2025-11-16T00:15:04.407+0000] {processor.py:183} INFO - Processing /opt/airflow/dags/ejemplo1.py took 0.043 seconds
[2025-11-16T00:15:34.473+0000] {processor.py:161} INFO - Started process (PID=238) to work on /opt/airflow/dags/ejemplo1.py
[2025-11-16T00:15:34.474+0000] {processor.py:830} INFO - Processing file /opt/airflow/dags/ejemplo1.py for tasks to queue
[2025-11-16T00:15:34.475+0000] {logging_mixin.py:188} INFO - [2025-11-16T00:15:34.474+0000] {dagbag.py:545} INFO - Filling up the DagBag from /opt/airflow/dags/ejemplo1.py
[2025-11-16T00:15:34.480+0000] {processor.py:840} INFO - DAG(s) 'ejemplo_DAG' retrieved from /opt/airflow/dags/ejemplo1.py
[2025-11-16T00:15:34.498+0000] {logging_mixin.py:188} INFO - [2025-11-16T00:15:34.498+0000] {dag.py:3096} INFO - Sync 1 DAGs
[2025-11-16T00:15:34.507+0000] {logging_mixin.py:188} INFO - [2025-11-16T00:15:34.507+0000] {dag.py:3954} INFO - Setting next_dagrun for ejemplo_DAG to None, run_after=None
[2025-11-16T00:15:34.518+0000] {processor.py:183} INFO - Processing /opt/airflow/dags/ejemplo1.py took 0.048 seconds
[2025-11-16T00:16:04.573+0000] {processor.py:161} INFO - Started process (PID=243) to work on /opt/airflow/dags/ejemplo1.py
[2025-11-16T00:16:04.574+0000] {processor.py:830} INFO - Processing file /opt/airflow/dags/ejemplo1.py for tasks to queue
[2025-11-16T00:16:04.575+0000] {logging_mixin.py:188} INFO - [2025-11-16T00:16:04.575+0000] {dagbag.py:545} INFO - Filling up the DagBag from /opt/airflow/dags/ejemplo1.py
[2025-11-16T00:16:04.580+0000] {processor.py:840} INFO - DAG(s) 'ejemplo_DAG' retrieved from /opt/airflow/dags/ejemplo1.py
[2025-11-16T00:16:04.596+0000] {logging_mixin.py:188} INFO - [2025-11-16T00:16:04.596+0000] {dag.py:3096} INFO - Sync 1 DAGs
[2025-11-16T00:16:04.604+0000] {logging_mixin.py:188} INFO - [2025-11-16T00:16:04.603+0000] {dag.py:3954} INFO - Setting next_dagrun for ejemplo_DAG to None, run_after=None
[2025-11-16T00:16:04.613+0000] {processor.py:183} INFO - Processing /opt/airflow/dags/ejemplo1.py took 0.043 seconds
[2025-11-16T00:16:34.692+0000] {processor.py:161} INFO - Started process (PID=248) to work on /opt/airflow/dags/ejemplo1.py
[2025-11-16T00:16:34.692+0000] {processor.py:830} INFO - Processing file /opt/airflow/dags/ejemplo1.py for tasks to queue
[2025-11-16T00:16:34.693+0000] {logging_mixin.py:188} INFO - [2025-11-16T00:16:34.693+0000] {dagbag.py:545} INFO - Filling up the DagBag from /opt/airflow/dags/ejemplo1.py
[2025-11-16T00:16:34.698+0000] {processor.py:840} INFO - DAG(s) 'ejemplo_DAG' retrieved from /opt/airflow/dags/ejemplo1.py
[2025-11-16T00:16:34.713+0000] {logging_mixin.py:188} INFO - [2025-11-16T00:16:34.713+0000] {dag.py:3096} INFO - Sync 1 DAGs
[2025-11-16T00:16:34.720+0000] {logging_mixin.py:188} INFO - [2025-11-16T00:16:34.720+0000] {dag.py:3954} INFO - Setting next_dagrun for ejemplo_DAG to None, run_after=None
[2025-11-16T00:16:34.730+0000] {processor.py:183} INFO - Processing /opt/airflow/dags/ejemplo1.py took 0.041 seconds
[2025-11-16T00:17:04.801+0000] {processor.py:161} INFO - Started process (PID=253) to work on /opt/airflow/dags/ejemplo1.py
[2025-11-16T00:17:04.802+0000] {processor.py:830} INFO - Processing file /opt/airflow/dags/ejemplo1.py for tasks to queue
[2025-11-16T00:17:04.803+0000] {logging_mixin.py:188} INFO - [2025-11-16T00:17:04.803+0000] {dagbag.py:545} INFO - Filling up the DagBag from /opt/airflow/dags/ejemplo1.py
[2025-11-16T00:17:04.808+0000] {processor.py:840} INFO - DAG(s) 'ejemplo_DAG' retrieved from /opt/airflow/dags/ejemplo1.py
[2025-11-16T00:17:04.824+0000] {logging_mixin.py:188} INFO - [2025-11-16T00:17:04.823+0000] {dag.py:3096} INFO - Sync 1 DAGs
[2025-11-16T00:17:04.831+0000] {logging_mixin.py:188} INFO - [2025-11-16T00:17:04.831+0000] {dag.py:3954} INFO - Setting next_dagrun for ejemplo_DAG to None, run_after=None
[2025-11-16T00:17:04.842+0000] {processor.py:183} INFO - Processing /opt/airflow/dags/ejemplo1.py took 0.043 seconds
[2025-11-16T00:17:34.915+0000] {processor.py:161} INFO - Started process (PID=258) to work on /opt/airflow/dags/ejemplo1.py
[2025-11-16T00:17:34.916+0000] {processor.py:830} INFO - Processing file /opt/airflow/dags/ejemplo1.py for tasks to queue
[2025-11-16T00:17:34.916+0000] {logging_mixin.py:188} INFO - [2025-11-16T00:17:34.916+0000] {dagbag.py:545} INFO - Filling up the DagBag from /opt/airflow/dags/ejemplo1.py
[2025-11-16T00:17:34.921+0000] {processor.py:840} INFO - DAG(s) 'ejemplo_DAG' retrieved from /opt/airflow/dags/ejemplo1.py
[2025-11-16T00:17:34.937+0000] {logging_mixin.py:188} INFO - [2025-11-16T00:17:34.937+0000] {dag.py:3096} INFO - Sync 1 DAGs
[2025-11-16T00:17:34.945+0000] {logging_mixin.py:188} INFO - [2025-11-16T00:17:34.944+0000] {dag.py:3954} INFO - Setting next_dagrun for ejemplo_DAG to None, run_after=None
[2025-11-16T00:17:34.955+0000] {processor.py:183} INFO - Processing /opt/airflow/dags/ejemplo1.py took 0.042 seconds
[2025-11-16T00:18:05.026+0000] {processor.py:161} INFO - Started process (PID=263) to work on /opt/airflow/dags/ejemplo1.py
[2025-11-16T00:18:05.026+0000] {processor.py:830} INFO - Processing file /opt/airflow/dags/ejemplo1.py for tasks to queue
[2025-11-16T00:18:05.027+0000] {logging_mixin.py:188} INFO - [2025-11-16T00:18:05.027+0000] {dagbag.py:545} INFO - Filling up the DagBag from /opt/airflow/dags/ejemplo1.py
[2025-11-16T00:18:05.032+0000] {processor.py:840} INFO - DAG(s) 'ejemplo_DAG' retrieved from /opt/airflow/dags/ejemplo1.py
[2025-11-16T00:18:05.048+0000] {logging_mixin.py:188} INFO - [2025-11-16T00:18:05.048+0000] {dag.py:3096} INFO - Sync 1 DAGs
[2025-11-16T00:18:05.056+0000] {logging_mixin.py:188} INFO - [2025-11-16T00:18:05.056+0000] {dag.py:3954} INFO - Setting next_dagrun for ejemplo_DAG to None, run_after=None
[2025-11-16T00:18:05.066+0000] {processor.py:183} INFO - Processing /opt/airflow/dags/ejemplo1.py took 0.043 seconds
[2025-11-16T00:18:35.131+0000] {processor.py:161} INFO - Started process (PID=268) to work on /opt/airflow/dags/ejemplo1.py
[2025-11-16T00:18:35.132+0000] {processor.py:830} INFO - Processing file /opt/airflow/dags/ejemplo1.py for tasks to queue
[2025-11-16T00:18:35.134+0000] {logging_mixin.py:188} INFO - [2025-11-16T00:18:35.134+0000] {dagbag.py:545} INFO - Filling up the DagBag from /opt/airflow/dags/ejemplo1.py
[2025-11-16T00:18:35.142+0000] {processor.py:840} INFO - DAG(s) 'ejemplo_DAG' retrieved from /opt/airflow/dags/ejemplo1.py
[2025-11-16T00:18:35.161+0000] {logging_mixin.py:188} INFO - [2025-11-16T00:18:35.160+0000] {dag.py:3096} INFO - Sync 1 DAGs
[2025-11-16T00:18:35.170+0000] {logging_mixin.py:188} INFO - [2025-11-16T00:18:35.169+0000] {dag.py:3954} INFO - Setting next_dagrun for ejemplo_DAG to None, run_after=None
[2025-11-16T00:18:35.180+0000] {processor.py:183} INFO - Processing /opt/airflow/dags/ejemplo1.py took 0.054 seconds
[2025-11-16T00:19:05.229+0000] {processor.py:161} INFO - Started process (PID=273) to work on /opt/airflow/dags/ejemplo1.py
[2025-11-16T00:19:05.230+0000] {processor.py:830} INFO - Processing file /opt/airflow/dags/ejemplo1.py for tasks to queue
[2025-11-16T00:19:05.231+0000] {logging_mixin.py:188} INFO - [2025-11-16T00:19:05.231+0000] {dagbag.py:545} INFO - Filling up the DagBag from /opt/airflow/dags/ejemplo1.py
[2025-11-16T00:19:05.236+0000] {processor.py:840} INFO - DAG(s) 'ejemplo_DAG' retrieved from /opt/airflow/dags/ejemplo1.py
[2025-11-16T00:19:05.251+0000] {logging_mixin.py:188} INFO - [2025-11-16T00:19:05.251+0000] {dag.py:3096} INFO - Sync 1 DAGs
[2025-11-16T00:19:05.259+0000] {logging_mixin.py:188} INFO - [2025-11-16T00:19:05.259+0000] {dag.py:3954} INFO - Setting next_dagrun for ejemplo_DAG to None, run_after=None
[2025-11-16T00:19:05.270+0000] {processor.py:183} INFO - Processing /opt/airflow/dags/ejemplo1.py took 0.043 seconds
[2025-11-16T00:19:35.353+0000] {processor.py:161} INFO - Started process (PID=278) to work on /opt/airflow/dags/ejemplo1.py
[2025-11-16T00:19:35.353+0000] {processor.py:830} INFO - Processing file /opt/airflow/dags/ejemplo1.py for tasks to queue
[2025-11-16T00:19:35.354+0000] {logging_mixin.py:188} INFO - [2025-11-16T00:19:35.354+0000] {dagbag.py:545} INFO - Filling up the DagBag from /opt/airflow/dags/ejemplo1.py
[2025-11-16T00:19:35.359+0000] {processor.py:840} INFO - DAG(s) 'ejemplo_DAG' retrieved from /opt/airflow/dags/ejemplo1.py
[2025-11-16T00:19:35.375+0000] {logging_mixin.py:188} INFO - [2025-11-16T00:19:35.375+0000] {dag.py:3096} INFO - Sync 1 DAGs
[2025-11-16T00:19:35.382+0000] {logging_mixin.py:188} INFO - [2025-11-16T00:19:35.382+0000] {dag.py:3954} INFO - Setting next_dagrun for ejemplo_DAG to None, run_after=None
[2025-11-16T00:19:35.393+0000] {processor.py:183} INFO - Processing /opt/airflow/dags/ejemplo1.py took 0.044 seconds
[2025-11-16T00:20:05.449+0000] {processor.py:161} INFO - Started process (PID=283) to work on /opt/airflow/dags/ejemplo1.py
[2025-11-16T00:20:05.450+0000] {processor.py:830} INFO - Processing file /opt/airflow/dags/ejemplo1.py for tasks to queue
[2025-11-16T00:20:05.451+0000] {logging_mixin.py:188} INFO - [2025-11-16T00:20:05.451+0000] {dagbag.py:545} INFO - Filling up the DagBag from /opt/airflow/dags/ejemplo1.py
[2025-11-16T00:20:05.456+0000] {processor.py:840} INFO - DAG(s) 'ejemplo_DAG' retrieved from /opt/airflow/dags/ejemplo1.py
[2025-11-16T00:20:05.473+0000] {logging_mixin.py:188} INFO - [2025-11-16T00:20:05.472+0000] {dag.py:3096} INFO - Sync 1 DAGs
[2025-11-16T00:20:05.480+0000] {logging_mixin.py:188} INFO - [2025-11-16T00:20:05.480+0000] {dag.py:3954} INFO - Setting next_dagrun for ejemplo_DAG to None, run_after=None
[2025-11-16T00:20:05.490+0000] {processor.py:183} INFO - Processing /opt/airflow/dags/ejemplo1.py took 0.044 seconds
[2025-11-16T00:20:35.563+0000] {processor.py:161} INFO - Started process (PID=288) to work on /opt/airflow/dags/ejemplo1.py
[2025-11-16T00:20:35.563+0000] {processor.py:830} INFO - Processing file /opt/airflow/dags/ejemplo1.py for tasks to queue
[2025-11-16T00:20:35.564+0000] {logging_mixin.py:188} INFO - [2025-11-16T00:20:35.564+0000] {dagbag.py:545} INFO - Filling up the DagBag from /opt/airflow/dags/ejemplo1.py
[2025-11-16T00:20:35.569+0000] {processor.py:840} INFO - DAG(s) 'ejemplo_DAG' retrieved from /opt/airflow/dags/ejemplo1.py
[2025-11-16T00:20:35.586+0000] {logging_mixin.py:188} INFO - [2025-11-16T00:20:35.585+0000] {dag.py:3096} INFO - Sync 1 DAGs
[2025-11-16T00:20:35.593+0000] {logging_mixin.py:188} INFO - [2025-11-16T00:20:35.593+0000] {dag.py:3954} INFO - Setting next_dagrun for ejemplo_DAG to None, run_after=None
[2025-11-16T00:20:35.604+0000] {processor.py:183} INFO - Processing /opt/airflow/dags/ejemplo1.py took 0.044 seconds
[2025-11-16T00:21:05.656+0000] {processor.py:161} INFO - Started process (PID=293) to work on /opt/airflow/dags/ejemplo1.py
[2025-11-16T00:21:05.656+0000] {processor.py:830} INFO - Processing file /opt/airflow/dags/ejemplo1.py for tasks to queue
[2025-11-16T00:21:05.657+0000] {logging_mixin.py:188} INFO - [2025-11-16T00:21:05.657+0000] {dagbag.py:545} INFO - Filling up the DagBag from /opt/airflow/dags/ejemplo1.py
[2025-11-16T00:21:05.663+0000] {processor.py:840} INFO - DAG(s) 'ejemplo_DAG' retrieved from /opt/airflow/dags/ejemplo1.py
[2025-11-16T00:21:05.680+0000] {logging_mixin.py:188} INFO - [2025-11-16T00:21:05.680+0000] {dag.py:3096} INFO - Sync 1 DAGs
[2025-11-16T00:21:05.687+0000] {logging_mixin.py:188} INFO - [2025-11-16T00:21:05.687+0000] {dag.py:3954} INFO - Setting next_dagrun for ejemplo_DAG to None, run_after=None
[2025-11-16T00:21:05.697+0000] {processor.py:183} INFO - Processing /opt/airflow/dags/ejemplo1.py took 0.045 seconds
[2025-11-16T00:21:35.775+0000] {processor.py:161} INFO - Started process (PID=298) to work on /opt/airflow/dags/ejemplo1.py
[2025-11-16T00:21:35.775+0000] {processor.py:830} INFO - Processing file /opt/airflow/dags/ejemplo1.py for tasks to queue
[2025-11-16T00:21:35.776+0000] {logging_mixin.py:188} INFO - [2025-11-16T00:21:35.776+0000] {dagbag.py:545} INFO - Filling up the DagBag from /opt/airflow/dags/ejemplo1.py
[2025-11-16T00:21:35.781+0000] {processor.py:840} INFO - DAG(s) 'ejemplo_DAG' retrieved from /opt/airflow/dags/ejemplo1.py
[2025-11-16T00:21:35.799+0000] {logging_mixin.py:188} INFO - [2025-11-16T00:21:35.799+0000] {dag.py:3096} INFO - Sync 1 DAGs
[2025-11-16T00:21:35.812+0000] {logging_mixin.py:188} INFO - [2025-11-16T00:21:35.812+0000] {dag.py:3954} INFO - Setting next_dagrun for ejemplo_DAG to None, run_after=None
[2025-11-16T00:21:35.826+0000] {processor.py:183} INFO - Processing /opt/airflow/dags/ejemplo1.py took 0.054 seconds
[2025-11-16T00:22:05.867+0000] {processor.py:161} INFO - Started process (PID=303) to work on /opt/airflow/dags/ejemplo1.py
[2025-11-16T00:22:05.868+0000] {processor.py:830} INFO - Processing file /opt/airflow/dags/ejemplo1.py for tasks to queue
[2025-11-16T00:22:05.869+0000] {logging_mixin.py:188} INFO - [2025-11-16T00:22:05.869+0000] {dagbag.py:545} INFO - Filling up the DagBag from /opt/airflow/dags/ejemplo1.py
[2025-11-16T00:22:05.875+0000] {processor.py:840} INFO - DAG(s) 'ejemplo_DAG' retrieved from /opt/airflow/dags/ejemplo1.py
[2025-11-16T00:22:05.893+0000] {logging_mixin.py:188} INFO - [2025-11-16T00:22:05.892+0000] {dag.py:3096} INFO - Sync 1 DAGs
[2025-11-16T00:22:05.901+0000] {logging_mixin.py:188} INFO - [2025-11-16T00:22:05.901+0000] {dag.py:3954} INFO - Setting next_dagrun for ejemplo_DAG to None, run_after=None
[2025-11-16T00:22:05.912+0000] {processor.py:183} INFO - Processing /opt/airflow/dags/ejemplo1.py took 0.049 seconds
[2025-11-16T00:22:35.992+0000] {processor.py:161} INFO - Started process (PID=308) to work on /opt/airflow/dags/ejemplo1.py
[2025-11-16T00:22:35.993+0000] {processor.py:830} INFO - Processing file /opt/airflow/dags/ejemplo1.py for tasks to queue
[2025-11-16T00:22:35.994+0000] {logging_mixin.py:188} INFO - [2025-11-16T00:22:35.994+0000] {dagbag.py:545} INFO - Filling up the DagBag from /opt/airflow/dags/ejemplo1.py
[2025-11-16T00:22:35.999+0000] {processor.py:840} INFO - DAG(s) 'ejemplo_DAG' retrieved from /opt/airflow/dags/ejemplo1.py
[2025-11-16T00:22:36.016+0000] {logging_mixin.py:188} INFO - [2025-11-16T00:22:36.016+0000] {dag.py:3096} INFO - Sync 1 DAGs
[2025-11-16T00:22:36.024+0000] {logging_mixin.py:188} INFO - [2025-11-16T00:22:36.023+0000] {dag.py:3954} INFO - Setting next_dagrun for ejemplo_DAG to None, run_after=None
[2025-11-16T00:22:36.034+0000] {processor.py:183} INFO - Processing /opt/airflow/dags/ejemplo1.py took 0.044 seconds
[2025-11-16T00:23:06.102+0000] {processor.py:161} INFO - Started process (PID=313) to work on /opt/airflow/dags/ejemplo1.py
[2025-11-16T00:23:06.102+0000] {processor.py:830} INFO - Processing file /opt/airflow/dags/ejemplo1.py for tasks to queue
[2025-11-16T00:23:06.103+0000] {logging_mixin.py:188} INFO - [2025-11-16T00:23:06.103+0000] {dagbag.py:545} INFO - Filling up the DagBag from /opt/airflow/dags/ejemplo1.py
[2025-11-16T00:23:06.108+0000] {processor.py:840} INFO - DAG(s) 'ejemplo_DAG' retrieved from /opt/airflow/dags/ejemplo1.py
[2025-11-16T00:23:06.125+0000] {logging_mixin.py:188} INFO - [2025-11-16T00:23:06.125+0000] {dag.py:3096} INFO - Sync 1 DAGs
[2025-11-16T00:23:06.132+0000] {logging_mixin.py:188} INFO - [2025-11-16T00:23:06.132+0000] {dag.py:3954} INFO - Setting next_dagrun for ejemplo_DAG to None, run_after=None
[2025-11-16T00:23:06.143+0000] {processor.py:183} INFO - Processing /opt/airflow/dags/ejemplo1.py took 0.046 seconds
[2025-11-16T00:23:36.215+0000] {processor.py:161} INFO - Started process (PID=318) to work on /opt/airflow/dags/ejemplo1.py
[2025-11-16T00:23:36.215+0000] {processor.py:830} INFO - Processing file /opt/airflow/dags/ejemplo1.py for tasks to queue
[2025-11-16T00:23:36.216+0000] {logging_mixin.py:188} INFO - [2025-11-16T00:23:36.216+0000] {dagbag.py:545} INFO - Filling up the DagBag from /opt/airflow/dags/ejemplo1.py
[2025-11-16T00:23:36.221+0000] {processor.py:840} INFO - DAG(s) 'ejemplo_DAG' retrieved from /opt/airflow/dags/ejemplo1.py
[2025-11-16T00:23:36.236+0000] {logging_mixin.py:188} INFO - [2025-11-16T00:23:36.236+0000] {dag.py:3096} INFO - Sync 1 DAGs
[2025-11-16T00:23:36.244+0000] {logging_mixin.py:188} INFO - [2025-11-16T00:23:36.244+0000] {dag.py:3954} INFO - Setting next_dagrun for ejemplo_DAG to None, run_after=None
[2025-11-16T00:23:36.254+0000] {processor.py:183} INFO - Processing /opt/airflow/dags/ejemplo1.py took 0.042 seconds
